Log file open, 06/21/23 23:41:28
LogWindows: Failed to load 'aqProf.dll' (GetLastError=126)
LogWindows: File 'aqProf.dll' does not exist
LogWindows: Failed to load 'VSPerf140.dll' (GetLastError=126)
LogWindows: File 'VSPerf140.dll' does not exist
LogWindows: Failed to load 'VtuneApi.dll' (GetLastError=126)
LogWindows: File 'VtuneApi.dll' does not exist
LogWindows: Failed to load 'VtuneApi32e.dll' (GetLastError=126)
LogWindows: File 'VtuneApi32e.dll' does not exist
LogInit: Display: Running engine for game: DrAward
LogPlatformFile: Not using cached read wrapper
LogInit: Display: RandInit(1345699559) SRandInit(1345699559).
LogTaskGraph: Started task graph with 5 named threads and 38 total threads with 3 sets of task threads.
LogStats: Stats thread started at 0.406970
LogD3D11RHI: Aftermath initialized
LogPluginManager: Mounting plugin Paper2D
LogPluginManager: Mounting plugin LightPropagationVolume
LogPluginManager: Mounting plugin CodeLiteSourceCodeAccess
LogPluginManager: Mounting plugin GitSourceControl
LogPluginManager: Mounting plugin KDevelopSourceCodeAccess
LogPluginManager: Mounting plugin NullSourceCodeAccess
LogPluginManager: Mounting plugin PerforceSourceControl
LogPluginManager: Mounting plugin SubversionSourceControl
LogPluginManager: Mounting plugin UObjectPlugin
LogPluginManager: Mounting plugin VisualStudioSourceCodeAccess
LogPluginManager: Mounting plugin XCodeSourceCodeAccess
LogPluginManager: Mounting plugin AssetManagerEditor
LogPluginManager: Mounting plugin AudioCapture
LogPluginManager: Mounting plugin FacialAnimation
LogPluginManager: Mounting plugin GameplayTagsEditor
LogPluginManager: Mounting plugin MobileLauncherProfileWizard
LogPluginManager: Mounting plugin PluginBrowser
LogPluginManager: Mounting plugin SpeedTreeImporter
LogPluginManager: Mounting plugin AlembicImporter
LogPluginManager: Mounting plugin CharacterAI
LogPluginManager: Mounting plugin HTML5Networking
LogPluginManager: Mounting plugin AndroidMedia
LogPluginManager: Mounting plugin AvfMedia
LogPluginManager: Mounting plugin MediaPlayerEditor
LogPluginManager: Mounting plugin WmfMedia
LogPluginManager: Mounting plugin TcpMessaging
LogPluginManager: Mounting plugin UdpMessaging
LogPluginManager: Mounting plugin LevelSequenceEditor
LogPluginManager: Mounting plugin MatineeToLevelSequence
LogPluginManager: Mounting plugin OnlineSubsystemGooglePlay
LogPluginManager: Mounting plugin OnlineSubsystemIOS
LogPluginManager: Mounting plugin OnlineSubsystem
LogPluginManager: Mounting plugin OnlineSubsystemNull
LogPluginManager: Mounting plugin OnlineSubsystemUtils
LogPluginManager: Mounting plugin AndroidDeviceProfileSelector
LogPluginManager: Mounting plugin AndroidMoviePlayer
LogPluginManager: Mounting plugin AndroidPermission
LogPluginManager: Mounting plugin AppleMoviePlayer
LogPluginManager: Mounting plugin ArchVisCharacter
LogPluginManager: Mounting plugin CableComponent
LogPluginManager: Mounting plugin CustomMeshComponent
LogPluginManager: Mounting plugin ExampleDeviceProfileSelector
LogPluginManager: Mounting plugin GoogleCloudMessaging
LogPluginManager: Mounting plugin ImmediatePhysics
LogPluginManager: Mounting plugin IOSDeviceProfileSelector
LogPluginManager: Mounting plugin LinuxDeviceProfileSelector
LogPluginManager: Mounting plugin LocationServicesBPLibrary
LogPluginManager: Mounting plugin MobilePatchingUtils
LogPluginManager: Mounting plugin OculusVR
LogPluginManager: Mounting plugin PhysXVehicles
LogPluginManager: Mounting plugin ProceduralMeshComponent
LogPluginManager: Mounting plugin RuntimePhysXCooking
LogPluginManager: Mounting plugin SteamVR
LogPluginManager: Mounting plugin WindowsMoviePlayer
LogInit: Using libcurl 7.47.1
LogInit:  - built for x86_64-pc-win32
LogInit:  - supports SSL with OpenSSL/1.0.2g
LogInit:  - supports HTTP deflate (compression) using libz 1.2.8
LogInit:  - other features:
LogInit:      CURL_VERSION_SSL
LogInit:      CURL_VERSION_LIBZ
LogInit:      CURL_VERSION_IPV6
LogInit:      CURL_VERSION_ASYNCHDNS
LogInit:      CURL_VERSION_LARGEFILE
LogInit:      CURL_VERSION_IDN
LogInit:  CurlRequestOptions (configurable via config and command line):
LogInit:  - bVerifyPeer = false  - Libcurl will NOT verify peer certificate
LogInit:  - bUseHttpProxy = false  - Libcurl will NOT use HTTP proxy
LogInit:  - bDontReuseConnections = false  - Libcurl will reuse connections
LogInit:  - CertBundlePath = nullptr  - Libcurl will use whatever was configured at build time.
LogInit: Build: ++UE4+Release-4.17-CL-3658906
LogInit: Engine Version: 4.17.2-3658906+++UE4+Release-4.17
LogInit: Compatible Engine Version: 4.17.0-3573198+++UE4+Release-4.17
LogInit: Net CL: 3573198
LogDevObjectVersion: Number of dev versions registered: 16
LogDevObjectVersion:   Dev-Blueprints (B0D832E4-1F89-4F0D-ACCF-7EB736FD4AA2): 10
LogDevObjectVersion:   Dev-Build (E1C64328-A22C-4D53-A36C-8E866417BD8C): 0
LogDevObjectVersion:   Dev-Core (375EC13C-06E4-48FB-B500-84F0262A717E): 2
LogDevObjectVersion:   Dev-Editor (E4B068ED-F494-42E9-A231-DA0B2E46BB41): 20
LogDevObjectVersion:   Dev-Framework (CFFC743F-43B0-4480-9391-14DF171D2073): 28
LogDevObjectVersion:   Dev-Mobile (B02B49B5-BB20-44E9-A304-32B752E40360): 0
LogDevObjectVersion:   Dev-Networking (A4E4105C-59A1-49B5-A7C5-40C4547EDFEE): 0
LogDevObjectVersion:   Dev-Online (39C831C9-5AE6-47DC-9A44-9C173E1C8E7C): 0
LogDevObjectVersion:   Dev-Physics (78F01B33-EBEA-4F98-B9B4-84EACCB95AA2): 0
LogDevObjectVersion:   Dev-Platform (6631380F-2D4D-43E0-8009-CF276956A95A): 0
LogDevObjectVersion:   Dev-Rendering (12F88B9F-8875-4AFC-A67C-D90C383ABD29): 19
LogDevObjectVersion:   Dev-Sequencer (7B5AE74C-D270-4C10-A958-57980B212A5A): 4
LogDevObjectVersion:   Dev-VR (D7296918-1DD6-4BDD-9DE2-64A83CC13884): 0
LogDevObjectVersion:   Dev-LoadTimes (C2A15278-BFE7-4AFE-6C17-90FF531DF755): 1
LogDevObjectVersion:   Private-Geometry (6EACA3D4-40EC-4CC1-B786-8BED09428FC5): 1
LogDevObjectVersion:   Dev-AnimPhys (29E575DD-E0A3-4627-9D10-D276232CDCEA): 7
LogInit: Compiled (64-bit): Sep 22 2017 13:47:16
LogInit: Compiled with Visual C++: 19.00.24215.01
LogInit: Build Configuration: Development
LogInit: Branch Name: ++UE4+Release-4.17
LogInit: Command line: -EpicPortal  -epicusername="tebuQro" -epicuserid=214ead9e2a1144a9935949a664756766 -epiclocale=ja -epicsandboxid=ue
LogInit: Base directory: D:/Program Files/Epic Games/UE_4.17/Engine/Binaries/Win64/
LogInit: Installed Engine Build: 1
LogInit: Presizing for max 8388607 objects, including 0 objects not considered by GC, pre-allocating 0 bytes for permanent pool.
LogInit: Object subsystem initialized
[2023.06.21-14.41.28:967][  0]LogInit: Selected Device Profile: [Windows]
[2023.06.21-14.41.28:967][  0]LogInit: Applying CVar settings loaded from the selected device profile: [Windows]
[2023.06.21-14.41.28:976][  0]LogInit: Computer: DESKTOP-DFBAQQ3
[2023.06.21-14.41.28:976][  0]LogInit: User: 81901
[2023.06.21-14.41.28:976][  0]LogInit: CPU Page size=4096, Cores=12
[2023.06.21-14.41.28:976][  0]LogInit: High frequency timer resolution =10.000000 MHz
[2023.06.21-14.41.28:976][  0]LogMemory: Memory total: Physical=31.9GB (32GB approx)
[2023.06.21-14.41.28:976][  0]LogMemory: Platform Memory Stats for Windows
[2023.06.21-14.41.28:976][  0]LogMemory: Process Physical Memory: 286.37 MB used, 286.37 MB peak
[2023.06.21-14.41.28:976][  0]LogMemory: Process Virtual Memory: 282.25 MB used, 282.25 MB peak
[2023.06.21-14.41.28:976][  0]LogMemory: Physical Memory: 12055.88 MB used,  20638.03 MB free, 32693.90 MB total
[2023.06.21-14.41.28:976][  0]LogMemory: Virtual Memory: 4814.29 MB used,  20638.03 MB free, 134217728.00 MB total
[2023.06.21-14.41.29:120][  0]LogInit: Using OS detected language (ja-JP).
[2023.06.21-14.41.29:121][  0]LogInit: Using OS detected locale (ja-JP).
[2023.06.21-14.41.29:123][  0]LogTextLocalizationManager: No specific localization for 'ja-JP' exists, so the 'ja' localization will be used.
[2023.06.21-14.41.29:505][  0]LogD3D11RHI: D3D11 adapters:
[2023.06.21-14.41.29:645][  0]LogD3D11RHI:    0. 'NVIDIA GeForce RTX 3070' (Feature Level 11_0)
[2023.06.21-14.41.29:645][  0]LogD3D11RHI:       8031/0/16346 MB DedicatedVideo/DedicatedSystem/SharedSystem, Outputs:2, VendorId:0x10de
[2023.06.21-14.41.29:648][  0]LogD3D11RHI:    1. 'Microsoft Basic Render Driver' (Feature Level 11_0)
[2023.06.21-14.41.29:648][  0]LogD3D11RHI:       0/0/16346 MB DedicatedVideo/DedicatedSystem/SharedSystem, Outputs:0, VendorId:0x1414
[2023.06.21-14.41.29:648][  0]LogD3D11RHI: Chosen D3D11 Adapter: 0
[2023.06.21-14.41.29:654][  0]LogD3D11RHI: Creating new Direct3DDevice
[2023.06.21-14.41.29:654][  0]LogD3D11RHI:     GPU DeviceId: 0x2484 (for the marketing name, search the web for "GPU Device Id")
[2023.06.21-14.41.29:654][  0]LogWindows: EnumDisplayDevices:
[2023.06.21-14.41.29:654][  0]LogWindows:    0. 'NVIDIA GeForce RTX 3070' (P:1 D:1)
[2023.06.21-14.41.29:654][  0]LogWindows:    1. 'NVIDIA GeForce RTX 3070' (P:0 D:1)
[2023.06.21-14.41.29:655][  0]LogWindows:    2. 'NVIDIA GeForce RTX 3070' (P:0 D:0)
[2023.06.21-14.41.29:655][  0]LogWindows:    3. 'NVIDIA GeForce RTX 3070' (P:0 D:0)
[2023.06.21-14.41.29:655][  0]LogWindows: DebugString: GetVideoDriverDetailsInvalid PrimaryIsNotTheChoosenAdapter GetVideoDriverDetailsInvalid PrimaryIsNotTheChoosenAdapter GetVideoDriverDetailsInvalid PrimaryIsNotTheChoosenAdapter GetVideoDriverDetailsInvalid PrimaryIsNotTheChoosenAdapter FoundDriverCount:0 
[2023.06.21-14.41.29:655][  0]LogD3D11RHI:     Adapter Name: NVIDIA GeForce RTX 3070
[2023.06.21-14.41.29:655][  0]LogD3D11RHI:   Driver Version: Unknown (internal:Unknown, unified:Unknown)
[2023.06.21-14.41.29:655][  0]LogD3D11RHI:      Driver Date: Unknown
[2023.06.21-14.41.29:655][  0]LogRHI: Texture pool is 1361 MB (70% of 1945 MB)
[2023.06.21-14.41.29:735][  0]LogD3D11RHI: Async texture creation enabled
[2023.06.21-14.41.29:755][  0]LogD3D11RHI: GPU Timing Frequency: 1000.000000 (Debug: 2 2)
[2023.06.21-14.41.29:758][  0]LogD3D11RHI: HDR output is supported on display 1 (NvId: 0x80061080).
[2023.06.21-14.41.29:758][  0]LogShaderCompilers: Guid format shader working directory is 6 characters bigger than the processId version (../../../../../../UnrealProjects/DrAward/Intermediate/Shaders/WorkingDirectory/7620/).
[2023.06.21-14.41.29:759][  0]LogShaderCompilers: Cleaned the shader compiler working directory 'C:/Users/81901/AppData/Local/Temp/UnrealShaderWorkingDir/537EB20B444745831DD8E683D86740DB/'.
[2023.06.21-14.41.29:759][  0]LogShaderCompilers: Display: Using Local Shader Compiler.
[2023.06.21-14.41.30:606][  0]LogTemp: Display: Loaded TP AllDesktopTargetPlatform
[2023.06.21-14.41.30:643][  0]LogTemp: Display: Loaded TP MacClientTargetPlatform
[2023.06.21-14.41.30:679][  0]LogTemp: Display: Loaded TP MacNoEditorTargetPlatform
[2023.06.21-14.41.30:716][  0]LogTemp: Display: Loaded TP MacServerTargetPlatform
[2023.06.21-14.41.30:754][  0]LogTemp: Display: Loaded TP MacTargetPlatform
[2023.06.21-14.41.30:791][  0]LogTemp: Display: Loaded TP WindowsClientTargetPlatform
[2023.06.21-14.41.30:829][  0]LogTemp: Display: Loaded TP WindowsNoEditorTargetPlatform
[2023.06.21-14.41.30:866][  0]LogTemp: Display: Loaded TP WindowsServerTargetPlatform
[2023.06.21-14.41.30:898][  0]LogTemp: Display: Loaded TP WindowsTargetPlatform
[2023.06.21-14.41.30:935][  0]LogTemp: Display: Loaded TP AndroidTargetPlatform
[2023.06.21-14.41.30:973][  0]LogTemp: Display: Loaded TP Android_ASTCTargetPlatform
[2023.06.21-14.41.31:012][  0]LogTemp: Display: Loaded TP Android_ATCTargetPlatform
[2023.06.21-14.41.31:049][  0]LogTemp: Display: Loaded TP Android_DXTTargetPlatform
[2023.06.21-14.41.31:085][  0]LogTemp: Display: Loaded TP Android_ETC1TargetPlatform
[2023.06.21-14.41.31:121][  0]LogTemp: Display: Loaded TP Android_ETC2TargetPlatform
[2023.06.21-14.41.31:195][  0]LogTemp: Display: Loaded TP Android_MultiTargetPlatform
[2023.06.21-14.41.31:195][  0]LogTemp: Display: Loaded TP Android_PVRTCTargetPlatform
[2023.06.21-14.41.31:223][  0]LogTemp: Display: Loaded TP HTML5TargetPlatform
[2023.06.21-14.41.31:297][  0]LogTemp: Display: Loaded TP IOSTargetPlatform
[2023.06.21-14.41.31:321][  0]LogTemp: Display: Loaded TP TVOSTargetPlatform
[2023.06.21-14.41.31:360][  0]LogTemp: Display: Loaded TP LinuxClientTargetPlatform
[2023.06.21-14.41.31:397][  0]LogTemp: Display: Loaded TP LinuxNoEditorTargetPlatform
[2023.06.21-14.41.31:434][  0]LogTemp: Display: Loaded TP LinuxServerTargetPlatform
[2023.06.21-14.41.31:470][  0]LogTemp: Display: Loaded TP LinuxTargetPlatform
[2023.06.21-14.41.31:470][  0]LogTargetPlatformManager: Display: Building Assets For Windows
[2023.06.21-14.41.31:818][  0]LogDerivedDataCache: Display: Max Cache Size: 512 MB
[2023.06.21-14.41.31:875][  0]LogDerivedDataCache: Loaded boot cache 0.06s 93MB C:/Users/81901/AppData/Local/UnrealEngine/4.17/DerivedDataCache/Boot.ddc.
[2023.06.21-14.41.31:875][  0]LogDerivedDataCache: Display: Loaded Boot cache: C:/Users/81901/AppData/Local/UnrealEngine/4.17/DerivedDataCache/Boot.ddc
[2023.06.21-14.41.31:875][  0]LogDerivedDataCache: FDerivedDataBackendGraph:  Pak pak cache file ../../../../../../UnrealProjects/DrAward/DerivedDataCache/DDC.ddp not found, will not use a pak cache.
[2023.06.21-14.41.31:875][  0]LogDerivedDataCache: Unable to find inner node Pak for hierarchical cache Hierarchy.
[2023.06.21-14.41.31:875][  0]LogDerivedDataCache: FDerivedDataBackendGraph:  CompressedPak pak cache file ../../../../../../UnrealProjects/DrAward/DerivedDataCache/Compressed.ddp not found, will not use a pak cache.
[2023.06.21-14.41.31:875][  0]LogDerivedDataCache: Unable to find inner node CompressedPak for hierarchical cache Hierarchy.
[2023.06.21-14.41.31:890][  0]LogDerivedDataCache: Display: Pak cache opened for reading ../../../Engine/DerivedDataCache/Compressed.ddp.
[2023.06.21-14.41.31:902][  0]LogDerivedDataCache: Using Local data cache path C:/Users/81901/AppData/Local/UnrealEngine/Common/DerivedDataCache: Writable
[2023.06.21-14.41.31:910][  0]LogMaterial: Verifying Global Shaders for PCD3D_SM5
[2023.06.21-14.41.31:910][  0]LogSlate: Using Freetype 2.6.0
[2023.06.21-14.41.31:911][  0]LogSlate: SlateFontCache - WITH_FREETYPE: 1, WITH_HARFBUZZ: 1
[2023.06.21-14.41.31:911][  0]LogSlate: SlateFontCache - WITH_FREETYPE: 1, WITH_HARFBUZZ: 1
[2023.06.21-14.41.32:116][  0]LogAssetRegistry: FAssetRegistry took 0.0249 seconds to start up
[2023.06.21-14.41.32:209][  0]LogInit: Selected Device Profile: [Windows]
[2023.06.21-14.41.32:299][  0]LogContentStreaming: Texture pool size is 0.00 MB
[2023.06.21-14.41.32:507][  0]LogSimplygon: Simplygon DLL not present - disabling.
[2023.06.21-14.41.32:535][  0]LogMeshReduction: Using SimplygonSwarm for distributed automatic mesh merging
[2023.06.21-14.41.32:535][  0]LogMeshReduction: Using QuadricMeshReduction for automatic static mesh reduction
[2023.06.21-14.41.32:535][  0]LogMeshReduction: No automatic skeletal mesh reduction module available
[2023.06.21-14.41.32:535][  0]LogMeshReduction: No automatic mesh merging module available
[2023.06.21-14.41.32:535][  0]LogMeshMerging: No automatic mesh merging module available
[2023.06.21-14.41.32:765][  0]LogNetVersion: DrAward , NetCL: 3573198, EngineNetVer: 2, GameNetVer: 0 (Checksum: 550400037)
[2023.06.21-14.41.32:911][  0]LogPackageLocalizationCache: Processed 5 localized package path(s) for 2 prioritized culture(s) in 0.033461 seconds
[2023.06.21-14.41.32:915][  0]LogUObjectArray: 35825 objects as part of root set at end of initial load.
[2023.06.21-14.41.32:915][  0]LogUObjectAllocator: 7529104 out of 0 bytes used by permanent object pool.
[2023.06.21-14.41.32:915][  0]LogUObjectArray: CloseDisregardForGC: 0/0 objects in disregard for GC pool
[2023.06.21-14.41.32:960][  0]LogInit: WinSock: version 1.1 (2.2), MaxSocks=32767, MaxUdp=65467
[2023.06.21-14.41.34:774][  0]LogTcpMessaging: Initializing TcpMessaging bridge
[2023.06.21-14.41.34:806][  0]LogUdpMessaging: Initializing bridge on interface 0.0.0.0:0 to multicast group 230.0.0.1:6666.
[2023.06.21-14.41.35:256][  0]LogMaterial: Uniform references updated for custom material expression Custom.
[2023.06.21-14.41.35:523][  0]SourceControl: ソースコントロールは無効です
[2023.06.21-14.41.35:523][  0]SourceControl: ソースコントロールは無効です
[2023.06.21-14.41.35:556][  0]SourceControl: ソースコントロールは無効です
[2023.06.21-14.41.35:588][  0]SourceControl: ソースコントロールは無効です
[2023.06.21-14.41.35:990][  0]LogAndroidPermission: UAndroidPermissionCallbackProxy::GetInstance
[2023.06.21-14.41.36:156][  0]LogOcInput: OculusInput pre-init called
[2023.06.21-14.41.36:341][  0]LogEngine: Initializing Engine...
[2023.06.21-14.41.36:342][  0]LogHMD: Failed to initialize OpenVR with code 110
[2023.06.21-14.41.36:478][  0]LogStats: UGameplayTagsManager::ConstructGameplayTagTree: Construct from data asset -  0.000 s
[2023.06.21-14.41.36:478][  0]LogStats: UGameplayTagsManager::ConstructGameplayTagTree: GameplayTagTreeChangedEvent.Broadcast -  0.000 s
[2023.06.21-14.41.36:563][  0]LogAIModule: Creating AISystem for world Untitled
[2023.06.21-14.41.36:618][  0]LogInit: XAudio2 using 'ライン (2- Steinberg UR22mkII )' : 2 channels at 44.1 kHz using 24 bits per sample (channel mask 0x3)
[2023.06.21-14.41.36:632][  0]LogInit: FAudioDevice initialized.
[2023.06.21-14.41.36:710][  0]LogDerivedDataCache: Saved boot cache 0.08s 93MB C:/Users/81901/AppData/Local/UnrealEngine/4.17/DerivedDataCache/Boot.ddc.
[2023.06.21-14.41.36:720][  0]LogInit: Texture streaming: Enabled
[2023.06.21-14.41.36:804][  0]LogEngineSessionManager: EngineSessionManager initialized
[2023.06.21-14.41.36:955][  0]LogInit: Transaction tracking system initialized
[2023.06.21-14.41.37:165][  0]BlueprintLog: New page: エディタの読み込み
[2023.06.21-14.41.37:764][  0]LocalizationService: ローカライズのサービスが無効になりました
[2023.06.21-14.41.38:234][  0]LogConsoleResponse: Display: 
[2023.06.21-14.41.38:344][  0]LogCook: Display: Max memory allowance for cook 16384mb min free memory 0mb
[2023.06.21-14.41.38:344][  0]LogFileCache: Scanning file cache for directory 'D:/UnrealProjects/DrAward/Content/' took 0.01s
[2023.06.21-14.41.38:344][  0]LogCook: Display: Mobile HDR setting 1
[2023.06.21-14.41.38:345][  0]LogGameplayTags: Display: UGameplayTagsManager::DoneAddingNativeTags. DelegateIsBound: 0
[2023.06.21-14.41.39:060][  0]SourceControl: ソースコントロールは無効です
[2023.06.21-14.41.39:060][  0]Cmd: MAP LOAD FILE="../../../../../../UnrealProjects/DrAward/Content/Map/Main.umap" TEMPLATE=0 SHOWPROGRESS=1 FEATURELEVEL=3
[2023.06.21-14.41.39:061][  0]LightingResults: New page: ライティングのビルド
[2023.06.21-14.41.39:089][  0]MapCheck: New page: マップをチェック
[2023.06.21-14.41.39:089][  0]LightingResults: New page: <何も選択されていません>
[2023.06.21-14.41.39:236][  0]LogAIModule: Creating AISystem for world Main
[2023.06.21-14.41.39:239][  0]LogEditorServer: Finished looking for orphan Actors (0.000 secs)
[2023.06.21-14.41.39:261][  0]Cmd: MAP CHECKDEP NOCLEARLOG
[2023.06.21-14.41.39:290][  0]MapCheck: マップチェックが完了: 0 エラー、 0 警告、完了に 29.363ミリ秒かかりました。
[2023.06.21-14.41.39:290][  0]LogFileHelpers: Loading map 'Main' took 0.230
[2023.06.21-14.41.39:355][  0]LogWindowsTextInputMethodSystem: Display: IME system now activated using TSF (Microsoft IME).
[2023.06.21-14.41.39:422][  0]LogCollectionManager: Loaded 0 collections in 0.000787 seconds
[2023.06.21-14.41.39:486][  0]LogFileCache: Scanning file cache for directory 'D:/UnrealProjects/DrAward/Saved/Collections/' took 0.01s
[2023.06.21-14.41.39:486][  0]LogFileCache: Scanning file cache for directory 'D:/UnrealProjects/DrAward/Content/Developers/81901/Collections/' took 0.01s
[2023.06.21-14.41.39:486][  0]LogFileCache: Scanning file cache for directory 'D:/UnrealProjects/DrAward/Content/Collections/' took 0.01s
[2023.06.21-14.41.39:486][  0]LogCollectionManager: Rebuilt the GUID cache for 0 collections in 0.000000 seconds
[2023.06.21-14.41.39:494][  0]LogContentBrowser: Native class hierarchy populated in 0.0075 seconds. Added 2386 classes and 500 folders.
[2023.06.21-14.41.39:538][  0]LogContentBrowser: Native class hierarchy updated for 'WidgetCarousel' in 0.0006 seconds. Added 0 classes and 0 folders.
[2023.06.21-14.41.39:568][  0]LogContentBrowser: Native class hierarchy updated for 'AddContentDialog' in 0.0005 seconds. Added 0 classes and 0 folders.
[2023.06.21-14.41.39:598][  0]LogContentBrowser: Native class hierarchy updated for 'SceneOutliner' in 0.0006 seconds. Added 1 classes and 2 folders.
[2023.06.21-14.41.39:616][  0]LogSlate: Took 0.000206 seconds to synchronously load lazily loaded font '../../../Engine/Content/Slate/Fonts/Roboto-Regular.ttf' (155K)
[2023.06.21-14.41.39:619][  0]LogSlate: Took 0.001855 seconds to synchronously load lazily loaded font '../../../Engine/Content/Slate/Fonts/DroidSansFallback.ttf' (3848K)
[2023.06.21-14.41.39:619][  0]LogSlate: Took 0.000200 seconds to synchronously load lazily loaded font '../../../Engine/Content/Slate/Fonts/Roboto-Bold.ttf' (160K)
[2023.06.21-14.41.39:622][  0]LogSlate: Took 0.000138 seconds to synchronously load lazily loaded font '../../../Engine/Content/Editor/Slate/Fonts/FontAwesome.ttf' (139K)
[2023.06.21-14.41.39:688][  0]LogRenderer: Reallocating scene render targets to support 1208x576 Format 10 NumSamples 1 (Frame:1).
[2023.06.21-14.41.39:807][  0]LogContentBrowser: Native class hierarchy updated for 'HierarchicalLODOutliner' in 0.0006 seconds. Added 1 classes and 2 folders.
[2023.06.21-14.41.39:807][  0]LogLoad: (Engine Initialization) Total time: 12.47 seconds
[2023.06.21-14.41.39:807][  0]LogLoad: (Engine Initialization) Total Blueprint compile time: 0.00 seconds
[2023.06.21-14.41.39:807][  0]LogExternalProfiler: No external profilers were discovered.  External profiling features will not be available.
[2023.06.21-14.41.39:830][  0]LogAssetRegistry: Asset discovery search completed in 7.7355 seconds
[2023.06.21-14.41.39:831][  0]LogCollectionManager: Rebuilt the object cache for 0 collections in 0.000000 seconds (found 0 objects)
[2023.06.21-14.41.39:831][  0]LogCollectionManager: Fixed up redirectors for 0 collections in 0.000026 seconds (updated 0 objects)
[2023.06.21-14.41.39:834][  0]LogContentStreaming: Texture pool size now 1000 MB
[2023.06.21-14.41.39:865][  0]LogSlate: Took 0.000242 seconds to synchronously load lazily loaded font '../../../Engine/Content/Slate/Fonts/Roboto-Light.ttf' (159K)
