Log file open, 09/24/23 18:37:34
LogWindows: Failed to load 'aqProf.dll' (GetLastError=126)
LogWindows: File 'aqProf.dll' does not exist
LogWindows: Failed to load 'VSPerf140.dll' (GetLastError=126)
LogWindows: File 'VSPerf140.dll' does not exist
LogWindows: Failed to load 'VtuneApi.dll' (GetLastError=126)
LogWindows: File 'VtuneApi.dll' does not exist
LogWindows: Failed to load 'VtuneApi32e.dll' (GetLastError=126)
LogWindows: File 'VtuneApi32e.dll' does not exist
LogInit: Display: Running engine for game: DrAward
LogPlatformFile: Not using cached read wrapper
LogInit: Display: RandInit(2040939712) SRandInit(2040939713).
LogTaskGraph: Started task graph with 5 named threads and 38 total threads with 3 sets of task threads.
LogStats: Stats thread started at 0.581416
LogD3D11RHI: Aftermath initialized
LogPluginManager: Mounting plugin Paper2D
LogPluginManager: Mounting plugin LightPropagationVolume
LogPluginManager: Mounting plugin CodeLiteSourceCodeAccess
LogPluginManager: Mounting plugin GitSourceControl
LogPluginManager: Mounting plugin KDevelopSourceCodeAccess
LogPluginManager: Mounting plugin NullSourceCodeAccess
LogPluginManager: Mounting plugin PerforceSourceControl
LogPluginManager: Mounting plugin SubversionSourceControl
LogPluginManager: Mounting plugin UObjectPlugin
LogPluginManager: Mounting plugin VisualStudioSourceCodeAccess
LogPluginManager: Mounting plugin XCodeSourceCodeAccess
LogPluginManager: Mounting plugin AssetManagerEditor
LogPluginManager: Mounting plugin AudioCapture
LogPluginManager: Mounting plugin FacialAnimation
LogPluginManager: Mounting plugin GameplayTagsEditor
LogPluginManager: Mounting plugin MobileLauncherProfileWizard
LogPluginManager: Mounting plugin PluginBrowser
LogPluginManager: Mounting plugin SpeedTreeImporter
LogPluginManager: Mounting plugin AlembicImporter
LogPluginManager: Mounting plugin CharacterAI
LogPluginManager: Mounting plugin HTML5Networking
LogPluginManager: Mounting plugin AndroidMedia
LogPluginManager: Mounting plugin AvfMedia
LogPluginManager: Mounting plugin MediaPlayerEditor
LogPluginManager: Mounting plugin WmfMedia
LogPluginManager: Mounting plugin TcpMessaging
LogPluginManager: Mounting plugin UdpMessaging
LogPluginManager: Mounting plugin LevelSequenceEditor
LogPluginManager: Mounting plugin MatineeToLevelSequence
LogPluginManager: Mounting plugin OnlineSubsystemGooglePlay
LogPluginManager: Mounting plugin OnlineSubsystemIOS
LogPluginManager: Mounting plugin OnlineSubsystem
LogPluginManager: Mounting plugin OnlineSubsystemNull
LogPluginManager: Mounting plugin OnlineSubsystemUtils
LogPluginManager: Mounting plugin AndroidDeviceProfileSelector
LogPluginManager: Mounting plugin AndroidMoviePlayer
LogPluginManager: Mounting plugin AndroidPermission
LogPluginManager: Mounting plugin AppleMoviePlayer
LogPluginManager: Mounting plugin ArchVisCharacter
LogPluginManager: Mounting plugin CableComponent
LogPluginManager: Mounting plugin CustomMeshComponent
LogPluginManager: Mounting plugin ExampleDeviceProfileSelector
LogPluginManager: Mounting plugin GoogleCloudMessaging
LogPluginManager: Mounting plugin ImmediatePhysics
LogPluginManager: Mounting plugin IOSDeviceProfileSelector
LogPluginManager: Mounting plugin LinuxDeviceProfileSelector
LogPluginManager: Mounting plugin LocationServicesBPLibrary
LogPluginManager: Mounting plugin MobilePatchingUtils
LogPluginManager: Mounting plugin OculusVR
LogPluginManager: Mounting plugin PhysXVehicles
LogPluginManager: Mounting plugin ProceduralMeshComponent
LogPluginManager: Mounting plugin RuntimePhysXCooking
LogPluginManager: Mounting plugin SteamVR
LogPluginManager: Mounting plugin WindowsMoviePlayer
LogInit: Using libcurl 7.47.1
LogInit:  - built for x86_64-pc-win32
LogInit:  - supports SSL with OpenSSL/1.0.2g
LogInit:  - supports HTTP deflate (compression) using libz 1.2.8
LogInit:  - other features:
LogInit:      CURL_VERSION_SSL
LogInit:      CURL_VERSION_LIBZ
LogInit:      CURL_VERSION_IPV6
LogInit:      CURL_VERSION_ASYNCHDNS
LogInit:      CURL_VERSION_LARGEFILE
LogInit:      CURL_VERSION_IDN
LogInit:  CurlRequestOptions (configurable via config and command line):
LogInit:  - bVerifyPeer = false  - Libcurl will NOT verify peer certificate
LogInit:  - bUseHttpProxy = false  - Libcurl will NOT use HTTP proxy
LogInit:  - bDontReuseConnections = false  - Libcurl will reuse connections
LogInit:  - CertBundlePath = nullptr  - Libcurl will use whatever was configured at build time.
LogInit: Build: ++UE4+Release-4.17-CL-3658906
LogInit: Engine Version: 4.17.2-3658906+++UE4+Release-4.17
LogInit: Compatible Engine Version: 4.17.0-3573198+++UE4+Release-4.17
LogInit: Net CL: 3573198
LogDevObjectVersion: Number of dev versions registered: 16
LogDevObjectVersion:   Dev-Blueprints (B0D832E4-1F89-4F0D-ACCF-7EB736FD4AA2): 10
LogDevObjectVersion:   Dev-Build (E1C64328-A22C-4D53-A36C-8E866417BD8C): 0
LogDevObjectVersion:   Dev-Core (375EC13C-06E4-48FB-B500-84F0262A717E): 2
LogDevObjectVersion:   Dev-Editor (E4B068ED-F494-42E9-A231-DA0B2E46BB41): 20
LogDevObjectVersion:   Dev-Framework (CFFC743F-43B0-4480-9391-14DF171D2073): 28
LogDevObjectVersion:   Dev-Mobile (B02B49B5-BB20-44E9-A304-32B752E40360): 0
LogDevObjectVersion:   Dev-Networking (A4E4105C-59A1-49B5-A7C5-40C4547EDFEE): 0
LogDevObjectVersion:   Dev-Online (39C831C9-5AE6-47DC-9A44-9C173E1C8E7C): 0
LogDevObjectVersion:   Dev-Physics (78F01B33-EBEA-4F98-B9B4-84EACCB95AA2): 0
LogDevObjectVersion:   Dev-Platform (6631380F-2D4D-43E0-8009-CF276956A95A): 0
LogDevObjectVersion:   Dev-Rendering (12F88B9F-8875-4AFC-A67C-D90C383ABD29): 19
LogDevObjectVersion:   Dev-Sequencer (7B5AE74C-D270-4C10-A958-57980B212A5A): 4
LogDevObjectVersion:   Dev-VR (D7296918-1DD6-4BDD-9DE2-64A83CC13884): 0
LogDevObjectVersion:   Dev-LoadTimes (C2A15278-BFE7-4AFE-6C17-90FF531DF755): 1
LogDevObjectVersion:   Private-Geometry (6EACA3D4-40EC-4CC1-B786-8BED09428FC5): 1
LogDevObjectVersion:   Dev-AnimPhys (29E575DD-E0A3-4627-9D10-D276232CDCEA): 7
LogInit: Compiled (64-bit): Sep 22 2017 13:47:16
LogInit: Compiled with Visual C++: 19.00.24215.01
LogInit: Build Configuration: Development
LogInit: Branch Name: ++UE4+Release-4.17
LogInit: Command line: 
LogInit: Base directory: D:/Program Files/Epic Games/UE_4.17/Engine/Binaries/Win64/
LogInit: Installed Engine Build: 1
LogInit: Presizing for max 8388607 objects, including 0 objects not considered by GC, pre-allocating 0 bytes for permanent pool.
LogInit: Object subsystem initialized
[2023.09.24-09.37.34:664][  0]LogInit: Selected Device Profile: [Windows]
[2023.09.24-09.37.34:664][  0]LogInit: Applying CVar settings loaded from the selected device profile: [Windows]
[2023.09.24-09.37.34:673][  0]LogInit: Computer: DESKTOP-DFBAQQ3
[2023.09.24-09.37.34:673][  0]LogInit: User: 81901
[2023.09.24-09.37.34:673][  0]LogInit: CPU Page size=4096, Cores=12
[2023.09.24-09.37.34:673][  0]LogInit: High frequency timer resolution =10.000000 MHz
[2023.09.24-09.37.34:673][  0]LogMemory: Memory total: Physical=31.9GB (32GB approx)
[2023.09.24-09.37.34:673][  0]LogMemory: Platform Memory Stats for Windows
[2023.09.24-09.37.34:673][  0]LogMemory: Process Physical Memory: 288.21 MB used, 288.21 MB peak
[2023.09.24-09.37.34:674][  0]LogMemory: Process Virtual Memory: 285.41 MB used, 285.41 MB peak
[2023.09.24-09.37.34:674][  0]LogMemory: Physical Memory: 11512.84 MB used,  21179.22 MB free, 32692.06 MB total
[2023.09.24-09.37.34:674][  0]LogMemory: Virtual Memory: 4825.96 MB used,  21179.22 MB free, 134217728.00 MB total
[2023.09.24-09.37.34:798][  0]LogInit: Using OS detected language (ja-JP).
[2023.09.24-09.37.34:798][  0]LogInit: Using OS detected locale (ja-JP).
[2023.09.24-09.37.34:801][  0]LogTextLocalizationManager: No specific localization for 'ja-JP' exists, so the 'ja' localization will be used.
[2023.09.24-09.37.35:213][  0]LogD3D11RHI: D3D11 adapters:
[2023.09.24-09.37.35:341][  0]LogD3D11RHI:    0. 'NVIDIA GeForce RTX 3070' (Feature Level 11_0)
[2023.09.24-09.37.35:341][  0]LogD3D11RHI:       8031/0/16346 MB DedicatedVideo/DedicatedSystem/SharedSystem, Outputs:2, VendorId:0x10de
[2023.09.24-09.37.35:344][  0]LogD3D11RHI:    1. 'Microsoft Basic Render Driver' (Feature Level 11_0)
[2023.09.24-09.37.35:344][  0]LogD3D11RHI:       0/0/16346 MB DedicatedVideo/DedicatedSystem/SharedSystem, Outputs:0, VendorId:0x1414
[2023.09.24-09.37.35:344][  0]LogD3D11RHI: Chosen D3D11 Adapter: 0
[2023.09.24-09.37.35:353][  0]LogD3D11RHI: Creating new Direct3DDevice
[2023.09.24-09.37.35:353][  0]LogD3D11RHI:     GPU DeviceId: 0x2484 (for the marketing name, search the web for "GPU Device Id")
[2023.09.24-09.37.35:353][  0]LogWindows: EnumDisplayDevices:
[2023.09.24-09.37.35:353][  0]LogWindows:    0. 'NVIDIA GeForce RTX 3070' (P:1 D:1)
[2023.09.24-09.37.35:354][  0]LogWindows:    1. 'NVIDIA GeForce RTX 3070' (P:0 D:1)
[2023.09.24-09.37.35:354][  0]LogWindows:    2. 'NVIDIA GeForce RTX 3070' (P:0 D:0)
[2023.09.24-09.37.35:354][  0]LogWindows:    3. 'NVIDIA GeForce RTX 3070' (P:0 D:0)
[2023.09.24-09.37.35:354][  0]LogWindows: DebugString: GetVideoDriverDetailsInvalid PrimaryIsNotTheChoosenAdapter GetVideoDriverDetailsInvalid PrimaryIsNotTheChoosenAdapter GetVideoDriverDetailsInvalid PrimaryIsNotTheChoosenAdapter GetVideoDriverDetailsInvalid PrimaryIsNotTheChoosenAdapter FoundDriverCount:0 
[2023.09.24-09.37.35:354][  0]LogD3D11RHI:     Adapter Name: NVIDIA GeForce RTX 3070
[2023.09.24-09.37.35:354][  0]LogD3D11RHI:   Driver Version: Unknown (internal:Unknown, unified:Unknown)
[2023.09.24-09.37.35:354][  0]LogD3D11RHI:      Driver Date: Unknown
[2023.09.24-09.37.35:354][  0]LogRHI: Texture pool is 1361 MB (70% of 1945 MB)
[2023.09.24-09.37.35:426][  0]LogD3D11RHI: Async texture creation enabled
[2023.09.24-09.37.35:444][  0]LogD3D11RHI: GPU Timing Frequency: 1000.000000 (Debug: 2 1)
[2023.09.24-09.37.35:446][  0]LogD3D11RHI: HDR output is supported on display 1 (NvId: 0x80061080).
[2023.09.24-09.37.35:447][  0]LogShaderCompilers: Guid format shader working directory is 5 characters bigger than the processId version (../../../../../../UnrealProjects/DrAward/Intermediate/Shaders/WorkingDirectory/25812/).
[2023.09.24-09.37.35:447][  0]LogShaderCompilers: Cleaned the shader compiler working directory 'C:/Users/81901/AppData/Local/Temp/UnrealShaderWorkingDir/91FBC616489E366AEDEE93ADCB7FAF01/'.
[2023.09.24-09.37.35:447][  0]LogShaderCompilers: Display: Using Local Shader Compiler.
[2023.09.24-09.37.36:298][  0]LogTemp: Display: Loaded TP AllDesktopTargetPlatform
[2023.09.24-09.37.36:332][  0]LogTemp: Display: Loaded TP MacClientTargetPlatform
[2023.09.24-09.37.36:365][  0]LogTemp: Display: Loaded TP MacNoEditorTargetPlatform
[2023.09.24-09.37.36:398][  0]LogTemp: Display: Loaded TP MacServerTargetPlatform
[2023.09.24-09.37.36:433][  0]LogTemp: Display: Loaded TP MacTargetPlatform
[2023.09.24-09.37.36:466][  0]LogTemp: Display: Loaded TP WindowsClientTargetPlatform
[2023.09.24-09.37.36:499][  0]LogTemp: Display: Loaded TP WindowsNoEditorTargetPlatform
[2023.09.24-09.37.36:532][  0]LogTemp: Display: Loaded TP WindowsServerTargetPlatform
[2023.09.24-09.37.36:560][  0]LogTemp: Display: Loaded TP WindowsTargetPlatform
[2023.09.24-09.37.36:593][  0]LogTemp: Display: Loaded TP AndroidTargetPlatform
[2023.09.24-09.37.36:625][  0]LogTemp: Display: Loaded TP Android_ASTCTargetPlatform
[2023.09.24-09.37.36:658][  0]LogTemp: Display: Loaded TP Android_ATCTargetPlatform
[2023.09.24-09.37.36:690][  0]LogTemp: Display: Loaded TP Android_DXTTargetPlatform
[2023.09.24-09.37.36:722][  0]LogTemp: Display: Loaded TP Android_ETC1TargetPlatform
[2023.09.24-09.37.36:755][  0]LogTemp: Display: Loaded TP Android_ETC2TargetPlatform
[2023.09.24-09.37.36:820][  0]LogTemp: Display: Loaded TP Android_MultiTargetPlatform
[2023.09.24-09.37.36:820][  0]LogTemp: Display: Loaded TP Android_PVRTCTargetPlatform
[2023.09.24-09.37.36:842][  0]LogTemp: Display: Loaded TP HTML5TargetPlatform
[2023.09.24-09.37.36:910][  0]LogTemp: Display: Loaded TP IOSTargetPlatform
[2023.09.24-09.37.36:929][  0]LogTemp: Display: Loaded TP TVOSTargetPlatform
[2023.09.24-09.37.36:963][  0]LogTemp: Display: Loaded TP LinuxClientTargetPlatform
[2023.09.24-09.37.36:994][  0]LogTemp: Display: Loaded TP LinuxNoEditorTargetPlatform
[2023.09.24-09.37.37:027][  0]LogTemp: Display: Loaded TP LinuxServerTargetPlatform
[2023.09.24-09.37.37:059][  0]LogTemp: Display: Loaded TP LinuxTargetPlatform
[2023.09.24-09.37.37:060][  0]LogTargetPlatformManager: Display: Building Assets For Windows
[2023.09.24-09.37.37:348][  0]LogDerivedDataCache: Display: Max Cache Size: 512 MB
[2023.09.24-09.37.37:414][  0]LogDerivedDataCache: Loaded boot cache 0.06s 93MB C:/Users/81901/AppData/Local/UnrealEngine/4.17/DerivedDataCache/Boot.ddc.
[2023.09.24-09.37.37:414][  0]LogDerivedDataCache: Display: Loaded Boot cache: C:/Users/81901/AppData/Local/UnrealEngine/4.17/DerivedDataCache/Boot.ddc
[2023.09.24-09.37.37:414][  0]LogDerivedDataCache: FDerivedDataBackendGraph:  Pak pak cache file ../../../../../../UnrealProjects/DrAward/DerivedDataCache/DDC.ddp not found, will not use a pak cache.
[2023.09.24-09.37.37:414][  0]LogDerivedDataCache: Unable to find inner node Pak for hierarchical cache Hierarchy.
[2023.09.24-09.37.37:414][  0]LogDerivedDataCache: FDerivedDataBackendGraph:  CompressedPak pak cache file ../../../../../../UnrealProjects/DrAward/DerivedDataCache/Compressed.ddp not found, will not use a pak cache.
[2023.09.24-09.37.37:414][  0]LogDerivedDataCache: Unable to find inner node CompressedPak for hierarchical cache Hierarchy.
[2023.09.24-09.37.37:429][  0]LogDerivedDataCache: Display: Pak cache opened for reading ../../../Engine/DerivedDataCache/Compressed.ddp.
[2023.09.24-09.37.37:442][  0]LogDerivedDataCache: Using Local data cache path C:/Users/81901/AppData/Local/UnrealEngine/Common/DerivedDataCache: Writable
[2023.09.24-09.37.37:450][  0]LogMaterial: Verifying Global Shaders for PCD3D_SM5
[2023.09.24-09.37.37:450][  0]LogSlate: Using Freetype 2.6.0
[2023.09.24-09.37.37:451][  0]LogSlate: SlateFontCache - WITH_FREETYPE: 1, WITH_HARFBUZZ: 1
[2023.09.24-09.37.37:451][  0]LogSlate: SlateFontCache - WITH_FREETYPE: 1, WITH_HARFBUZZ: 1
[2023.09.24-09.37.37:679][  0]LogAssetRegistry: FAssetRegistry took 0.0270 seconds to start up
[2023.09.24-09.37.37:764][  0]LogInit: Selected Device Profile: [Windows]
[2023.09.24-09.37.37:864][  0]LogContentStreaming: Texture pool size is 0.00 MB
[2023.09.24-09.37.38:052][  0]LogSimplygon: Simplygon DLL not present - disabling.
[2023.09.24-09.37.38:076][  0]LogMeshReduction: Using SimplygonSwarm for distributed automatic mesh merging
[2023.09.24-09.37.38:076][  0]LogMeshReduction: Using QuadricMeshReduction for automatic static mesh reduction
[2023.09.24-09.37.38:076][  0]LogMeshReduction: No automatic skeletal mesh reduction module available
[2023.09.24-09.37.38:076][  0]LogMeshReduction: No automatic mesh merging module available
[2023.09.24-09.37.38:076][  0]LogMeshMerging: No automatic mesh merging module available
[2023.09.24-09.37.38:319][  0]LogNetVersion: DrAward , NetCL: 3573198, EngineNetVer: 2, GameNetVer: 0 (Checksum: 550400037)
[2023.09.24-09.37.38:480][  0]LogPackageLocalizationCache: Processed 5 localized package path(s) for 2 prioritized culture(s) in 0.046345 seconds
[2023.09.24-09.37.38:486][  0]LogUObjectArray: 35825 objects as part of root set at end of initial load.
[2023.09.24-09.37.38:486][  0]LogUObjectAllocator: 7529112 out of 0 bytes used by permanent object pool.
[2023.09.24-09.37.38:486][  0]LogUObjectArray: CloseDisregardForGC: 0/0 objects in disregard for GC pool
[2023.09.24-09.37.38:517][  0]LogInit: WinSock: version 1.1 (2.2), MaxSocks=32767, MaxUdp=65467
[2023.09.24-09.37.40:199][  0]LogTcpMessaging: Initializing TcpMessaging bridge
[2023.09.24-09.37.40:229][  0]LogUdpMessaging: Initializing bridge on interface 0.0.0.0:0 to multicast group 230.0.0.1:6666.
[2023.09.24-09.37.40:648][  0]LogMaterial: Uniform references updated for custom material expression Custom.
[2023.09.24-09.37.40:889][  0]SourceControl: ソースコントロールは無効です
[2023.09.24-09.37.40:889][  0]SourceControl: ソースコントロールは無効です
[2023.09.24-09.37.40:918][  0]SourceControl: ソースコントロールは無効です
[2023.09.24-09.37.40:947][  0]SourceControl: ソースコントロールは無効です
[2023.09.24-09.37.41:298][  0]LogAndroidPermission: UAndroidPermissionCallbackProxy::GetInstance
[2023.09.24-09.37.41:449][  0]LogOcInput: OculusInput pre-init called
[2023.09.24-09.37.41:611][  0]LogEngine: Initializing Engine...
[2023.09.24-09.37.41:613][  0]LogHMD: Failed to initialize OpenVR with code 110
[2023.09.24-09.37.41:756][  0]LogStats: UGameplayTagsManager::ConstructGameplayTagTree: Construct from data asset -  0.000 s
[2023.09.24-09.37.41:756][  0]LogStats: UGameplayTagsManager::ConstructGameplayTagTree: GameplayTagTreeChangedEvent.Broadcast -  0.000 s
[2023.09.24-09.37.41:830][  0]LogAIModule: Creating AISystem for world Untitled
[2023.09.24-09.37.41:891][  0]LogInit: XAudio2 using 'Out 1-2 (MOTU M Series)' : 2 channels at 48 kHz using 32 bits per sample (channel mask 0x3)
[2023.09.24-09.37.41:905][  0]LogInit: FAudioDevice initialized.
[2023.09.24-09.37.41:993][  0]LogDerivedDataCache: Saved boot cache 0.09s 93MB C:/Users/81901/AppData/Local/UnrealEngine/4.17/DerivedDataCache/Boot.ddc.
[2023.09.24-09.37.42:002][  0]LogInit: Texture streaming: Enabled
[2023.09.24-09.37.42:071][  0]LogEngineSessionManager: EngineSessionManager initialized
[2023.09.24-09.37.42:201][  0]LogInit: Transaction tracking system initialized
[2023.09.24-09.37.42:378][  0]BlueprintLog: New page: エディタの読み込み
[2023.09.24-09.37.42:885][  0]LocalizationService: ローカライズのサービスが無効になりました
[2023.09.24-09.37.43:293][  0]LogConsoleResponse: Display: 
[2023.09.24-09.37.43:407][  0]LogCook: Display: Max memory allowance for cook 16384mb min free memory 0mb
[2023.09.24-09.37.43:407][  0]LogCook: Display: Mobile HDR setting 1
[2023.09.24-09.37.43:407][  0]LogGameplayTags: Display: UGameplayTagsManager::DoneAddingNativeTags. DelegateIsBound: 0
[2023.09.24-09.37.44:033][  0]LogFileCache: Scanning file cache for directory 'D:/UnrealProjects/DrAward/Content/' took 0.01s
[2023.09.24-09.37.44:033][  0]SourceControl: ソースコントロールは無効です
[2023.09.24-09.37.44:033][  0]Cmd: MAP LOAD FILE="../../../../../../UnrealProjects/DrAward/Content/Map/Main.umap" TEMPLATE=0 SHOWPROGRESS=1 FEATURELEVEL=3
[2023.09.24-09.37.44:033][  0]LightingResults: New page: ライティングのビルド
[2023.09.24-09.37.44:057][  0]MapCheck: New page: マップをチェック
[2023.09.24-09.37.44:057][  0]LightingResults: New page: <何も選択されていません>
[2023.09.24-09.37.44:301][  0]LogAIModule: Creating AISystem for world Main
[2023.09.24-09.37.44:304][  0]LogStreaming: Display: ULevelStreaming::RequestLevel(/Game/Test/Stage1) is flushing async loading
[2023.09.24-09.37.44:526][  0]LogStreaming: Display: ULevelStreaming::RequestLevel(/Game/Test/Stage2) is flushing async loading
[2023.09.24-09.37.44:540][  0]LogStreaming: Display: ULevelStreaming::RequestLevel(/Game/Test/Stage3) is flushing async loading
[2023.09.24-09.37.44:553][  0]LogEditorServer: Finished looking for orphan Actors (0.000 secs)
[2023.09.24-09.37.44:576][  0]Cmd: MAP CHECKDEP NOCLEARLOG
[2023.09.24-09.37.44:620][  0]MapCheck: マップチェックが完了: 0 エラー、 0 警告、完了に 43.422ミリ秒かかりました。
[2023.09.24-09.37.44:620][  0]LogFileHelpers: Loading map 'Main' took 0.587
[2023.09.24-09.37.44:695][  0]LogWindowsTextInputMethodSystem: Display: IME system now activated using TSF (Microsoft IME).
[2023.09.24-09.37.44:776][  0]LogCollectionManager: Loaded 0 collections in 0.000830 seconds
[2023.09.24-09.37.44:840][  0]LogFileCache: Scanning file cache for directory 'D:/UnrealProjects/DrAward/Saved/Collections/' took 0.01s
[2023.09.24-09.37.44:840][  0]LogFileCache: Scanning file cache for directory 'D:/UnrealProjects/DrAward/Content/Developers/81901/Collections/' took 0.01s
[2023.09.24-09.37.44:840][  0]LogFileCache: Scanning file cache for directory 'D:/UnrealProjects/DrAward/Content/Collections/' took 0.01s
[2023.09.24-09.37.44:840][  0]LogCollectionManager: Rebuilt the GUID cache for 0 collections in 0.000001 seconds
[2023.09.24-09.37.44:849][  0]LogContentBrowser: Native class hierarchy populated in 0.0084 seconds. Added 2386 classes and 500 folders.
[2023.09.24-09.37.44:885][  0]LogContentBrowser: Native class hierarchy updated for 'WidgetCarousel' in 0.0006 seconds. Added 0 classes and 0 folders.
[2023.09.24-09.37.44:920][  0]LogContentBrowser: Native class hierarchy updated for 'AddContentDialog' in 0.0006 seconds. Added 0 classes and 0 folders.
[2023.09.24-09.37.44:947][  0]LogContentBrowser: Native class hierarchy updated for 'SceneOutliner' in 0.0006 seconds. Added 1 classes and 2 folders.
[2023.09.24-09.37.44:979][  0]LogContentBrowser: Native class hierarchy updated for 'WorldBrowser' in 0.0007 seconds. Added 2 classes and 3 folders.
[2023.09.24-09.37.45:036][  0]LogSlate: Took 0.000359 seconds to synchronously load lazily loaded font '../../../Engine/Content/Slate/Fonts/Roboto-Regular.ttf' (155K)
[2023.09.24-09.37.45:038][  0]LogSlate: Took 0.001684 seconds to synchronously load lazily loaded font '../../../Engine/Content/Slate/Fonts/DroidSansFallback.ttf' (3848K)
[2023.09.24-09.37.45:038][  0]LogSlate: Took 0.000173 seconds to synchronously load lazily loaded font '../../../Engine/Content/Slate/Fonts/Roboto-Bold.ttf' (160K)
[2023.09.24-09.37.45:041][  0]LogSlate: Took 0.000203 seconds to synchronously load lazily loaded font '../../../Engine/Content/Editor/Slate/Fonts/FontAwesome.ttf' (139K)
[2023.09.24-09.37.45:099][  0]LogRenderer: Reallocating scene render targets to support 1204x568 Format 10 NumSamples 1 (Frame:1).
[2023.09.24-09.37.45:415][  0]LogContentBrowser: Native class hierarchy updated for 'HierarchicalLODOutliner' in 0.0006 seconds. Added 1 classes and 2 folders.
[2023.09.24-09.37.45:415][  0]LogLoad: (Engine Initialization) Total time: 12.81 seconds
[2023.09.24-09.37.45:415][  0]LogLoad: (Engine Initialization) Total Blueprint compile time: 0.00 seconds
[2023.09.24-09.37.45:415][  0]LogExternalProfiler: No external profilers were discovered.  External profiling features will not be available.
[2023.09.24-09.37.45:440][  0]LogAssetRegistry: Asset discovery search completed in 7.7848 seconds
[2023.09.24-09.37.45:441][  0]LogCollectionManager: Rebuilt the object cache for 0 collections in 0.000001 seconds (found 0 objects)
[2023.09.24-09.37.45:441][  0]LogCollectionManager: Fixed up redirectors for 0 collections in 0.000028 seconds (updated 0 objects)
[2023.09.24-09.37.45:444][  0]LogContentStreaming: Texture pool size now 1000 MB
[2023.09.24-09.37.45:490][  0]LogSlate: Took 0.000154 seconds to synchronously load lazily loaded font '../../../Engine/Content/Slate/Fonts/Roboto-Light.ttf' (159K)
[2023.09.24-09.37.46:449][110]LogSlate: Took 0.000284 seconds to synchronously load lazily loaded font '../../../Engine/Content/Slate/Fonts/Roboto-Light.ttf' (159K)
[2023.09.24-09.39.09:628][ 57]LogScript: Warning: Accessed None trying to read property Is Clear Instance
	BPAnim_Award_C /Engine/Transient.World_8:PersistentLevel.BP_Award_C_0.CharacterMesh0.BPAnim_Award_C_0
	Function /Game/Animation/BPAnim_Award.BPAnim_Award_C:ExecuteUbergraph_BPAnim_Award:00B1
[2023.09.24-09.39.09:628][ 57]LogScript: Warning: Accessed None trying to read property Is Clear Instance
	BPAnim_Award_C /Engine/Transient.World_8:PersistentLevel.BP_Award_C_0.CharacterMesh0.BPAnim_Award_C_0
	Function /Game/Animation/BPAnim_Award.BPAnim_Award_C:ExecuteUbergraph_BPAnim_Award:0110
[2023.09.24-09.39.19:453][211]LogSlate: Took 0.000229 seconds to synchronously load lazily loaded font '../../../Engine/Content/Slate/Fonts/Roboto-Light.ttf' (159K)
[2023.09.24-09.39.19:706][211]LogContentBrowser: Native class hierarchy updated for 'BlueprintGraph' in 0.0009 seconds. Added 113 classes and 0 folders.
[2023.09.24-09.39.20:187][211]LogSlate: Took 0.000301 seconds to synchronously load lazily loaded font '../../../Engine/Content/Editor/Slate/Fonts/Roboto-BoldCondensed.ttf' (158K)
[2023.09.24-09.39.32:075][623]LogSlate: Took 0.000309 seconds to synchronously load lazily loaded font '../../../Engine/Content/Editor/Slate/Fonts/Roboto-Italic.ttf' (157K)
[2023.09.24-09.45.13:150][ 13]LogActorComponent: UnregisterComponent: (/Engine/Transient.EditorFloorComp) Not registered. Aborting.
[2023.09.24-09.45.13:406][ 14]Cmd: QUIT_EDITOR
[2023.09.24-09.45.13:424][ 14]LogWindowsTextInputMethodSystem: Display: IME system now activated using TSF (Microsoft IME).
[2023.09.24-09.45.13:446][ 14]LogExit: Preparing to exit.
[2023.09.24-09.45.14:603][ 14]LogDirectoryWatcher: A directory notification for 'D:/UnrealProjects/DrAward/Content/' was aborted.
[2023.09.24-09.45.14:634][ 14]LogExit: Editor shut down
[2023.09.24-09.45.14:637][ 14]LogExit: Transaction tracking system shut down
[2023.09.24-09.45.14:863][ 14]LogDirectoryWatcher: A directory notification for '../../../Engine/Content/' was aborted.
[2023.09.24-09.45.14:863][ 14]LogDirectoryWatcher: A directory notification for '../../../../../../UnrealProjects/DrAward/Content/' was aborted.
[2023.09.24-09.45.14:863][ 14]LogDirectoryWatcher: A directory notification for '../../../Engine/Plugins/2D/Paper2D/Content/' was aborted.
[2023.09.24-09.45.14:863][ 14]LogDirectoryWatcher: A directory notification for '../../../Engine/Plugins/Runtime/Oculus/OculusVR/Content/' was aborted.
[2023.09.24-09.45.14:863][ 14]LogDirectoryWatcher: A directory notification for '../../../Engine/Plugins/Runtime/Steam/SteamVR/Content/' was aborted.
[2023.09.24-09.45.14:937][ 14]LogExit: Object subsystem successfully closed.
[2023.09.24-09.45.14:957][ 14]LogD3D11RHI: Shutdown
[2023.09.24-09.45.14:957][ 14]LogD3D11RHI: CleanupD3DDevice
[2023.09.24-09.45.15:083][ 14]LogD3D11RHI: ~FD3D11DynamicRHI
[2023.09.24-09.45.15:089][ 14]LogModuleManager: Shutting down and abandoning module BlueprintGraph (536)
[2023.09.24-09.45.15:089][ 14]LogModuleManager: Shutting down and abandoning module BlueprintProfiler (534)
[2023.09.24-09.45.15:089][ 14]LogModuleManager: Shutting down and abandoning module HierarchicalLODOutliner (532)
[2023.09.24-09.45.15:089][ 14]LogModuleManager: Shutting down and abandoning module WorldBrowser (530)
[2023.09.24-09.45.15:089][ 14]LogModuleManager: Shutting down and abandoning module SceneOutliner (528)
[2023.09.24-09.45.15:089][ 14]LogModuleManager: Shutting down and abandoning module AddContentDialog (526)
[2023.09.24-09.45.15:089][ 14]LogDirectoryWatcher: A directory notification for 'D:/Program Files/Epic Games/UE_4.17/FeaturePacks/' was aborted.
[2023.09.24-09.45.15:090][ 14]LogModuleManager: Shutting down and abandoning module WidgetCarousel (525)
[2023.09.24-09.45.15:090][ 14]LogModuleManager: Shutting down and abandoning module EditorWidgets (522)
[2023.09.24-09.45.15:090][ 14]LogModuleManager: Shutting down and abandoning module CollectionManager (520)
[2023.09.24-09.45.15:090][ 14]LogDirectoryWatcher: A directory notification for 'D:/UnrealProjects/DrAward/Content/Collections/' was aborted.
[2023.09.24-09.45.15:090][ 14]LogDirectoryWatcher: A directory notification for 'D:/UnrealProjects/DrAward/Content/Developers/81901/Collections/' was aborted.
[2023.09.24-09.45.15:090][ 14]LogDirectoryWatcher: A directory notification for 'D:/UnrealProjects/DrAward/Saved/Collections/' was aborted.
[2023.09.24-09.45.15:090][ 14]LogModuleManager: Shutting down and abandoning module StatsViewer (518)
[2023.09.24-09.45.15:090][ 14]LogModuleManager: Shutting down and abandoning module FoliageEdit (516)
[2023.09.24-09.45.15:090][ 14]LogModuleManager: Shutting down and abandoning module LandscapeEditor (514)
[2023.09.24-09.45.15:090][ 14]LogModuleManager: Shutting down and abandoning module MeshPaintMode (512)
[2023.09.24-09.45.15:090][ 14]LogModuleManager: Shutting down and abandoning module SceneDepthPickerMode (510)
[2023.09.24-09.45.15:090][ 14]LogModuleManager: Shutting down and abandoning module ActorPickerMode (508)
[2023.09.24-09.45.15:090][ 14]LogModuleManager: Shutting down and abandoning module GeometryMode (506)
[2023.09.24-09.45.15:090][ 14]LogModuleManager: Shutting down and abandoning module TextureAlignMode (504)
[2023.09.24-09.45.15:090][ 14]LogModuleManager: Shutting down and abandoning module BspMode (502)
[2023.09.24-09.45.15:090][ 14]LogModuleManager: Shutting down and abandoning module PIEPreviewDeviceProfileSelector (500)
[2023.09.24-09.45.15:090][ 14]LogModuleManager: Shutting down and abandoning module HardwareSurvey (498)
[2023.09.24-09.45.15:090][ 14]LogModuleManager: Shutting down and abandoning module SequenceRecorderSections (496)
[2023.09.24-09.45.15:090][ 14]LogModuleManager: Shutting down and abandoning module AutomationWorker (494)
[2023.09.24-09.45.15:090][ 14]LogModuleManager: Shutting down and abandoning module MatineeToLevelSequence (492)
[2023.09.24-09.45.15:090][ 14]LogModuleManager: Shutting down and abandoning module LevelSequenceEditor (490)
[2023.09.24-09.45.15:090][ 14]LogModuleManager: Shutting down and abandoning module PlacementMode (489)
[2023.09.24-09.45.15:090][ 14]LogModuleManager: Shutting down and abandoning module WmfMediaFactory (486)
[2023.09.24-09.45.15:090][ 14]LogModuleManager: Shutting down and abandoning module WmfMediaEditor (484)
[2023.09.24-09.45.15:090][ 14]LogModuleManager: Shutting down and abandoning module AvfMediaFactory (482)
[2023.09.24-09.45.15:090][ 14]LogModuleManager: Shutting down and abandoning module AvfMediaEditor (480)
[2023.09.24-09.45.15:090][ 14]LogModuleManager: Shutting down and abandoning module AndroidMediaFactory (478)
[2023.09.24-09.45.15:090][ 14]LogModuleManager: Shutting down and abandoning module Media (477)
[2023.09.24-09.45.15:090][ 14]LogModuleManager: Shutting down and abandoning module AndroidMediaEditor (474)
[2023.09.24-09.45.15:091][ 14]LogModuleManager: Shutting down and abandoning module CharacterAI (472)
[2023.09.24-09.45.15:091][ 14]LogModuleManager: Shutting down and abandoning module AudioCapture (470)
[2023.09.24-09.45.15:091][ 14]LogModuleManager: Shutting down and abandoning module SequenceRecorder (469)
[2023.09.24-09.45.15:091][ 14]LogModuleManager: Shutting down and abandoning module SmartSnapping (466)
[2023.09.24-09.45.15:091][ 14]LogModuleManager: Shutting down and abandoning module SessionServices (464)
[2023.09.24-09.45.15:091][ 14]LogModuleManager: Shutting down and abandoning module ViewportSnapping (462)
[2023.09.24-09.45.15:091][ 14]LogModuleManager: Shutting down and abandoning module ViewportInteraction (460)
[2023.09.24-09.45.15:091][ 14]LogModuleManager: Shutting down and abandoning module ClothPainter (458)
[2023.09.24-09.45.15:091][ 14]LogModuleManager: Shutting down and abandoning module LogVisualizer (456)
[2023.09.24-09.45.15:091][ 14]LogModuleManager: Shutting down and abandoning module IntroTutorials (454)
[2023.09.24-09.45.15:091][ 14]LogModuleManager: Shutting down and abandoning module GameProjectGeneration (453)
[2023.09.24-09.45.15:091][ 14]LogModuleManager: Shutting down and abandoning module IOSPlatformEditor (450)
[2023.09.24-09.45.15:091][ 14]LogModuleManager: Shutting down and abandoning module HTML5PlatformEditor (448)
[2023.09.24-09.45.15:091][ 14]LogModuleManager: Shutting down and abandoning module AndroidPlatformEditor (446)
[2023.09.24-09.45.15:091][ 14]LogModuleManager: Shutting down and abandoning module AndroidDeviceDetection (445)
[2023.09.24-09.45.15:354][ 14]LogModuleManager: Shutting down and abandoning module WindowsPlatformEditor (442)
[2023.09.24-09.45.15:354][ 14]LogModuleManager: Shutting down and abandoning module IOSRuntimeSettings (440)
[2023.09.24-09.45.15:354][ 14]LogModuleManager: Shutting down and abandoning module AndroidRuntimeSettings (438)
[2023.09.24-09.45.15:354][ 14]LogModuleManager: Shutting down and abandoning module InputBindingEditor (436)
[2023.09.24-09.45.15:354][ 14]LogModuleManager: Shutting down and abandoning module MergeActors (434)
[2023.09.24-09.45.15:354][ 14]LogModuleManager: Shutting down and abandoning module SizeMap (432)
[2023.09.24-09.45.15:354][ 14]LogModuleManager: Shutting down and abandoning module TreeMap (430)
[2023.09.24-09.45.15:354][ 14]LogModuleManager: Shutting down and abandoning module ReferenceViewer (428)
[2023.09.24-09.45.15:354][ 14]LogModuleManager: Shutting down and abandoning module LocalizationDashboard (426)
[2023.09.24-09.45.15:355][ 14]LogModuleManager: Shutting down and abandoning module LocalizationService (425)
[2023.09.24-09.45.15:355][ 14]LogModuleManager: Shutting down and abandoning module HardwareTargeting (422)
[2023.09.24-09.45.15:355][ 14]LogModuleManager: Shutting down and abandoning module DeviceProfileEditor (420)
[2023.09.24-09.45.15:355][ 14]LogModuleManager: Shutting down and abandoning module UndoHistory (418)
[2023.09.24-09.45.15:355][ 14]LogModuleManager: Shutting down and abandoning module XmlParser (416)
[2023.09.24-09.45.15:355][ 14]LogModuleManager: Shutting down and abandoning module Blutility (414)
[2023.09.24-09.45.15:355][ 14]LogModuleManager: Shutting down and abandoning module ProjectSettingsViewer (412)
[2023.09.24-09.45.15:355][ 14]LogModuleManager: Shutting down and abandoning module ProjectTargetPlatformEditor (411)
[2023.09.24-09.45.15:355][ 14]LogModuleManager: Shutting down and abandoning module EditorSettingsViewer (408)
[2023.09.24-09.45.15:355][ 14]LogModuleManager: Shutting down and abandoning module SettingsEditor (406)
[2023.09.24-09.45.15:355][ 14]LogModuleManager: Shutting down and abandoning module ProjectLauncher (404)
[2023.09.24-09.45.15:355][ 14]LogModuleManager: Shutting down and abandoning module SessionFrontend (402)
[2023.09.24-09.45.15:355][ 14]LogModuleManager: Shutting down and abandoning module ProfilerClient (400)
[2023.09.24-09.45.15:355][ 14]LogModuleManager: Shutting down and abandoning module DeviceManager (398)
[2023.09.24-09.45.15:355][ 14]LogModuleManager: Shutting down and abandoning module TargetDeviceServices (397)
[2023.09.24-09.45.15:399][ 14]LogModuleManager: Shutting down and abandoning module AutomationController (394)
[2023.09.24-09.45.15:399][ 14]LogModuleManager: Shutting down and abandoning module AutomationWindow (392)
[2023.09.24-09.45.15:399][ 14]LogModuleManager: Shutting down and abandoning module Layers (390)
[2023.09.24-09.45.15:399][ 14]LogModuleManager: Shutting down and abandoning module ComponentVisualizers (388)
[2023.09.24-09.45.15:399][ 14]LogModuleManager: Shutting down and abandoning module DetailCustomizations (386)
[2023.09.24-09.45.15:399][ 14]LogModuleManager: Shutting down and abandoning module PackagesDialog (384)
[2023.09.24-09.45.15:399][ 14]LogModuleManager: Shutting down and abandoning module Persona (382)
[2023.09.24-09.45.15:399][ 14]LogModuleManager: Shutting down and abandoning module AdvancedPreviewScene (381)
[2023.09.24-09.45.15:399][ 14]LogModuleManager: Shutting down and abandoning module AnimGraph (379)
[2023.09.24-09.45.15:399][ 14]LogModuleManager: Shutting down and abandoning module Kismet (376)
[2023.09.24-09.45.15:404][ 14]LogModuleManager: Shutting down and abandoning module ClassViewer (374)
[2023.09.24-09.45.15:404][ 14]LogModuleManager: Shutting down and abandoning module Toolbox (372)
[2023.09.24-09.45.15:404][ 14]LogModuleManager: Shutting down and abandoning module ModuleUI (370)
[2023.09.24-09.45.15:404][ 14]LogModuleManager: Shutting down and abandoning module MovieSceneTools (368)
[2023.09.24-09.45.15:404][ 14]LogModuleManager: Shutting down and abandoning module OutputLog (366)
[2023.09.24-09.45.15:405][ 14]LogModuleManager: Shutting down and abandoning module GammaUI (364)
[2023.09.24-09.45.15:405][ 14]LogModuleManager: Shutting down and abandoning module Documentation (362)
[2023.09.24-09.45.15:405][ 14]LogModuleManager: Shutting down and abandoning module MovieSceneTracks (360)
[2023.09.24-09.45.15:405][ 14]LogModuleManager: Shutting down and abandoning module MovieScene (358)
[2023.09.24-09.45.15:405][ 14]LogModuleManager: Shutting down and abandoning module Niagara (356)
[2023.09.24-09.45.15:405][ 14]LogModuleManager: Shutting down and abandoning module NiagaraEditor (355)
[2023.09.24-09.45.15:405][ 14]LogModuleManager: Shutting down and abandoning module StreamingPauseRendering (352)
[2023.09.24-09.45.15:405][ 14]LogModuleManager: Shutting down and abandoning module LauncherPlatform (350)
[2023.09.24-09.45.15:405][ 14]LogModuleManager: Shutting down and abandoning module AnalyticsET (348)
[2023.09.24-09.45.15:405][ 14]LogModuleManager: Shutting down and abandoning module PortalServices (346)
[2023.09.24-09.45.15:405][ 14]LogModuleManager: Shutting down and abandoning module PortalRpc (344)
[2023.09.24-09.45.15:405][ 14]LogModuleManager: Shutting down and abandoning module MessagingRpc (342)
[2023.09.24-09.45.15:405][ 14]LogModuleManager: Shutting down and abandoning module AIModule (340)
[2023.09.24-09.45.15:405][ 14]LogModuleManager: Shutting down and abandoning module GameplayDebugger (339)
[2023.09.24-09.45.15:405][ 14]LogModuleManager: Shutting down and abandoning module AITestSuite (337)
[2023.09.24-09.45.15:405][ 14]LogModuleManager: Shutting down and abandoning module ProfilerService (334)
[2023.09.24-09.45.15:558][ 14]LogModuleManager: Shutting down and abandoning module TaskGraph (332)
[2023.09.24-09.45.15:558][ 14]LogModuleManager: Shutting down and abandoning module SteamVRController (330)
[2023.09.24-09.45.15:558][ 14]LogModuleManager: Shutting down and abandoning module ProceduralMeshComponentEditor (328)
[2023.09.24-09.45.15:558][ 14]LogModuleManager: Shutting down and abandoning module ProceduralMeshComponent (326)
[2023.09.24-09.45.15:558][ 14]LogModuleManager: Shutting down and abandoning module OculusInput (324)
[2023.09.24-09.45.15:558][ 14]LogModuleManager: Shutting down and abandoning module MobilePatchingUtils (322)
[2023.09.24-09.45.15:558][ 14]LogModuleManager: Shutting down and abandoning module CustomMeshComponent (320)
[2023.09.24-09.45.15:558][ 14]LogModuleManager: Shutting down and abandoning module CableComponent (318)
[2023.09.24-09.45.15:558][ 14]LogModuleManager: Shutting down and abandoning module ArchVisCharacter (316)
[2023.09.24-09.45.15:558][ 14]LogModuleManager: Shutting down and abandoning module AndroidPermission (314)
[2023.09.24-09.45.15:558][ 14]LogModuleManager: Shutting down and abandoning module MediaPlayerEditor (310)
[2023.09.24-09.45.15:558][ 14]LogModuleManager: Shutting down and abandoning module HTML5Networking (308)
[2023.09.24-09.45.15:558][ 14]LogModuleManager: Shutting down and abandoning module AlembicImporter (306)
[2023.09.24-09.45.15:558][ 14]LogModuleManager: Shutting down and abandoning module AlembicLibrary (305)
[2023.09.24-09.45.15:558][ 14]LogModuleManager: Shutting down and abandoning module GeometryCache (304)
[2023.09.24-09.45.15:558][ 14]LogModuleManager: Shutting down and abandoning module GeometryCacheEd (303)
[2023.09.24-09.45.15:558][ 14]LogModuleManager: Shutting down and abandoning module SpeedTreeImporter (298)
[2023.09.24-09.45.15:558][ 14]LogModuleManager: Shutting down and abandoning module PluginBrowser (296)
[2023.09.24-09.45.15:558][ 14]LogModuleManager: Shutting down and abandoning module MobileLauncherProfileWizard (294)
[2023.09.24-09.45.15:558][ 14]LogModuleManager: Shutting down and abandoning module VisualStudioSourceCodeAccess (292)
[2023.09.24-09.45.15:558][ 14]LogModuleManager: Shutting down and abandoning module DesktopPlatform (291)
[2023.09.24-09.45.15:558][ 14]LogModuleManager: Shutting down and abandoning module UObjectPlugin (288)
[2023.09.24-09.45.15:558][ 14]LogModuleManager: Shutting down and abandoning module SubversionSourceControl (286)
[2023.09.24-09.45.15:558][ 14]LogModuleManager: Shutting down and abandoning module PerforceSourceControl (284)
[2023.09.24-09.45.15:558][ 14]LogModuleManager: Shutting down and abandoning module GitSourceControl (282)
[2023.09.24-09.45.15:558][ 14]LogModuleManager: Shutting down and abandoning module SourceControl (281)
[2023.09.24-09.45.15:558][ 14]LogModuleManager: Shutting down and abandoning module LightPropagationVolumeEditor (278)
[2023.09.24-09.45.15:558][ 14]LogModuleManager: Shutting down and abandoning module PaperTiledImporter (276)
[2023.09.24-09.45.15:558][ 14]LogModuleManager: Shutting down and abandoning module PaperSpriteSheetImporter (274)
[2023.09.24-09.45.15:558][ 14]LogModuleManager: Shutting down and abandoning module Paper2DEditor (272)
[2023.09.24-09.45.15:558][ 14]LogModuleManager: Shutting down and abandoning module MeshPaint (271)
[2023.09.24-09.45.15:558][ 14]LogModuleManager: Shutting down and abandoning module LevelEditor (269)
[2023.09.24-09.45.15:559][ 14]LogModuleManager: Shutting down and abandoning module PixelInspectorModule (268)
[2023.09.24-09.45.15:559][ 14]LogModuleManager: Shutting down and abandoning module MainFrame (266)
[2023.09.24-09.45.15:559][ 14]LogModuleManager: Shutting down and abandoning module HotReload (265)
[2023.09.24-09.45.15:559][ 14]LogModuleManager: Shutting down and abandoning module RuntimePhysXCooking (260)
[2023.09.24-09.45.15:559][ 14]LogModuleManager: Shutting down and abandoning module PhysXVehiclesEditor (258)
[2023.09.24-09.45.15:559][ 14]LogModuleManager: Shutting down and abandoning module PhysXVehicles (256)
[2023.09.24-09.45.15:559][ 14]LogModuleManager: Shutting down and abandoning module OculusEditor (254)
[2023.09.24-09.45.15:559][ 14]LogModuleManager: Shutting down and abandoning module LocationServicesBPLibrary (252)
[2023.09.24-09.45.15:559][ 14]LogModuleManager: Shutting down and abandoning module ImmediatePhysicsEditor (250)
[2023.09.24-09.45.15:560][ 14]LogModuleManager: Shutting down and abandoning module ImmediatePhysics (248)
[2023.09.24-09.45.15:560][ 14]LogModuleManager: Shutting down and abandoning module UdpMessaging (246)
[2023.09.24-09.45.15:660][ 14]LogModuleManager: Shutting down and abandoning module TcpMessaging (244)
[2023.09.24-09.45.15:761][ 14]LogModuleManager: Shutting down and abandoning module GameplayTagsEditor (242)
[2023.09.24-09.45.15:761][ 14]LogModuleManager: Shutting down and abandoning module FacialAnimationEditor (240)
[2023.09.24-09.45.15:761][ 14]LogModuleManager: Shutting down and abandoning module FacialAnimation (238)
[2023.09.24-09.45.15:761][ 14]LogModuleManager: Shutting down and abandoning module AssetManagerEditor (236)
[2023.09.24-09.45.15:761][ 14]LogModuleManager: Shutting down and abandoning module GraphEditor (235)
[2023.09.24-09.45.15:761][ 14]LogModuleManager: Shutting down and abandoning module ContentBrowser (233)
[2023.09.24-09.45.15:762][ 14]LogModuleManager: Shutting down and abandoning module LightPropagationVolumeRuntime (230)
[2023.09.24-09.45.15:762][ 14]LogModuleManager: Shutting down and abandoning module Paper2D (228)
[2023.09.24-09.45.15:762][ 14]LogModuleManager: Shutting down and abandoning module WindowsMoviePlayer (226)
[2023.09.24-09.45.15:762][ 14]LogModuleManager: Shutting down and abandoning module WmfMedia (224)
[2023.09.24-09.45.15:763][ 14]LogModuleManager: Shutting down and abandoning module PacketHandler (222)
[2023.09.24-09.45.15:763][ 14]LogModuleManager: Shutting down and abandoning module ClothingSystemEditor (220)
[2023.09.24-09.45.15:763][ 14]LogModuleManager: Shutting down and abandoning module ClothingSystemRuntime (218)
[2023.09.24-09.45.15:763][ 14]LogModuleManager: Shutting down and abandoning module Overlay (216)
[2023.09.24-09.45.15:763][ 14]LogModuleManager: Shutting down and abandoning module OverlayEditor (215)
[2023.09.24-09.45.15:763][ 14]LogModuleManager: Shutting down and abandoning module MediaAssets (212)
[2023.09.24-09.45.15:763][ 14]LogModuleManager: Shutting down and abandoning module VREditor (210)
[2023.09.24-09.45.15:764][ 14]LogModuleManager: Shutting down and abandoning module StringTableEditor (208)
[2023.09.24-09.45.15:764][ 14]LogModuleManager: Shutting down and abandoning module GameplayTasksEditor (206)
[2023.09.24-09.45.15:764][ 14]LogModuleManager: Shutting down and abandoning module BehaviorTreeEditor (204)
[2023.09.24-09.45.15:764][ 14]LogModuleManager: Shutting down and abandoning module FunctionalTesting (202)
[2023.09.24-09.45.15:764][ 14]LogModuleManager: Shutting down and abandoning module CollisionAnalyzer (200)
[2023.09.24-09.45.15:764][ 14]LogModuleManager: Shutting down and abandoning module WorkspaceMenuStructure (199)
[2023.09.24-09.45.15:764][ 14]LogModuleManager: Shutting down and abandoning module UMG (196)
[2023.09.24-09.45.15:764][ 14]LogModuleManager: Shutting down and abandoning module UMGEditor (195)
[2023.09.24-09.45.15:764][ 14]LogModuleManager: Shutting down and abandoning module Sequencer (194)
[2023.09.24-09.45.15:764][ 14]LogModuleManager: Shutting down and abandoning module MessageLog (191)
[2023.09.24-09.45.15:764][ 14]LogModuleManager: Shutting down and abandoning module SlateReflector (186)
[2023.09.24-09.45.15:764][ 14]LogModuleManager: Shutting down and abandoning module Slate (184)
[2023.09.24-09.45.15:764][ 14]LogModuleManager: Shutting down and abandoning module EditorStyle (182)
[2023.09.24-09.45.15:765][ 14]LogModuleManager: Shutting down and abandoning module MRMesh (180)
[2023.09.24-09.45.15:765][ 14]LogModuleManager: Shutting down and abandoning module SourceCodeAccess (178)
[2023.09.24-09.45.15:765][ 14]LogModuleManager: Shutting down and abandoning module HeadMountedDisplay (176)
[2023.09.24-09.45.15:765][ 14]LogModuleManager: Shutting down and abandoning module XAudio2 (174)
[2023.09.24-09.45.15:765][ 14]LogModuleManager: Shutting down and abandoning module Networking (172)
[2023.09.24-09.45.15:765][ 14]LogModuleManager: Shutting down and abandoning module Core (168)
[2023.09.24-09.45.15:765][ 14]LogModuleManager: Shutting down and abandoning module KismetCompiler (164)
[2023.09.24-09.45.15:765][ 14]LogModuleManager: Shutting down and abandoning module LevelSequence (162)
[2023.09.24-09.45.15:765][ 14]LogModuleManager: Shutting down and abandoning module MeshUtilities (160)
[2023.09.24-09.45.15:765][ 14]LogModuleManager: Shutting down and abandoning module MeshMergeUtilities (159)
[2023.09.24-09.45.15:765][ 14]LogModuleManager: Shutting down and abandoning module MeshReductionInterface (158)
[2023.09.24-09.45.15:765][ 14]LogModuleManager: Shutting down and abandoning module SimplygonSwarm (157)
[2023.09.24-09.45.15:765][ 14]LogModuleManager: Shutting down and abandoning module SimplygonMeshReduction (155)
[2023.09.24-09.45.15:765][ 14]LogModuleManager: Shutting down and abandoning module QuadricMeshReduction (153)
[2023.09.24-09.45.15:765][ 14]LogModuleManager: Shutting down and abandoning module MaterialBaking (149)
[2023.09.24-09.45.15:765][ 14]LogModuleManager: Shutting down and abandoning module DirectoryWatcher (146)
[2023.09.24-09.45.15:766][ 14]LogModuleManager: Shutting down and abandoning module DerivedDataCache (144)
[2023.09.24-09.45.15:830][ 14]LogDerivedDataCache: Shutdown
[2023.09.24-09.45.15:830][ 14]LogModuleManager: Shutting down and abandoning module TargetPlatform (142)
[2023.09.24-09.45.15:830][ 14]LogModuleManager: Shutting down and abandoning module VulkanShaderFormat (141)
[2023.09.24-09.45.15:830][ 14]LogModuleManager: Shutting down and abandoning module ShaderFormatVectorVM (139)
[2023.09.24-09.45.15:830][ 14]LogModuleManager: Shutting down and abandoning module ShaderFormatOpenGL (137)
[2023.09.24-09.45.15:830][ 14]LogModuleManager: Shutting down and abandoning module ShaderFormatD3D (135)
[2023.09.24-09.45.15:830][ 14]LogModuleManager: Shutting down and abandoning module MetalShaderFormat (133)
[2023.09.24-09.45.15:830][ 14]LogModuleManager: Shutting down and abandoning module TextureFormatUncompressed (131)
[2023.09.24-09.45.15:830][ 14]LogModuleManager: Shutting down and abandoning module TextureFormatPVR (129)
[2023.09.24-09.45.15:830][ 14]LogModuleManager: Shutting down and abandoning module TextureFormatDXT (127)
[2023.09.24-09.45.15:830][ 14]LogModuleManager: Shutting down and abandoning module TextureFormatIntelISPCTexComp (125)
[2023.09.24-09.45.15:831][ 14]LogModuleManager: Shutting down and abandoning module TextureFormatASTC (123)
[2023.09.24-09.45.15:831][ 14]LogModuleManager: Shutting down and abandoning module ImageWrapper (122)
[2023.09.24-09.45.15:831][ 14]LogModuleManager: Shutting down and abandoning module TextureFormatAndroid (119)
[2023.09.24-09.45.15:831][ 14]LogModuleManager: Shutting down and abandoning module AudioFormatOpus (117)
[2023.09.24-09.45.15:831][ 14]LogModuleManager: Shutting down and abandoning module AudioFormatOgg (115)
[2023.09.24-09.45.15:831][ 14]LogModuleManager: Shutting down and abandoning module AudioFormatADPCM (113)
[2023.09.24-09.45.15:831][ 14]LogModuleManager: Shutting down and abandoning module LinuxTargetPlatform (111)
[2023.09.24-09.45.15:831][ 14]LogModuleManager: Shutting down and abandoning module LinuxServerTargetPlatform (109)
[2023.09.24-09.45.15:831][ 14]LogModuleManager: Shutting down and abandoning module LinuxNoEditorTargetPlatform (107)
[2023.09.24-09.45.15:831][ 14]LogModuleManager: Shutting down and abandoning module LinuxClientTargetPlatform (105)
[2023.09.24-09.45.15:831][ 14]LogModuleManager: Shutting down and abandoning module TVOSTargetPlatform (103)
[2023.09.24-09.45.15:831][ 14]LogModuleManager: Shutting down and abandoning module Messaging (101)
[2023.09.24-09.45.15:831][ 14]LogModuleManager: Shutting down and abandoning module IOSTargetPlatform (99)
[2023.09.24-09.45.15:831][ 14]LogModuleManager: Shutting down and abandoning module HTML5TargetPlatform (97)
[2023.09.24-09.45.15:831][ 14]LogModuleManager: Shutting down and abandoning module Android_PVRTCTargetPlatform (95)
[2023.09.24-09.45.15:831][ 14]LogModuleManager: Shutting down and abandoning module Android_MultiTargetPlatform (93)
[2023.09.24-09.45.15:831][ 14]LogModuleManager: Shutting down and abandoning module Android_ETC2TargetPlatform (91)
[2023.09.24-09.45.15:831][ 14]LogModuleManager: Shutting down and abandoning module Android_ETC1TargetPlatform (89)
[2023.09.24-09.45.15:831][ 14]LogModuleManager: Shutting down and abandoning module Android_DXTTargetPlatform (87)
[2023.09.24-09.45.15:831][ 14]LogModuleManager: Shutting down and abandoning module Android_ATCTargetPlatform (85)
[2023.09.24-09.45.15:831][ 14]LogModuleManager: Shutting down and abandoning module Android_ASTCTargetPlatform (83)
[2023.09.24-09.45.15:831][ 14]LogModuleManager: Shutting down and abandoning module AndroidTargetPlatform (81)
[2023.09.24-09.45.15:831][ 14]LogModuleManager: Shutting down and abandoning module WindowsTargetPlatform (79)
[2023.09.24-09.45.15:831][ 14]LogModuleManager: Shutting down and abandoning module WindowsServerTargetPlatform (77)
[2023.09.24-09.45.15:831][ 14]LogModuleManager: Shutting down and abandoning module WindowsNoEditorTargetPlatform (75)
[2023.09.24-09.45.15:831][ 14]LogModuleManager: Shutting down and abandoning module WindowsClientTargetPlatform (73)
[2023.09.24-09.45.15:831][ 14]LogModuleManager: Shutting down and abandoning module MacTargetPlatform (71)
[2023.09.24-09.45.15:831][ 14]LogModuleManager: Shutting down and abandoning module MacServerTargetPlatform (69)
[2023.09.24-09.45.15:831][ 14]LogModuleManager: Shutting down and abandoning module MacNoEditorTargetPlatform (67)
[2023.09.24-09.45.15:831][ 14]LogModuleManager: Shutting down and abandoning module MacClientTargetPlatform (65)
[2023.09.24-09.45.15:831][ 14]LogModuleManager: Shutting down and abandoning module AllDesktopTargetPlatform (63)
[2023.09.24-09.45.15:831][ 14]LogModuleManager: Shutting down and abandoning module InputCore (60)
[2023.09.24-09.45.15:831][ 14]LogModuleManager: Shutting down and abandoning module Settings (58)
[2023.09.24-09.45.15:831][ 14]LogModuleManager: Shutting down and abandoning module PhysXCooking (56)
[2023.09.24-09.45.15:831][ 14]LogModuleManager: Shutting down and abandoning module SteamVR (54)
[2023.09.24-09.45.15:831][ 14]LogModuleManager: Shutting down and abandoning module OculusHMD (52)
[2023.09.24-09.45.15:831][ 14]LogModuleManager: Shutting down and abandoning module ExampleDeviceProfileSelector (50)
[2023.09.24-09.45.15:831][ 14]LogModuleManager: Shutting down and abandoning module OnlineBlueprintSupport (48)
[2023.09.24-09.45.15:831][ 14]LogModuleManager: Shutting down and abandoning module OnlineSubsystem (44)
[2023.09.24-09.45.15:831][ 14]LogOnline: Display: Unloading online subsystem: NULL
[2023.09.24-09.45.15:831][ 14]LogModuleManager: Shutting down and abandoning module XMPP (43)
[2023.09.24-09.45.15:831][ 14]LogModuleManager: Shutting down and abandoning module HTTP (41)
[2023.09.24-09.45.15:831][ 14]LogHttp: Display: Http module shutting down, but needs to wait on 1 outstanding Http requests:
[2023.09.24-09.45.15:831][ 14]LogHttp: Display: 	verb=[POST] url=[https://datarouter.ol.epicgames.com/datarouter/api/v1/public/data?SessionID=%7B71043303-4A1F-12B3-F45C-A894CA5FB6BD%7D&AppID=UEEditor.Rocket.Release&AppVersion=4.17.2-3658906%2B%2B%2BUE4%2BRelease-4.17&UserID=7bf8468b479bf8b24baa8eb4fce83360%7C214ead9e2a1144a9935949a664756766%7C264aa807-801a-4ba4-acc1-9eb2d978a233&AppEnvironment=datacollector-binary&UploadType=eteventstream] status=Processing
[2023.09.24-09.45.15:839][ 14]LogModuleManager: Shutting down and abandoning module SSL (40)
[2023.09.24-09.45.15:840][ 14]LogModuleManager: Shutting down and abandoning module AnimationModifiers (36)
[2023.09.24-09.45.15:840][ 14]LogModuleManager: Shutting down and abandoning module PropertyEditor (35)
[2023.09.24-09.45.15:840][ 14]LogModuleManager: Shutting down and abandoning module AudioEditor (32)
[2023.09.24-09.45.15:840][ 14]LogModuleManager: Shutting down and abandoning module TextureCompressor (30)
[2023.09.24-09.45.15:840][ 14]LogModuleManager: Shutting down and abandoning module ShaderCore (28)
[2023.09.24-09.45.15:840][ 14]LogModuleManager: Shutting down and abandoning module Landscape (26)
[2023.09.24-09.45.15:840][ 14]LogModuleManager: Shutting down and abandoning module SlateRHIRenderer (24)
[2023.09.24-09.45.15:842][ 14]LogModuleManager: Shutting down and abandoning module OpenGLDrv (22)
[2023.09.24-09.45.15:842][ 14]LogModuleManager: Shutting down and abandoning module D3D11RHI (20)
[2023.09.24-09.45.15:842][ 14]LogModuleManager: Shutting down and abandoning module AnimGraphRuntime (18)
[2023.09.24-09.45.15:842][ 14]LogModuleManager: Shutting down and abandoning module Renderer (16)
[2023.09.24-09.45.15:842][ 14]LogModuleManager: Shutting down and abandoning module Engine (14)
[2023.09.24-09.45.15:842][ 14]LogModuleManager: Shutting down and abandoning module CoreUObject (12)
[2023.09.24-09.45.15:842][ 14]LogModuleManager: Shutting down and abandoning module NetworkFile (10)
[2023.09.24-09.45.15:842][ 14]LogModuleManager: Shutting down and abandoning module CookedIterativeFile (8)
[2023.09.24-09.45.15:842][ 14]LogModuleManager: Shutting down and abandoning module StreamingFile (6)
[2023.09.24-09.45.15:842][ 14]LogModuleManager: Shutting down and abandoning module SandboxFile (4)
[2023.09.24-09.45.15:842][ 14]LogModuleManager: Shutting down and abandoning module PakFile (2)
[2023.09.24-09.45.15:850][ 14]LogExit: Exiting.
[2023.09.24-09.45.15:866][ 14]Log file closed, 09/24/23 18:45:15
