Log file open, 07/12/23 22:14:04
LogWindows: Failed to load 'aqProf.dll' (GetLastError=126)
LogWindows: File 'aqProf.dll' does not exist
LogWindows: Failed to load 'VSPerf140.dll' (GetLastError=126)
LogWindows: File 'VSPerf140.dll' does not exist
LogWindows: Failed to load 'VtuneApi.dll' (GetLastError=126)
LogWindows: File 'VtuneApi.dll' does not exist
LogWindows: Failed to load 'VtuneApi32e.dll' (GetLastError=126)
LogWindows: File 'VtuneApi32e.dll' does not exist
LogInit: Display: Running engine for game: DrAward
LogPlatformFile: Not using cached read wrapper
LogInit: Display: RandInit(850408370) SRandInit(850408370).
LogTaskGraph: Started task graph with 5 named threads and 38 total threads with 3 sets of task threads.
LogStats: Stats thread started at 0.403930
LogD3D11RHI: Aftermath initialized
LogPluginManager: Mounting plugin Paper2D
LogPluginManager: Mounting plugin LightPropagationVolume
LogPluginManager: Mounting plugin CodeLiteSourceCodeAccess
LogPluginManager: Mounting plugin GitSourceControl
LogPluginManager: Mounting plugin KDevelopSourceCodeAccess
LogPluginManager: Mounting plugin NullSourceCodeAccess
LogPluginManager: Mounting plugin PerforceSourceControl
LogPluginManager: Mounting plugin SubversionSourceControl
LogPluginManager: Mounting plugin UObjectPlugin
LogPluginManager: Mounting plugin VisualStudioSourceCodeAccess
LogPluginManager: Mounting plugin XCodeSourceCodeAccess
LogPluginManager: Mounting plugin AssetManagerEditor
LogPluginManager: Mounting plugin AudioCapture
LogPluginManager: Mounting plugin FacialAnimation
LogPluginManager: Mounting plugin GameplayTagsEditor
LogPluginManager: Mounting plugin MobileLauncherProfileWizard
LogPluginManager: Mounting plugin PluginBrowser
LogPluginManager: Mounting plugin SpeedTreeImporter
LogPluginManager: Mounting plugin AlembicImporter
LogPluginManager: Mounting plugin CharacterAI
LogPluginManager: Mounting plugin HTML5Networking
LogPluginManager: Mounting plugin AndroidMedia
LogPluginManager: Mounting plugin AvfMedia
LogPluginManager: Mounting plugin MediaPlayerEditor
LogPluginManager: Mounting plugin WmfMedia
LogPluginManager: Mounting plugin TcpMessaging
LogPluginManager: Mounting plugin UdpMessaging
LogPluginManager: Mounting plugin LevelSequenceEditor
LogPluginManager: Mounting plugin MatineeToLevelSequence
LogPluginManager: Mounting plugin OnlineSubsystemGooglePlay
LogPluginManager: Mounting plugin OnlineSubsystemIOS
LogPluginManager: Mounting plugin OnlineSubsystem
LogPluginManager: Mounting plugin OnlineSubsystemNull
LogPluginManager: Mounting plugin OnlineSubsystemUtils
LogPluginManager: Mounting plugin AndroidDeviceProfileSelector
LogPluginManager: Mounting plugin AndroidMoviePlayer
LogPluginManager: Mounting plugin AndroidPermission
LogPluginManager: Mounting plugin AppleMoviePlayer
LogPluginManager: Mounting plugin ArchVisCharacter
LogPluginManager: Mounting plugin CableComponent
LogPluginManager: Mounting plugin CustomMeshComponent
LogPluginManager: Mounting plugin ExampleDeviceProfileSelector
LogPluginManager: Mounting plugin GoogleCloudMessaging
LogPluginManager: Mounting plugin ImmediatePhysics
LogPluginManager: Mounting plugin IOSDeviceProfileSelector
LogPluginManager: Mounting plugin LinuxDeviceProfileSelector
LogPluginManager: Mounting plugin LocationServicesBPLibrary
LogPluginManager: Mounting plugin MobilePatchingUtils
LogPluginManager: Mounting plugin OculusVR
LogPluginManager: Mounting plugin PhysXVehicles
LogPluginManager: Mounting plugin ProceduralMeshComponent
LogPluginManager: Mounting plugin RuntimePhysXCooking
LogPluginManager: Mounting plugin SteamVR
LogPluginManager: Mounting plugin WindowsMoviePlayer
LogInit: Using libcurl 7.47.1
LogInit:  - built for x86_64-pc-win32
LogInit:  - supports SSL with OpenSSL/1.0.2g
LogInit:  - supports HTTP deflate (compression) using libz 1.2.8
LogInit:  - other features:
LogInit:      CURL_VERSION_SSL
LogInit:      CURL_VERSION_LIBZ
LogInit:      CURL_VERSION_IPV6
LogInit:      CURL_VERSION_ASYNCHDNS
LogInit:      CURL_VERSION_LARGEFILE
LogInit:      CURL_VERSION_IDN
LogInit:  CurlRequestOptions (configurable via config and command line):
LogInit:  - bVerifyPeer = false  - Libcurl will NOT verify peer certificate
LogInit:  - bUseHttpProxy = false  - Libcurl will NOT use HTTP proxy
LogInit:  - bDontReuseConnections = false  - Libcurl will reuse connections
LogInit:  - CertBundlePath = nullptr  - Libcurl will use whatever was configured at build time.
LogInit: Build: ++UE4+Release-4.17-CL-3658906
LogInit: Engine Version: 4.17.2-3658906+++UE4+Release-4.17
LogInit: Compatible Engine Version: 4.17.0-3573198+++UE4+Release-4.17
LogInit: Net CL: 3573198
LogDevObjectVersion: Number of dev versions registered: 16
LogDevObjectVersion:   Dev-Blueprints (B0D832E4-1F89-4F0D-ACCF-7EB736FD4AA2): 10
LogDevObjectVersion:   Dev-Build (E1C64328-A22C-4D53-A36C-8E866417BD8C): 0
LogDevObjectVersion:   Dev-Core (375EC13C-06E4-48FB-B500-84F0262A717E): 2
LogDevObjectVersion:   Dev-Editor (E4B068ED-F494-42E9-A231-DA0B2E46BB41): 20
LogDevObjectVersion:   Dev-Framework (CFFC743F-43B0-4480-9391-14DF171D2073): 28
LogDevObjectVersion:   Dev-Mobile (B02B49B5-BB20-44E9-A304-32B752E40360): 0
LogDevObjectVersion:   Dev-Networking (A4E4105C-59A1-49B5-A7C5-40C4547EDFEE): 0
LogDevObjectVersion:   Dev-Online (39C831C9-5AE6-47DC-9A44-9C173E1C8E7C): 0
LogDevObjectVersion:   Dev-Physics (78F01B33-EBEA-4F98-B9B4-84EACCB95AA2): 0
LogDevObjectVersion:   Dev-Platform (6631380F-2D4D-43E0-8009-CF276956A95A): 0
LogDevObjectVersion:   Dev-Rendering (12F88B9F-8875-4AFC-A67C-D90C383ABD29): 19
LogDevObjectVersion:   Dev-Sequencer (7B5AE74C-D270-4C10-A958-57980B212A5A): 4
LogDevObjectVersion:   Dev-VR (D7296918-1DD6-4BDD-9DE2-64A83CC13884): 0
LogDevObjectVersion:   Dev-LoadTimes (C2A15278-BFE7-4AFE-6C17-90FF531DF755): 1
LogDevObjectVersion:   Private-Geometry (6EACA3D4-40EC-4CC1-B786-8BED09428FC5): 1
LogDevObjectVersion:   Dev-AnimPhys (29E575DD-E0A3-4627-9D10-D276232CDCEA): 7
LogInit: Compiled (64-bit): Sep 22 2017 13:47:16
LogInit: Compiled with Visual C++: 19.00.24215.01
LogInit: Build Configuration: Development
LogInit: Branch Name: ++UE4+Release-4.17
LogInit: Command line: 
LogInit: Base directory: D:/Program Files/Epic Games/UE_4.17/Engine/Binaries/Win64/
LogInit: Installed Engine Build: 1
LogInit: Presizing for max 8388607 objects, including 0 objects not considered by GC, pre-allocating 0 bytes for permanent pool.
LogInit: Object subsystem initialized
[2023.07.12-13.14.05:383][  0]LogInit: Selected Device Profile: [Windows]
[2023.07.12-13.14.05:383][  0]LogInit: Applying CVar settings loaded from the selected device profile: [Windows]
[2023.07.12-13.14.05:394][  0]LogInit: Computer: DESKTOP-DFBAQQ3
[2023.07.12-13.14.05:394][  0]LogInit: User: 81901
[2023.07.12-13.14.05:394][  0]LogInit: CPU Page size=4096, Cores=12
[2023.07.12-13.14.05:394][  0]LogInit: High frequency timer resolution =10.000000 MHz
[2023.07.12-13.14.05:394][  0]LogMemory: Memory total: Physical=31.9GB (32GB approx)
[2023.07.12-13.14.05:394][  0]LogMemory: Platform Memory Stats for Windows
[2023.07.12-13.14.05:394][  0]LogMemory: Process Physical Memory: 285.86 MB used, 285.87 MB peak
[2023.07.12-13.14.05:394][  0]LogMemory: Process Virtual Memory: 284.33 MB used, 284.33 MB peak
[2023.07.12-13.14.05:394][  0]LogMemory: Physical Memory: 9565.47 MB used,  23128.43 MB free, 32693.90 MB total
[2023.07.12-13.14.05:394][  0]LogMemory: Virtual Memory: 4816.40 MB used,  23128.43 MB free, 134217728.00 MB total
[2023.07.12-13.14.05:549][  0]LogInit: Using OS detected language (ja-JP).
[2023.07.12-13.14.05:549][  0]LogInit: Using OS detected locale (ja-JP).
[2023.07.12-13.14.05:551][  0]LogTextLocalizationManager: No specific localization for 'ja-JP' exists, so the 'ja' localization will be used.
[2023.07.12-13.14.05:928][  0]LogD3D11RHI: D3D11 adapters:
[2023.07.12-13.14.06:044][  0]LogD3D11RHI:    0. 'NVIDIA GeForce RTX 3070' (Feature Level 11_0)
[2023.07.12-13.14.06:044][  0]LogD3D11RHI:       8031/0/16346 MB DedicatedVideo/DedicatedSystem/SharedSystem, Outputs:2, VendorId:0x10de
[2023.07.12-13.14.06:046][  0]LogD3D11RHI:    1. 'Microsoft Basic Render Driver' (Feature Level 11_0)
[2023.07.12-13.14.06:046][  0]LogD3D11RHI:       0/0/16346 MB DedicatedVideo/DedicatedSystem/SharedSystem, Outputs:0, VendorId:0x1414
[2023.07.12-13.14.06:046][  0]LogD3D11RHI: Chosen D3D11 Adapter: 0
[2023.07.12-13.14.06:053][  0]LogD3D11RHI: Creating new Direct3DDevice
[2023.07.12-13.14.06:053][  0]LogD3D11RHI:     GPU DeviceId: 0x2484 (for the marketing name, search the web for "GPU Device Id")
[2023.07.12-13.14.06:053][  0]LogWindows: EnumDisplayDevices:
[2023.07.12-13.14.06:053][  0]LogWindows:    0. 'NVIDIA GeForce RTX 3070' (P:1 D:1)
[2023.07.12-13.14.06:053][  0]LogWindows:    1. 'NVIDIA GeForce RTX 3070' (P:0 D:1)
[2023.07.12-13.14.06:054][  0]LogWindows:    2. 'NVIDIA GeForce RTX 3070' (P:0 D:0)
[2023.07.12-13.14.06:054][  0]LogWindows:    3. 'NVIDIA GeForce RTX 3070' (P:0 D:0)
[2023.07.12-13.14.06:054][  0]LogWindows: DebugString: GetVideoDriverDetailsInvalid PrimaryIsNotTheChoosenAdapter GetVideoDriverDetailsInvalid PrimaryIsNotTheChoosenAdapter GetVideoDriverDetailsInvalid PrimaryIsNotTheChoosenAdapter GetVideoDriverDetailsInvalid PrimaryIsNotTheChoosenAdapter FoundDriverCount:0 
[2023.07.12-13.14.06:054][  0]LogD3D11RHI:     Adapter Name: NVIDIA GeForce RTX 3070
[2023.07.12-13.14.06:054][  0]LogD3D11RHI:   Driver Version: Unknown (internal:Unknown, unified:Unknown)
[2023.07.12-13.14.06:054][  0]LogD3D11RHI:      Driver Date: Unknown
[2023.07.12-13.14.06:054][  0]LogRHI: Texture pool is 1361 MB (70% of 1945 MB)
[2023.07.12-13.14.06:136][  0]LogD3D11RHI: Async texture creation enabled
[2023.07.12-13.14.06:155][  0]LogD3D11RHI: GPU Timing Frequency: 1000.000000 (Debug: 2 2)
[2023.07.12-13.14.06:157][  0]LogD3D11RHI: HDR output is supported on display 1 (NvId: 0x80061080).
[2023.07.12-13.14.06:158][  0]LogShaderCompilers: Guid format shader working directory is 6 characters bigger than the processId version (../../../../../../UnrealProjects/DrAward/Intermediate/Shaders/WorkingDirectory/7796/).
[2023.07.12-13.14.06:158][  0]LogShaderCompilers: Cleaned the shader compiler working directory 'C:/Users/81901/AppData/Local/Temp/UnrealShaderWorkingDir/A12F6C2B4F647C1CFC85BEB17D523CDB/'.
[2023.07.12-13.14.06:158][  0]LogShaderCompilers: Display: Using Local Shader Compiler.
[2023.07.12-13.14.07:031][  0]LogTemp: Display: Loaded TP AllDesktopTargetPlatform
[2023.07.12-13.14.07:070][  0]LogTemp: Display: Loaded TP MacClientTargetPlatform
[2023.07.12-13.14.07:109][  0]LogTemp: Display: Loaded TP MacNoEditorTargetPlatform
[2023.07.12-13.14.07:148][  0]LogTemp: Display: Loaded TP MacServerTargetPlatform
[2023.07.12-13.14.07:187][  0]LogTemp: Display: Loaded TP MacTargetPlatform
[2023.07.12-13.14.07:225][  0]LogTemp: Display: Loaded TP WindowsClientTargetPlatform
[2023.07.12-13.14.07:264][  0]LogTemp: Display: Loaded TP WindowsNoEditorTargetPlatform
[2023.07.12-13.14.07:303][  0]LogTemp: Display: Loaded TP WindowsServerTargetPlatform
[2023.07.12-13.14.07:336][  0]LogTemp: Display: Loaded TP WindowsTargetPlatform
[2023.07.12-13.14.07:374][  0]LogTemp: Display: Loaded TP AndroidTargetPlatform
[2023.07.12-13.14.07:412][  0]LogTemp: Display: Loaded TP Android_ASTCTargetPlatform
[2023.07.12-13.14.07:451][  0]LogTemp: Display: Loaded TP Android_ATCTargetPlatform
[2023.07.12-13.14.07:489][  0]LogTemp: Display: Loaded TP Android_DXTTargetPlatform
[2023.07.12-13.14.07:528][  0]LogTemp: Display: Loaded TP Android_ETC1TargetPlatform
[2023.07.12-13.14.07:566][  0]LogTemp: Display: Loaded TP Android_ETC2TargetPlatform
[2023.07.12-13.14.07:642][  0]LogTemp: Display: Loaded TP Android_MultiTargetPlatform
[2023.07.12-13.14.07:642][  0]LogTemp: Display: Loaded TP Android_PVRTCTargetPlatform
[2023.07.12-13.14.07:671][  0]LogTemp: Display: Loaded TP HTML5TargetPlatform
[2023.07.12-13.14.07:746][  0]LogTemp: Display: Loaded TP IOSTargetPlatform
[2023.07.12-13.14.07:771][  0]LogTemp: Display: Loaded TP TVOSTargetPlatform
[2023.07.12-13.14.07:808][  0]LogTemp: Display: Loaded TP LinuxClientTargetPlatform
[2023.07.12-13.14.07:846][  0]LogTemp: Display: Loaded TP LinuxNoEditorTargetPlatform
[2023.07.12-13.14.07:884][  0]LogTemp: Display: Loaded TP LinuxServerTargetPlatform
[2023.07.12-13.14.07:922][  0]LogTemp: Display: Loaded TP LinuxTargetPlatform
[2023.07.12-13.14.07:922][  0]LogTargetPlatformManager: Display: Building Assets For Windows
[2023.07.12-13.14.08:286][  0]LogDerivedDataCache: Display: Max Cache Size: 512 MB
[2023.07.12-13.14.08:341][  0]LogDerivedDataCache: Loaded boot cache 0.05s 93MB C:/Users/81901/AppData/Local/UnrealEngine/4.17/DerivedDataCache/Boot.ddc.
[2023.07.12-13.14.08:341][  0]LogDerivedDataCache: Display: Loaded Boot cache: C:/Users/81901/AppData/Local/UnrealEngine/4.17/DerivedDataCache/Boot.ddc
[2023.07.12-13.14.08:341][  0]LogDerivedDataCache: FDerivedDataBackendGraph:  Pak pak cache file ../../../../../../UnrealProjects/DrAward/DerivedDataCache/DDC.ddp not found, will not use a pak cache.
[2023.07.12-13.14.08:341][  0]LogDerivedDataCache: Unable to find inner node Pak for hierarchical cache Hierarchy.
[2023.07.12-13.14.08:341][  0]LogDerivedDataCache: FDerivedDataBackendGraph:  CompressedPak pak cache file ../../../../../../UnrealProjects/DrAward/DerivedDataCache/Compressed.ddp not found, will not use a pak cache.
[2023.07.12-13.14.08:341][  0]LogDerivedDataCache: Unable to find inner node CompressedPak for hierarchical cache Hierarchy.
[2023.07.12-13.14.08:356][  0]LogDerivedDataCache: Display: Pak cache opened for reading ../../../Engine/DerivedDataCache/Compressed.ddp.
[2023.07.12-13.14.08:368][  0]LogDerivedDataCache: Using Local data cache path C:/Users/81901/AppData/Local/UnrealEngine/Common/DerivedDataCache: Writable
[2023.07.12-13.14.08:376][  0]LogMaterial: Verifying Global Shaders for PCD3D_SM5
[2023.07.12-13.14.08:376][  0]LogSlate: Using Freetype 2.6.0
[2023.07.12-13.14.08:377][  0]LogSlate: SlateFontCache - WITH_FREETYPE: 1, WITH_HARFBUZZ: 1
[2023.07.12-13.14.08:377][  0]LogSlate: SlateFontCache - WITH_FREETYPE: 1, WITH_HARFBUZZ: 1
[2023.07.12-13.14.08:583][  0]LogAssetRegistry: FAssetRegistry took 0.0249 seconds to start up
[2023.07.12-13.14.08:676][  0]LogInit: Selected Device Profile: [Windows]
[2023.07.12-13.14.08:766][  0]LogContentStreaming: Texture pool size is 0.00 MB
[2023.07.12-13.14.08:978][  0]LogSimplygon: Simplygon DLL not present - disabling.
[2023.07.12-13.14.09:007][  0]LogMeshReduction: Using SimplygonSwarm for distributed automatic mesh merging
[2023.07.12-13.14.09:007][  0]LogMeshReduction: Using QuadricMeshReduction for automatic static mesh reduction
[2023.07.12-13.14.09:007][  0]LogMeshReduction: No automatic skeletal mesh reduction module available
[2023.07.12-13.14.09:007][  0]LogMeshReduction: No automatic mesh merging module available
[2023.07.12-13.14.09:007][  0]LogMeshMerging: No automatic mesh merging module available
[2023.07.12-13.14.09:246][  0]LogNetVersion: DrAward , NetCL: 3573198, EngineNetVer: 2, GameNetVer: 0 (Checksum: 550400037)
[2023.07.12-13.14.09:406][  0]LogPackageLocalizationCache: Processed 5 localized package path(s) for 2 prioritized culture(s) in 0.043024 seconds
[2023.07.12-13.14.09:412][  0]LogUObjectArray: 35825 objects as part of root set at end of initial load.
[2023.07.12-13.14.09:412][  0]LogUObjectAllocator: 7529112 out of 0 bytes used by permanent object pool.
[2023.07.12-13.14.09:412][  0]LogUObjectArray: CloseDisregardForGC: 0/0 objects in disregard for GC pool
[2023.07.12-13.14.09:458][  0]LogInit: WinSock: version 1.1 (2.2), MaxSocks=32767, MaxUdp=65467
[2023.07.12-13.14.11:316][  0]LogTcpMessaging: Initializing TcpMessaging bridge
[2023.07.12-13.14.11:348][  0]LogUdpMessaging: Initializing bridge on interface 0.0.0.0:0 to multicast group 230.0.0.1:6666.
[2023.07.12-13.14.11:818][  0]LogMaterial: Uniform references updated for custom material expression Custom.
[2023.07.12-13.14.12:099][  0]SourceControl: ソースコントロールは無効です
[2023.07.12-13.14.12:099][  0]SourceControl: ソースコントロールは無効です
[2023.07.12-13.14.12:133][  0]SourceControl: ソースコントロールは無効です
[2023.07.12-13.14.12:168][  0]SourceControl: ソースコントロールは無効です
[2023.07.12-13.14.12:592][  0]LogAndroidPermission: UAndroidPermissionCallbackProxy::GetInstance
[2023.07.12-13.14.12:769][  0]LogOcInput: OculusInput pre-init called
[2023.07.12-13.14.12:957][  0]LogEngine: Initializing Engine...
[2023.07.12-13.14.12:958][  0]LogHMD: Failed to initialize OpenVR with code 110
[2023.07.12-13.14.13:094][  0]LogStats: UGameplayTagsManager::ConstructGameplayTagTree: Construct from data asset -  0.000 s
[2023.07.12-13.14.13:094][  0]LogStats: UGameplayTagsManager::ConstructGameplayTagTree: GameplayTagTreeChangedEvent.Broadcast -  0.000 s
[2023.07.12-13.14.13:187][  0]LogAIModule: Creating AISystem for world Untitled
[2023.07.12-13.14.13:244][  0]LogInit: XAudio2 using 'ライン (2- Steinberg UR22mkII )' : 2 channels at 44.1 kHz using 24 bits per sample (channel mask 0x3)
[2023.07.12-13.14.13:259][  0]LogInit: FAudioDevice initialized.
[2023.07.12-13.14.13:334][  0]LogDerivedDataCache: Saved boot cache 0.07s 93MB C:/Users/81901/AppData/Local/UnrealEngine/4.17/DerivedDataCache/Boot.ddc.
[2023.07.12-13.14.13:341][  0]LogInit: Texture streaming: Enabled
[2023.07.12-13.14.13:428][  0]LogEngineSessionManager: EngineSessionManager initialized
[2023.07.12-13.14.13:590][  0]LogInit: Transaction tracking system initialized
[2023.07.12-13.14.13:811][  0]BlueprintLog: New page: エディタの読み込み
[2023.07.12-13.14.14:454][  0]LocalizationService: ローカライズのサービスが無効になりました
[2023.07.12-13.14.14:955][  0]LogConsoleResponse: Display: 
[2023.07.12-13.14.15:065][  0]LogCook: Display: Max memory allowance for cook 16384mb min free memory 0mb
[2023.07.12-13.14.15:065][  0]LogCook: Display: Mobile HDR setting 1
[2023.07.12-13.14.15:065][  0]LogGameplayTags: Display: UGameplayTagsManager::DoneAddingNativeTags. DelegateIsBound: 0
[2023.07.12-13.14.15:823][  0]LogFileCache: Scanning file cache for directory 'D:/UnrealProjects/DrAward/Content/' took 0.01s
[2023.07.12-13.14.15:823][  0]SourceControl: ソースコントロールは無効です
[2023.07.12-13.14.15:823][  0]Cmd: MAP LOAD FILE="../../../../../../UnrealProjects/DrAward/Content/Map/Main.umap" TEMPLATE=0 SHOWPROGRESS=1 FEATURELEVEL=3
[2023.07.12-13.14.15:824][  0]LightingResults: New page: ライティングのビルド
[2023.07.12-13.14.15:853][  0]MapCheck: New page: マップをチェック
[2023.07.12-13.14.15:853][  0]LightingResults: New page: <何も選択されていません>
[2023.07.12-13.14.16:038][  0]LogAIModule: Creating AISystem for world Main
[2023.07.12-13.14.16:053][  0]LogEditorServer: Finished looking for orphan Actors (0.000 secs)
[2023.07.12-13.14.16:073][  0]Cmd: MAP CHECKDEP NOCLEARLOG
[2023.07.12-13.14.16:104][  0]MapCheck: マップチェックが完了: 0 エラー、 0 警告、完了に 31.181ミリ秒かかりました。
[2023.07.12-13.14.16:104][  0]LogFileHelpers: Loading map 'Main' took 0.281
[2023.07.12-13.14.16:172][  0]LogWindowsTextInputMethodSystem: Display: IME system now activated using TSF (Microsoft IME).
[2023.07.12-13.14.16:261][  0]LogCollectionManager: Loaded 0 collections in 0.000792 seconds
[2023.07.12-13.14.16:336][  0]LogFileCache: Scanning file cache for directory 'D:/UnrealProjects/DrAward/Saved/Collections/' took 0.01s
[2023.07.12-13.14.16:336][  0]LogFileCache: Scanning file cache for directory 'D:/UnrealProjects/DrAward/Content/Developers/81901/Collections/' took 0.01s
[2023.07.12-13.14.16:336][  0]LogFileCache: Scanning file cache for directory 'D:/UnrealProjects/DrAward/Content/Collections/' took 0.01s
[2023.07.12-13.14.16:336][  0]LogCollectionManager: Rebuilt the GUID cache for 0 collections in 0.000000 seconds
[2023.07.12-13.14.16:344][  0]LogContentBrowser: Native class hierarchy populated in 0.0077 seconds. Added 2386 classes and 500 folders.
[2023.07.12-13.14.16:393][  0]LogContentBrowser: Native class hierarchy updated for 'WidgetCarousel' in 0.0007 seconds. Added 0 classes and 0 folders.
[2023.07.12-13.14.16:483][  0]LogContentBrowser: Native class hierarchy updated for 'AddContentDialog' in 0.0006 seconds. Added 0 classes and 0 folders.
[2023.07.12-13.14.16:519][  0]LogContentBrowser: Native class hierarchy updated for 'SceneOutliner' in 0.0006 seconds. Added 1 classes and 2 folders.
[2023.07.12-13.14.16:621][  0]LogSlate: Took 0.000196 seconds to synchronously load lazily loaded font '../../../Engine/Content/Slate/Fonts/Roboto-Regular.ttf' (155K)
[2023.07.12-13.14.16:623][  0]LogSlate: Took 0.001323 seconds to synchronously load lazily loaded font '../../../Engine/Content/Slate/Fonts/DroidSansFallback.ttf' (3848K)
[2023.07.12-13.14.16:623][  0]LogSlate: Took 0.000133 seconds to synchronously load lazily loaded font '../../../Engine/Content/Slate/Fonts/Roboto-Bold.ttf' (160K)
[2023.07.12-13.14.16:627][  0]LogSlate: Took 0.000926 seconds to synchronously load lazily loaded font '../../../Engine/Content/Editor/Slate/Fonts/FontAwesome.ttf' (139K)
[2023.07.12-13.14.16:690][  0]LogRenderer: Reallocating scene render targets to support 1104x568 Format 10 NumSamples 1 (Frame:1).
[2023.07.12-13.14.16:831][  0]LogContentBrowser: Native class hierarchy updated for 'HierarchicalLODOutliner' in 0.0006 seconds. Added 1 classes and 2 folders.
[2023.07.12-13.14.16:831][  0]LogLoad: (Engine Initialization) Total time: 13.17 seconds
[2023.07.12-13.14.16:831][  0]LogLoad: (Engine Initialization) Total Blueprint compile time: 0.00 seconds
[2023.07.12-13.14.16:831][  0]LogExternalProfiler: No external profilers were discovered.  External profiling features will not be available.
[2023.07.12-13.14.16:855][  0]LogAssetRegistry: Asset discovery search completed in 8.2932 seconds
[2023.07.12-13.14.16:856][  0]LogCollectionManager: Rebuilt the object cache for 0 collections in 0.000000 seconds (found 0 objects)
[2023.07.12-13.14.16:856][  0]LogCollectionManager: Fixed up redirectors for 0 collections in 0.000026 seconds (updated 0 objects)
[2023.07.12-13.14.16:859][  0]LogContentStreaming: Texture pool size now 1000 MB
[2023.07.12-13.14.16:905][  0]LogSlate: Took 0.000950 seconds to synchronously load lazily loaded font '../../../Engine/Content/Slate/Fonts/Roboto-Light.ttf' (159K)
[2023.07.12-13.15.00:049][635]LogSlate: Took 0.000140 seconds to synchronously load lazily loaded font '../../../Engine/Content/Slate/Fonts/Roboto-Light.ttf' (159K)
[2023.07.12-13.15.00:364][635]LogContentBrowser: Native class hierarchy updated for 'BlueprintGraph' in 0.0009 seconds. Added 113 classes and 0 folders.
[2023.07.12-13.15.00:818][635]LogSlate: Took 0.000113 seconds to synchronously load lazily loaded font '../../../Engine/Content/Slate/Fonts/Roboto-Regular.ttf' (155K)
[2023.07.12-13.15.00:877][635]LogSlate: Took 0.000874 seconds to synchronously load lazily loaded font '../../../Engine/Content/Editor/Slate/Fonts/Roboto-BoldCondensed.ttf' (158K)
[2023.07.12-13.15.00:953][636]LogSlate: Took 0.001008 seconds to synchronously load lazily loaded font '../../../Engine/Content/Editor/Slate/Fonts/Roboto-Italic.ttf' (157K)
[2023.07.12-13.17.28:645][162]LogTemp: Repeating last play command: 選択ビューポート
[2023.07.12-13.17.28:678][162]LogBlueprintUserMessages: Early PlayInEditor Detection: Level '/Game/Map/Main.Main:PersistentLevel' has LevelScriptBlueprint '/Game/Map/Main.Main:PersistentLevel.Main' with GeneratedClass '/Game/Map/Main.Main_C' with ClassGeneratedBy '/Game/Map/Main.Main:PersistentLevel.Main'
[2023.07.12-13.17.28:678][162]BlueprintLog: New page: プレイ前に自動再コンパイル
[2023.07.12-13.17.28:681][162]LogPlayLevel: [PlayLevel] Compiling BP_Skeleton before play...
[2023.07.12-13.17.28:958][162]LogPlayLevel: [PlayLevel] Compiling BP_Award before play...
[2023.07.12-13.17.29:193][162]LogPlayLevel: PlayLevel: Blueprint regeneration took 515 ms (2 blueprints)
[2023.07.12-13.17.29:196][162]PIE: New page: PIEセッション: Main (2023/07/13 7:17:29)
[2023.07.12-13.17.29:196][162]LogPlayLevel: Creating play world package: /Game/Map/UEDPIE_0_Main
[2023.07.12-13.17.29:202][162]LogPlayLevel: PIE: StaticDuplicateObject took: (0.005342s)
[2023.07.12-13.17.29:202][162]LogAIModule: Creating AISystem for world Main
[2023.07.12-13.17.29:202][162]LogPlayLevel: PIE: World Init took: (0.000523s)
[2023.07.12-13.17.29:202][162]LogPlayLevel: PIE: Created PIE world by copying editor world from /Game/Map/Main.Main to /Game/Map/UEDPIE_0_Main.Main (0.006069s)
[2023.07.12-13.17.29:276][162]LogInit: XAudio2 using 'ライン (2- Steinberg UR22mkII )' : 2 channels at 44.1 kHz using 24 bits per sample (channel mask 0x3)
[2023.07.12-13.17.29:282][162]LogInit: FAudioDevice initialized.
[2023.07.12-13.17.29:355][162]LogLoad: Game class is 'BP_AwardGameMode_C'
[2023.07.12-13.17.29:359][162]LogWorld: Bringing World /Game/Map/UEDPIE_0_Main.Main up for play (max tick rate 0) at 2023.07.12-22.17.29
[2023.07.12-13.17.29:361][162]LogWorld: Bringing up level for play took: 0.004344
[2023.07.12-13.17.29:394][162]LogContentBrowser: Native class hierarchy updated for 'MovieSceneCapture' in 0.0006 seconds. Added 11 classes and 0 folders.
[2023.07.12-13.17.29:396][162]LogBlueprintUserMessages: [Main_C_0] Level
[2023.07.12-13.17.29:397][162]PIE: /Game/Map/UEDPIE_0_Main 0.231のプレイ イン エディタの開始時間
[2023.07.12-13.17.29:398][162]LogBlueprintUserMessages: Late PlayInEditor Detection: Level '/Game/Map/Main.Main:PersistentLevel' has LevelScriptBlueprint '/Game/Map/Main.Main:PersistentLevel.Main' with GeneratedClass '/Game/Map/Main.Main_C' with ClassGeneratedBy '/Game/Map/Main.Main:PersistentLevel.Main'
[2023.07.12-13.17.29:424][162]LogRenderer: Reallocating scene render targets to support 1292x756 Format 10 NumSamples 1 (Frame:1).
[2023.07.12-13.17.31:976][466]LogBlueprintUserMessages: [BP_Award_C_0] damage
[2023.07.12-13.17.32:351][511]LogBlueprintUserMessages: [BP_Award_C_0] damage
[2023.07.12-13.17.32:734][557]LogBlueprintUserMessages: [BP_Award_C_0] damage
[2023.07.12-13.17.33:118][603]LogBlueprintUserMessages: [BP_Award_C_0] damage
[2023.07.12-13.17.33:501][649]LogBlueprintUserMessages: [BP_Award_C_0] damage
[2023.07.12-13.17.33:884][695]LogBlueprintUserMessages: [BP_Award_C_0] damage
[2023.07.12-13.17.34:268][741]LogBlueprintUserMessages: [BP_Award_C_0] damage
[2023.07.12-13.17.34:651][787]LogBlueprintUserMessages: [BP_Award_C_0] damage
[2023.07.12-13.17.35:035][833]LogBlueprintUserMessages: [BP_Award_C_0] damage
[2023.07.12-13.17.35:418][879]LogBlueprintUserMessages: [BP_Award_C_0] damage
[2023.07.12-13.17.35:726][916]LogBlueprintUserMessages: [BP_Award_C_0] damage
[2023.07.12-13.17.36:093][960]LogBlueprintUserMessages: [BP_Award_C_0] damage
[2023.07.12-13.17.36:459][  4]LogBlueprintUserMessages: [BP_Award_C_0] damage
[2023.07.12-13.17.38:319][227]LogBlueprintUserMessages: Early EndPlayMap Detection: Level '/Game/Map/Main.Main:PersistentLevel' has LevelScriptBlueprint '/Game/Map/Main.Main:PersistentLevel.Main' with GeneratedClass '/Game/Map/Main.Main_C' with ClassGeneratedBy '/Game/Map/Main.Main:PersistentLevel.Main'
[2023.07.12-13.17.38:368][227]LogBlueprintUserMessages: Late EndPlayMap Detection: Level '/Game/Map/Main.Main:PersistentLevel' has LevelScriptBlueprint '/Game/Map/Main.Main:PersistentLevel.Main' with GeneratedClass '/Game/Map/Main.Main_C' with ClassGeneratedBy '/Game/Map/Main.Main:PersistentLevel.Main'
[2023.07.12-13.18.24:075][429]LogEditorViewport: Clicking on Actor (LMB): BP_Skeleton_C (BP_Skeleton)
[2023.07.12-13.18.30:638][197]LogTemp: Repeating last play command: 選択ビューポート
[2023.07.12-13.18.30:658][197]LogBlueprintUserMessages: Early PlayInEditor Detection: Level '/Game/Map/Main.Main:PersistentLevel' has LevelScriptBlueprint '/Game/Map/Main.Main:PersistentLevel.Main' with GeneratedClass '/Game/Map/Main.Main_C' with ClassGeneratedBy '/Game/Map/Main.Main:PersistentLevel.Main'
[2023.07.12-13.18.30:658][197]BlueprintLog: New page: プレイ前に自動再コンパイル
[2023.07.12-13.18.30:662][197]LogPlayLevel: [PlayLevel] Compiling BP_Skeleton before play...
[2023.07.12-13.18.31:138][197]LogPlayLevel: PlayLevel: Blueprint regeneration took 479 ms (1 blueprints)
[2023.07.12-13.18.31:138][197]PIE: New page: PIEセッション: Main (2023/07/13 7:18:31)
[2023.07.12-13.18.31:138][197]LogPlayLevel: Creating play world package: /Game/Map/UEDPIE_0_Main
[2023.07.12-13.18.31:143][197]LogPlayLevel: PIE: StaticDuplicateObject took: (0.005158s)
[2023.07.12-13.18.31:144][197]LogAIModule: Creating AISystem for world Main
[2023.07.12-13.18.31:144][197]LogPlayLevel: PIE: World Init took: (0.000560s)
[2023.07.12-13.18.31:144][197]LogPlayLevel: PIE: Created PIE world by copying editor world from /Game/Map/Main.Main to /Game/Map/UEDPIE_0_Main.Main (0.005910s)
[2023.07.12-13.18.31:214][197]LogInit: XAudio2 using 'ライン (2- Steinberg UR22mkII )' : 2 channels at 44.1 kHz using 24 bits per sample (channel mask 0x3)
[2023.07.12-13.18.31:220][197]LogInit: FAudioDevice initialized.
[2023.07.12-13.18.31:249][197]LogLoad: Game class is 'BP_AwardGameMode_C'
[2023.07.12-13.18.31:252][197]LogWorld: Bringing World /Game/Map/UEDPIE_0_Main.Main up for play (max tick rate 0) at 2023.07.12-22.18.31
[2023.07.12-13.18.31:252][197]LogWorld: Bringing up level for play took: 0.002904
[2023.07.12-13.18.31:253][197]LogBlueprintUserMessages: [Main_C_0] Level
[2023.07.12-13.18.31:254][197]PIE: /Game/Map/UEDPIE_0_Main 0.087のプレイ イン エディタの開始時間
[2023.07.12-13.18.31:254][197]LogBlueprintUserMessages: Late PlayInEditor Detection: Level '/Game/Map/Main.Main:PersistentLevel' has LevelScriptBlueprint '/Game/Map/Main.Main:PersistentLevel.Main' with GeneratedClass '/Game/Map/Main.Main_C' with ClassGeneratedBy '/Game/Map/Main.Main:PersistentLevel.Main'
[2023.07.12-13.18.31:270][198]LogBlueprintUserMessages: [BP_Skeleton_2] Hello
[2023.07.12-13.18.31:270][198]LogBlueprintUserMessages: [BP_Skeleton2] Hello
[2023.07.12-13.18.34:512][587]LogBlueprintUserMessages: Early EndPlayMap Detection: Level '/Game/Map/Main.Main:PersistentLevel' has LevelScriptBlueprint '/Game/Map/Main.Main:PersistentLevel.Main' with GeneratedClass '/Game/Map/Main.Main_C' with ClassGeneratedBy '/Game/Map/Main.Main:PersistentLevel.Main'
[2023.07.12-13.18.34:572][587]LogBlueprintUserMessages: Late EndPlayMap Detection: Level '/Game/Map/Main.Main:PersistentLevel' has LevelScriptBlueprint '/Game/Map/Main.Main:PersistentLevel.Main' with GeneratedClass '/Game/Map/Main.Main_C' with ClassGeneratedBy '/Game/Map/Main.Main:PersistentLevel.Main'
[2023.07.12-13.18.36:915][861]LogEditorViewport: Clicking on Actor (LMB): StaticMeshActor (plane5)
[2023.07.12-13.18.38:532][ 48]LogTemp: Repeating last play command: 選択ビューポート
[2023.07.12-13.18.38:551][ 48]LogBlueprintUserMessages: Early PlayInEditor Detection: Level '/Game/Map/Main.Main:PersistentLevel' has LevelScriptBlueprint '/Game/Map/Main.Main:PersistentLevel.Main' with GeneratedClass '/Game/Map/Main.Main_C' with ClassGeneratedBy '/Game/Map/Main.Main:PersistentLevel.Main'
[2023.07.12-13.18.38:551][ 48]LogPlayLevel: PlayLevel: No blueprints needed recompiling
[2023.07.12-13.18.38:551][ 48]PIE: New page: PIEセッション: Main (2023/07/13 7:18:38)
[2023.07.12-13.18.38:551][ 48]LogPlayLevel: Creating play world package: /Game/Map/UEDPIE_0_Main
[2023.07.12-13.18.38:556][ 48]LogPlayLevel: PIE: StaticDuplicateObject took: (0.004924s)
[2023.07.12-13.18.38:557][ 48]LogAIModule: Creating AISystem for world Main
[2023.07.12-13.18.38:557][ 48]LogPlayLevel: PIE: World Init took: (0.000485s)
[2023.07.12-13.18.38:557][ 48]LogPlayLevel: PIE: Created PIE world by copying editor world from /Game/Map/Main.Main to /Game/Map/UEDPIE_0_Main.Main (0.005585s)
[2023.07.12-13.18.38:625][ 48]LogInit: XAudio2 using 'ライン (2- Steinberg UR22mkII )' : 2 channels at 44.1 kHz using 24 bits per sample (channel mask 0x3)
[2023.07.12-13.18.38:631][ 48]LogInit: FAudioDevice initialized.
[2023.07.12-13.18.38:658][ 48]LogLoad: Game class is 'BP_AwardGameMode_C'
[2023.07.12-13.18.38:661][ 48]LogWorld: Bringing World /Game/Map/UEDPIE_0_Main.Main up for play (max tick rate 0) at 2023.07.12-22.18.38
[2023.07.12-13.18.38:661][ 48]LogWorld: Bringing up level for play took: 0.002798
[2023.07.12-13.18.38:662][ 48]LogBlueprintUserMessages: [Main_C_0] Level
[2023.07.12-13.18.38:663][ 48]PIE: /Game/Map/UEDPIE_0_Main -0.504のプレイ イン エディタの開始時間
[2023.07.12-13.18.38:663][ 48]LogBlueprintUserMessages: Late PlayInEditor Detection: Level '/Game/Map/Main.Main:PersistentLevel' has LevelScriptBlueprint '/Game/Map/Main.Main:PersistentLevel.Main' with GeneratedClass '/Game/Map/Main.Main_C' with ClassGeneratedBy '/Game/Map/Main.Main:PersistentLevel.Main'
[2023.07.12-13.18.38:677][ 49]LogBlueprintUserMessages: [BP_Skeleton_2] Hello
[2023.07.12-13.18.38:677][ 49]LogBlueprintUserMessages: [BP_Skeleton2] Hello
[2023.07.12-13.18.38:735][ 56]LogBlueprintUserMessages: [BP_Skeleton_2] Hello
[2023.07.12-13.18.38:735][ 56]LogBlueprintUserMessages: [BP_Skeleton2] Hello
[2023.07.12-13.18.38:985][ 86]LogBlueprintUserMessages: [BP_Skeleton_2] Hello
[2023.07.12-13.18.38:985][ 86]LogBlueprintUserMessages: [BP_Skeleton2] Hello
[2023.07.12-13.18.39:127][103]LogBlueprintUserMessages: [BP_Skeleton_2] Hello
[2023.07.12-13.18.39:127][103]LogBlueprintUserMessages: [BP_Skeleton2] Hello
[2023.07.12-13.18.39:377][133]LogBlueprintUserMessages: [BP_Skeleton_2] Hello
[2023.07.12-13.18.39:377][133]LogBlueprintUserMessages: [BP_Skeleton2] Hello
[2023.07.12-13.18.39:527][151]LogBlueprintUserMessages: [BP_Skeleton_2] Hello
[2023.07.12-13.18.39:527][151]LogBlueprintUserMessages: [BP_Skeleton2] Hello
[2023.07.12-13.18.39:802][184]LogBlueprintUserMessages: [BP_Skeleton_2] Hello
[2023.07.12-13.18.39:802][184]LogBlueprintUserMessages: [BP_Skeleton2] Hello
[2023.07.12-13.18.39:911][197]LogBlueprintUserMessages: [BP_Skeleton_2] Hello
[2023.07.12-13.18.39:911][197]LogBlueprintUserMessages: [BP_Skeleton2] Hello
[2023.07.12-13.18.40:177][229]LogBlueprintUserMessages: [BP_Skeleton_2] Hello
[2023.07.12-13.18.40:177][229]LogBlueprintUserMessages: [BP_Skeleton2] Hello
[2023.07.12-13.18.40:294][243]LogBlueprintUserMessages: [BP_Skeleton_2] Hello
[2023.07.12-13.18.40:294][243]LogBlueprintUserMessages: [BP_Skeleton2] Hello
[2023.07.12-13.18.40:569][276]LogBlueprintUserMessages: [BP_Skeleton_2] Hello
[2023.07.12-13.18.40:569][276]LogBlueprintUserMessages: [BP_Skeleton2] Hello
[2023.07.12-13.18.40:677][289]LogBlueprintUserMessages: [BP_Skeleton_2] Hello
[2023.07.12-13.18.40:677][289]LogBlueprintUserMessages: [BP_Skeleton2] Hello
[2023.07.12-13.18.40:711][293]LogBlueprintUserMessages: Early EndPlayMap Detection: Level '/Game/Map/Main.Main:PersistentLevel' has LevelScriptBlueprint '/Game/Map/Main.Main:PersistentLevel.Main' with GeneratedClass '/Game/Map/Main.Main_C' with ClassGeneratedBy '/Game/Map/Main.Main:PersistentLevel.Main'
[2023.07.12-13.18.40:755][293]LogBlueprintUserMessages: Late EndPlayMap Detection: Level '/Game/Map/Main.Main:PersistentLevel' has LevelScriptBlueprint '/Game/Map/Main.Main:PersistentLevel.Main' with GeneratedClass '/Game/Map/Main.Main_C' with ClassGeneratedBy '/Game/Map/Main.Main:PersistentLevel.Main'
[2023.07.12-13.18.46:193][433]LogEditorViewport: Clicking on Actor (LMB): BP_Skeleton_C (BP_Skeleton2)
[2023.07.12-13.18.47:503][583]Cmd: DELETE
[2023.07.12-13.18.47:503][583]Cmd: ACTOR DELETE
[2023.07.12-13.18.47:506][583]LogEditorActor: Deleted Actor: BP_Skeleton_C
[2023.07.12-13.18.47:526][583]LogEditorActor: Deleted 1 Actors (0.021 secs)
[2023.07.12-13.18.54:131][375]LogEditorViewport: Clicking on Actor (LMB): StaticMeshActor (plane6)
[2023.07.12-13.18.54:977][470]LogEditorViewport: Clicking on Actor (LMB): StaticMeshActor (plane5)
[2023.07.12-13.18.55:963][584]LogEditorViewport: Clicking on Actor (LMB): BP_Skeleton_C (BP_Skeleton)
[2023.07.12-13.19.00:676][139]LogEditorViewport: Clicking on Actor (LMB): StaticMeshActor (plane2)
[2023.07.12-13.19.02:228][320]LogEditorViewport: Clicking on Actor (LMB): StaticMeshActor (plane6)
[2023.07.12-13.19.03:731][495]LogEditorViewport: Clicking on Actor (LMB): BP_Skeleton_C (BP_Skeleton)
[2023.07.12-13.19.12:454][527]Cmd: MODE GRID=1
[2023.07.12-13.20.06:923][650]Cmd: MODE GRID=0
[2023.07.12-13.20.08:082][787]Cmd: MODE GRID=1
[2023.07.12-13.20.53:609][197]LogEditorViewport: Clicking on Actor (LMB): BP_Torch_C (BP_Torch2)
[2023.07.12-13.20.55:449][414]LogEditorViewport: Clicking on Actor (LMB): StaticMeshActor (plane5)
[2023.07.12-13.20.56:554][542]LogEditorViewport: Clicking on Actor (LMB): BP_Skeleton_C (BP_Skeleton)
[2023.07.12-13.21.18:830][187]Cmd: OBJ SAVEPACKAGE PACKAGE="/Game/Map/Main" FILE="../../../../../../UnrealProjects/DrAward/Content/Map/Main.umap" SILENT=true AUTOSAVING=false KEEPDIRTY=false
[2023.07.12-13.21.18:979][187]LogSavePackage: Save=120.63ms
[2023.07.12-13.21.18:979][187]LogSavePackage: Moving '../../../../../../UnrealProjects/DrAward/Saved/Main08F8C951433C9361CC35E69292F97424.tmp' to '../../../../../../UnrealProjects/DrAward/Content/Map/Main.umap'
[2023.07.12-13.21.18:982][187]LogSavePackage: Display: Finished SavePackage ../../../../../../UnrealProjects/DrAward/Content/Map/Main.umap
[2023.07.12-13.21.19:008][187]Cmd: OBJ SAVEPACKAGE PACKAGE="/Game/Map/Main_BuiltData" FILE="../../../../../../UnrealProjects/DrAward/Content/Map/Main_BuiltData.uasset" SILENT=true
[2023.07.12-13.21.19:038][187]LogSavePackage: Save=26.37ms
[2023.07.12-13.21.19:038][187]LogSavePackage: Moving '../../../../../../UnrealProjects/DrAward/Saved/Main_BuiltDataDDBFA6BF42DD17712476B8AB1B25143F.tmp' to '../../../../../../UnrealProjects/DrAward/Content/Map/Main_BuiltData.uasset'
[2023.07.12-13.21.19:039][187]LogSavePackage: Display: Finished SavePackage ../../../../../../UnrealProjects/DrAward/Content/Map/Main_BuiltData.uasset
[2023.07.12-13.24.31:063][583]BlueprintLog: New page: BP_Award をコンパイル
[2023.07.12-13.26.02:991][161]LogTemp: Repeating last play command: 選択ビューポート
[2023.07.12-13.26.03:012][161]LogBlueprintUserMessages: Early PlayInEditor Detection: Level '/Game/Map/Main.Main:PersistentLevel' has LevelScriptBlueprint '/Game/Map/Main.Main:PersistentLevel.Main' with GeneratedClass '/Game/Map/Main.Main_C' with ClassGeneratedBy '/Game/Map/Main.Main:PersistentLevel.Main'
[2023.07.12-13.26.03:012][161]BlueprintLog: New page: プレイ前に自動再コンパイル
[2023.07.12-13.26.03:016][161]LogPlayLevel: [PlayLevel] Compiling BP_Skeleton before play...
[2023.07.12-13.26.03:493][161]LogPlayLevel: PlayLevel: Blueprint regeneration took 481 ms (1 blueprints)
[2023.07.12-13.26.03:493][161]PIE: New page: PIEセッション: Main (2023/07/13 7:26:03)
[2023.07.12-13.26.03:494][161]LogPlayLevel: Creating play world package: /Game/Map/UEDPIE_0_Main
[2023.07.12-13.26.03:499][161]LogPlayLevel: PIE: StaticDuplicateObject took: (0.005438s)
[2023.07.12-13.26.03:500][161]LogAIModule: Creating AISystem for world Main
[2023.07.12-13.26.03:500][161]LogPlayLevel: PIE: World Init took: (0.000811s)
[2023.07.12-13.26.03:500][161]LogPlayLevel: PIE: Created PIE world by copying editor world from /Game/Map/Main.Main to /Game/Map/UEDPIE_0_Main.Main (0.006480s)
[2023.07.12-13.26.03:569][161]LogInit: XAudio2 using 'ライン (2- Steinberg UR22mkII )' : 2 channels at 44.1 kHz using 24 bits per sample (channel mask 0x3)
[2023.07.12-13.26.03:575][161]LogInit: FAudioDevice initialized.
[2023.07.12-13.26.03:615][161]LogLoad: Game class is 'BP_AwardGameMode_C'
[2023.07.12-13.26.03:617][161]LogWorld: Bringing World /Game/Map/UEDPIE_0_Main.Main up for play (max tick rate 0) at 2023.07.12-22.26.03
[2023.07.12-13.26.03:620][161]LogWorld: Bringing up level for play took: 0.004413
[2023.07.12-13.26.03:621][161]LogBlueprintUserMessages: [Main_C_1] Level
[2023.07.12-13.26.03:622][161]PIE: /Game/Map/UEDPIE_0_Main 0.445のプレイ イン エディタの開始時間
[2023.07.12-13.26.03:622][161]LogBlueprintUserMessages: Late PlayInEditor Detection: Level '/Game/Map/Main.Main:PersistentLevel' has LevelScriptBlueprint '/Game/Map/Main.Main:PersistentLevel.Main' with GeneratedClass '/Game/Map/Main.Main_C' with ClassGeneratedBy '/Game/Map/Main.Main:PersistentLevel.Main'
[2023.07.12-13.26.08:950][794]LogBlueprintUserMessages: [BP_Award_C_0] damage
[2023.07.12-13.26.08:950][794]LogBlueprintUserMessages: [BP_Skeleton_2] Hello
[2023.07.12-13.26.09:300][836]LogBlueprintUserMessages: [BP_Award_C_0] damage
[2023.07.12-13.26.09:301][836]LogBlueprintUserMessages: [BP_Skeleton_2] Hello
[2023.07.12-13.26.09:684][882]LogBlueprintUserMessages: [BP_Award_C_0] damage
[2023.07.12-13.26.09:684][882]LogBlueprintUserMessages: [BP_Skeleton_2] Hello
[2023.07.12-13.26.10:067][928]LogBlueprintUserMessages: [BP_Award_C_0] damage
[2023.07.12-13.26.10:067][928]LogBlueprintUserMessages: [BP_Skeleton_2] Hello
[2023.07.12-13.26.11:192][ 63]LogBlueprintUserMessages: [BP_Award_C_0] damage
[2023.07.12-13.26.11:192][ 63]LogBlueprintUserMessages: [BP_Skeleton_2] Hello
[2023.07.12-13.26.22:930][471]LogBlueprintUserMessages: Early EndPlayMap Detection: Level '/Game/Map/Main.Main:PersistentLevel' has LevelScriptBlueprint '/Game/Map/Main.Main:PersistentLevel.Main' with GeneratedClass '/Game/Map/Main.Main_C' with ClassGeneratedBy '/Game/Map/Main.Main:PersistentLevel.Main'
[2023.07.12-13.26.23:011][471]LogBlueprintUserMessages: Late EndPlayMap Detection: Level '/Game/Map/Main.Main:PersistentLevel' has LevelScriptBlueprint '/Game/Map/Main.Main:PersistentLevel.Main' with GeneratedClass '/Game/Map/Main.Main_C' with ClassGeneratedBy '/Game/Map/Main.Main:PersistentLevel.Main'
[2023.07.12-13.26.41:526][659]LogEditorTransaction: Undo 選択対象を削除
[2023.07.12-13.26.41:544][659]LogSlate: Took 0.000232 seconds to synchronously load lazily loaded font '../../../Engine/Content/Slate/Fonts/Roboto-Light.ttf' (159K)
[2023.07.12-13.27.52:251][195]Cmd: OBJ SAVEPACKAGE PACKAGE="/Game/Map/Main" FILE="../../../../../../UnrealProjects/DrAward/Content/Map/Main.umap" SILENT=true AUTOSAVING=false KEEPDIRTY=false
[2023.07.12-13.27.52:397][195]LogSavePackage: Save=120.76ms
[2023.07.12-13.27.52:397][195]LogSavePackage: Moving '../../../../../../UnrealProjects/DrAward/Saved/MainA2831E2F419C984DAF4108B8E7F974F3.tmp' to '../../../../../../UnrealProjects/DrAward/Content/Map/Main.umap'
[2023.07.12-13.27.52:400][195]LogSavePackage: Display: Finished SavePackage ../../../../../../UnrealProjects/DrAward/Content/Map/Main.umap
[2023.07.12-13.27.52:428][195]LogFileHelpers: Saving map 'Main' took 0.217
[2023.07.12-13.27.52:439][195]Cmd: OBJ SAVEPACKAGE PACKAGE="/Game/BP/BP_Skeleton" FILE="../../../../../../UnrealProjects/DrAward/Content/BP/BP_Skeleton.uasset" SILENT=true
[2023.07.12-13.27.52:478][195]LogSavePackage: Save=34.50ms
[2023.07.12-13.27.52:478][195]LogSavePackage: Moving '../../../../../../UnrealProjects/DrAward/Saved/BP_SkeletonA6AD97A7447ECBF60A5C159AC6CDAF5A.tmp' to '../../../../../../UnrealProjects/DrAward/Content/BP/BP_Skeleton.uasset'
[2023.07.12-13.27.52:480][195]LogSavePackage: Display: Finished SavePackage ../../../../../../UnrealProjects/DrAward/Content/BP/BP_Skeleton.uasset
[2023.07.12-13.27.52:492][195]Cmd: OBJ SAVEPACKAGE PACKAGE="/Game/BP/BP_Award" FILE="../../../../../../UnrealProjects/DrAward/Content/BP/BP_Award.uasset" SILENT=true
[2023.07.12-13.27.52:526][195]LogSavePackage: Save=28.93ms
[2023.07.12-13.27.52:526][195]LogSavePackage: Moving '../../../../../../UnrealProjects/DrAward/Saved/BP_AwardEF6835ED49CB71DB57BE7DB3153A584A.tmp' to '../../../../../../UnrealProjects/DrAward/Content/BP/BP_Award.uasset'
[2023.07.12-13.27.52:528][195]LogSavePackage: Display: Finished SavePackage ../../../../../../UnrealProjects/DrAward/Content/BP/BP_Award.uasset
