Log file open, 08/06/23 15:51:30
LogWindows: Failed to load 'aqProf.dll' (GetLastError=126)
LogWindows: File 'aqProf.dll' does not exist
LogWindows: Failed to load 'VSPerf140.dll' (GetLastError=126)
LogWindows: File 'VSPerf140.dll' does not exist
LogWindows: Failed to load 'VtuneApi.dll' (GetLastError=126)
LogWindows: File 'VtuneApi.dll' does not exist
LogWindows: Failed to load 'VtuneApi32e.dll' (GetLastError=126)
LogWindows: File 'VtuneApi32e.dll' does not exist
LogInit: Display: Running engine for game: DrAward
LogPlatformFile: Not using cached read wrapper
LogInit: Display: RandInit(-1107685021) SRandInit(-1107685021).
LogTaskGraph: Started task graph with 5 named threads and 38 total threads with 3 sets of task threads.
LogStats: Stats thread started at 0.408570
LogD3D11RHI: Aftermath initialized
LogPluginManager: Mounting plugin Paper2D
LogPluginManager: Mounting plugin LightPropagationVolume
LogPluginManager: Mounting plugin CodeLiteSourceCodeAccess
LogPluginManager: Mounting plugin GitSourceControl
LogPluginManager: Mounting plugin KDevelopSourceCodeAccess
LogPluginManager: Mounting plugin NullSourceCodeAccess
LogPluginManager: Mounting plugin PerforceSourceControl
LogPluginManager: Mounting plugin SubversionSourceControl
LogPluginManager: Mounting plugin UObjectPlugin
LogPluginManager: Mounting plugin VisualStudioSourceCodeAccess
LogPluginManager: Mounting plugin XCodeSourceCodeAccess
LogPluginManager: Mounting plugin AssetManagerEditor
LogPluginManager: Mounting plugin AudioCapture
LogPluginManager: Mounting plugin FacialAnimation
LogPluginManager: Mounting plugin GameplayTagsEditor
LogPluginManager: Mounting plugin MobileLauncherProfileWizard
LogPluginManager: Mounting plugin PluginBrowser
LogPluginManager: Mounting plugin SpeedTreeImporter
LogPluginManager: Mounting plugin AlembicImporter
LogPluginManager: Mounting plugin CharacterAI
LogPluginManager: Mounting plugin HTML5Networking
LogPluginManager: Mounting plugin AndroidMedia
LogPluginManager: Mounting plugin AvfMedia
LogPluginManager: Mounting plugin MediaPlayerEditor
LogPluginManager: Mounting plugin WmfMedia
LogPluginManager: Mounting plugin TcpMessaging
LogPluginManager: Mounting plugin UdpMessaging
LogPluginManager: Mounting plugin LevelSequenceEditor
LogPluginManager: Mounting plugin MatineeToLevelSequence
LogPluginManager: Mounting plugin OnlineSubsystemGooglePlay
LogPluginManager: Mounting plugin OnlineSubsystemIOS
LogPluginManager: Mounting plugin OnlineSubsystem
LogPluginManager: Mounting plugin OnlineSubsystemNull
LogPluginManager: Mounting plugin OnlineSubsystemUtils
LogPluginManager: Mounting plugin AndroidDeviceProfileSelector
LogPluginManager: Mounting plugin AndroidMoviePlayer
LogPluginManager: Mounting plugin AndroidPermission
LogPluginManager: Mounting plugin AppleMoviePlayer
LogPluginManager: Mounting plugin ArchVisCharacter
LogPluginManager: Mounting plugin CableComponent
LogPluginManager: Mounting plugin CustomMeshComponent
LogPluginManager: Mounting plugin ExampleDeviceProfileSelector
LogPluginManager: Mounting plugin GoogleCloudMessaging
LogPluginManager: Mounting plugin ImmediatePhysics
LogPluginManager: Mounting plugin IOSDeviceProfileSelector
LogPluginManager: Mounting plugin LinuxDeviceProfileSelector
LogPluginManager: Mounting plugin LocationServicesBPLibrary
LogPluginManager: Mounting plugin MobilePatchingUtils
LogPluginManager: Mounting plugin OculusVR
LogPluginManager: Mounting plugin PhysXVehicles
LogPluginManager: Mounting plugin ProceduralMeshComponent
LogPluginManager: Mounting plugin RuntimePhysXCooking
LogPluginManager: Mounting plugin SteamVR
LogPluginManager: Mounting plugin WindowsMoviePlayer
LogInit: Using libcurl 7.47.1
LogInit:  - built for x86_64-pc-win32
LogInit:  - supports SSL with OpenSSL/1.0.2g
LogInit:  - supports HTTP deflate (compression) using libz 1.2.8
LogInit:  - other features:
LogInit:      CURL_VERSION_SSL
LogInit:      CURL_VERSION_LIBZ
LogInit:      CURL_VERSION_IPV6
LogInit:      CURL_VERSION_ASYNCHDNS
LogInit:      CURL_VERSION_LARGEFILE
LogInit:      CURL_VERSION_IDN
LogInit:  CurlRequestOptions (configurable via config and command line):
LogInit:  - bVerifyPeer = false  - Libcurl will NOT verify peer certificate
LogInit:  - bUseHttpProxy = false  - Libcurl will NOT use HTTP proxy
LogInit:  - bDontReuseConnections = false  - Libcurl will reuse connections
LogInit:  - CertBundlePath = nullptr  - Libcurl will use whatever was configured at build time.
LogInit: Build: ++UE4+Release-4.17-CL-3658906
LogInit: Engine Version: 4.17.2-3658906+++UE4+Release-4.17
LogInit: Compatible Engine Version: 4.17.0-3573198+++UE4+Release-4.17
LogInit: Net CL: 3573198
LogDevObjectVersion: Number of dev versions registered: 16
LogDevObjectVersion:   Dev-Blueprints (B0D832E4-1F89-4F0D-ACCF-7EB736FD4AA2): 10
LogDevObjectVersion:   Dev-Build (E1C64328-A22C-4D53-A36C-8E866417BD8C): 0
LogDevObjectVersion:   Dev-Core (375EC13C-06E4-48FB-B500-84F0262A717E): 2
LogDevObjectVersion:   Dev-Editor (E4B068ED-F494-42E9-A231-DA0B2E46BB41): 20
LogDevObjectVersion:   Dev-Framework (CFFC743F-43B0-4480-9391-14DF171D2073): 28
LogDevObjectVersion:   Dev-Mobile (B02B49B5-BB20-44E9-A304-32B752E40360): 0
LogDevObjectVersion:   Dev-Networking (A4E4105C-59A1-49B5-A7C5-40C4547EDFEE): 0
LogDevObjectVersion:   Dev-Online (39C831C9-5AE6-47DC-9A44-9C173E1C8E7C): 0
LogDevObjectVersion:   Dev-Physics (78F01B33-EBEA-4F98-B9B4-84EACCB95AA2): 0
LogDevObjectVersion:   Dev-Platform (6631380F-2D4D-43E0-8009-CF276956A95A): 0
LogDevObjectVersion:   Dev-Rendering (12F88B9F-8875-4AFC-A67C-D90C383ABD29): 19
LogDevObjectVersion:   Dev-Sequencer (7B5AE74C-D270-4C10-A958-57980B212A5A): 4
LogDevObjectVersion:   Dev-VR (D7296918-1DD6-4BDD-9DE2-64A83CC13884): 0
LogDevObjectVersion:   Dev-LoadTimes (C2A15278-BFE7-4AFE-6C17-90FF531DF755): 1
LogDevObjectVersion:   Private-Geometry (6EACA3D4-40EC-4CC1-B786-8BED09428FC5): 1
LogDevObjectVersion:   Dev-AnimPhys (29E575DD-E0A3-4627-9D10-D276232CDCEA): 7
LogInit: Compiled (64-bit): Sep 22 2017 13:47:16
LogInit: Compiled with Visual C++: 19.00.24215.01
LogInit: Build Configuration: Development
LogInit: Branch Name: ++UE4+Release-4.17
LogInit: Command line: 
LogInit: Base directory: D:/Program Files/Epic Games/UE_4.17/Engine/Binaries/Win64/
LogInit: Installed Engine Build: 1
LogInit: Presizing for max 8388607 objects, including 0 objects not considered by GC, pre-allocating 0 bytes for permanent pool.
LogInit: Object subsystem initialized
[2023.08.06-06.51.30:499][  0]LogInit: Selected Device Profile: [Windows]
[2023.08.06-06.51.30:499][  0]LogInit: Applying CVar settings loaded from the selected device profile: [Windows]
[2023.08.06-06.51.30:511][  0]LogInit: Computer: DESKTOP-DFBAQQ3
[2023.08.06-06.51.30:511][  0]LogInit: User: 81901
[2023.08.06-06.51.30:511][  0]LogInit: CPU Page size=4096, Cores=12
[2023.08.06-06.51.30:511][  0]LogInit: High frequency timer resolution =10.000000 MHz
[2023.08.06-06.51.30:511][  0]LogMemory: Memory total: Physical=31.9GB (32GB approx)
[2023.08.06-06.51.30:511][  0]LogMemory: Platform Memory Stats for Windows
[2023.08.06-06.51.30:511][  0]LogMemory: Process Physical Memory: 289.10 MB used, 289.10 MB peak
[2023.08.06-06.51.30:511][  0]LogMemory: Process Virtual Memory: 285.39 MB used, 285.39 MB peak
[2023.08.06-06.51.30:511][  0]LogMemory: Physical Memory: 11771.54 MB used,  20920.53 MB free, 32692.06 MB total
[2023.08.06-06.51.30:511][  0]LogMemory: Virtual Memory: 4825.87 MB used,  20920.53 MB free, 134217728.00 MB total
[2023.08.06-06.51.30:649][  0]LogInit: Using OS detected language (ja-JP).
[2023.08.06-06.51.30:649][  0]LogInit: Using OS detected locale (ja-JP).
[2023.08.06-06.51.30:652][  0]LogTextLocalizationManager: No specific localization for 'ja-JP' exists, so the 'ja' localization will be used.
[2023.08.06-06.51.31:065][  0]LogD3D11RHI: D3D11 adapters:
[2023.08.06-06.51.31:176][  0]LogD3D11RHI:    0. 'NVIDIA GeForce RTX 3070' (Feature Level 11_0)
[2023.08.06-06.51.31:176][  0]LogD3D11RHI:       8031/0/16346 MB DedicatedVideo/DedicatedSystem/SharedSystem, Outputs:2, VendorId:0x10de
[2023.08.06-06.51.31:179][  0]LogD3D11RHI:    1. 'Microsoft Basic Render Driver' (Feature Level 11_0)
[2023.08.06-06.51.31:179][  0]LogD3D11RHI:       0/0/16346 MB DedicatedVideo/DedicatedSystem/SharedSystem, Outputs:0, VendorId:0x1414
[2023.08.06-06.51.31:179][  0]LogD3D11RHI: Chosen D3D11 Adapter: 0
[2023.08.06-06.51.31:188][  0]LogD3D11RHI: Creating new Direct3DDevice
[2023.08.06-06.51.31:188][  0]LogD3D11RHI:     GPU DeviceId: 0x2484 (for the marketing name, search the web for "GPU Device Id")
[2023.08.06-06.51.31:188][  0]LogWindows: EnumDisplayDevices:
[2023.08.06-06.51.31:188][  0]LogWindows:    0. 'NVIDIA GeForce RTX 3070' (P:1 D:1)
[2023.08.06-06.51.31:188][  0]LogWindows:    1. 'NVIDIA GeForce RTX 3070' (P:0 D:1)
[2023.08.06-06.51.31:188][  0]LogWindows:    2. 'NVIDIA GeForce RTX 3070' (P:0 D:0)
[2023.08.06-06.51.31:189][  0]LogWindows:    3. 'NVIDIA GeForce RTX 3070' (P:0 D:0)
[2023.08.06-06.51.31:189][  0]LogWindows: DebugString: GetVideoDriverDetailsInvalid PrimaryIsNotTheChoosenAdapter GetVideoDriverDetailsInvalid PrimaryIsNotTheChoosenAdapter GetVideoDriverDetailsInvalid PrimaryIsNotTheChoosenAdapter GetVideoDriverDetailsInvalid PrimaryIsNotTheChoosenAdapter FoundDriverCount:0 
[2023.08.06-06.51.31:189][  0]LogD3D11RHI:     Adapter Name: NVIDIA GeForce RTX 3070
[2023.08.06-06.51.31:189][  0]LogD3D11RHI:   Driver Version: Unknown (internal:Unknown, unified:Unknown)
[2023.08.06-06.51.31:189][  0]LogD3D11RHI:      Driver Date: Unknown
[2023.08.06-06.51.31:189][  0]LogRHI: Texture pool is 1361 MB (70% of 1945 MB)
[2023.08.06-06.51.31:259][  0]LogD3D11RHI: Async texture creation enabled
[2023.08.06-06.51.31:279][  0]LogD3D11RHI: GPU Timing Frequency: 1000.000000 (Debug: 2 2)
[2023.08.06-06.51.31:282][  0]LogD3D11RHI: HDR output is supported on display 1 (NvId: 0x80061080).
[2023.08.06-06.51.31:282][  0]LogShaderCompilers: Guid format shader working directory is 5 characters bigger than the processId version (../../../../../../UnrealProjects/DrAward/Intermediate/Shaders/WorkingDirectory/18592/).
[2023.08.06-06.51.31:282][  0]LogShaderCompilers: Cleaned the shader compiler working directory 'C:/Users/81901/AppData/Local/Temp/UnrealShaderWorkingDir/6D56E00D4A12AA7FE01B3FA59831235F/'.
[2023.08.06-06.51.31:282][  0]LogShaderCompilers: Display: Using Local Shader Compiler.
[2023.08.06-06.51.32:127][  0]LogTemp: Display: Loaded TP AllDesktopTargetPlatform
[2023.08.06-06.51.32:160][  0]LogTemp: Display: Loaded TP MacClientTargetPlatform
[2023.08.06-06.51.32:194][  0]LogTemp: Display: Loaded TP MacNoEditorTargetPlatform
[2023.08.06-06.51.32:227][  0]LogTemp: Display: Loaded TP MacServerTargetPlatform
[2023.08.06-06.51.32:260][  0]LogTemp: Display: Loaded TP MacTargetPlatform
[2023.08.06-06.51.32:293][  0]LogTemp: Display: Loaded TP WindowsClientTargetPlatform
[2023.08.06-06.51.32:326][  0]LogTemp: Display: Loaded TP WindowsNoEditorTargetPlatform
[2023.08.06-06.51.32:359][  0]LogTemp: Display: Loaded TP WindowsServerTargetPlatform
[2023.08.06-06.51.32:385][  0]LogTemp: Display: Loaded TP WindowsTargetPlatform
[2023.08.06-06.51.32:417][  0]LogTemp: Display: Loaded TP AndroidTargetPlatform
[2023.08.06-06.51.32:449][  0]LogTemp: Display: Loaded TP Android_ASTCTargetPlatform
[2023.08.06-06.51.32:480][  0]LogTemp: Display: Loaded TP Android_ATCTargetPlatform
[2023.08.06-06.51.32:512][  0]LogTemp: Display: Loaded TP Android_DXTTargetPlatform
[2023.08.06-06.51.32:544][  0]LogTemp: Display: Loaded TP Android_ETC1TargetPlatform
[2023.08.06-06.51.32:575][  0]LogTemp: Display: Loaded TP Android_ETC2TargetPlatform
[2023.08.06-06.51.32:640][  0]LogTemp: Display: Loaded TP Android_MultiTargetPlatform
[2023.08.06-06.51.32:640][  0]LogTemp: Display: Loaded TP Android_PVRTCTargetPlatform
[2023.08.06-06.51.32:663][  0]LogTemp: Display: Loaded TP HTML5TargetPlatform
[2023.08.06-06.51.32:728][  0]LogTemp: Display: Loaded TP IOSTargetPlatform
[2023.08.06-06.51.32:747][  0]LogTemp: Display: Loaded TP TVOSTargetPlatform
[2023.08.06-06.51.32:778][  0]LogTemp: Display: Loaded TP LinuxClientTargetPlatform
[2023.08.06-06.51.32:810][  0]LogTemp: Display: Loaded TP LinuxNoEditorTargetPlatform
[2023.08.06-06.51.32:842][  0]LogTemp: Display: Loaded TP LinuxServerTargetPlatform
[2023.08.06-06.51.32:874][  0]LogTemp: Display: Loaded TP LinuxTargetPlatform
[2023.08.06-06.51.32:874][  0]LogTargetPlatformManager: Display: Building Assets For Windows
[2023.08.06-06.51.33:154][  0]LogDerivedDataCache: Display: Max Cache Size: 512 MB
[2023.08.06-06.51.33:224][  0]LogDerivedDataCache: Loaded boot cache 0.07s 93MB C:/Users/81901/AppData/Local/UnrealEngine/4.17/DerivedDataCache/Boot.ddc.
[2023.08.06-06.51.33:224][  0]LogDerivedDataCache: Display: Loaded Boot cache: C:/Users/81901/AppData/Local/UnrealEngine/4.17/DerivedDataCache/Boot.ddc
[2023.08.06-06.51.33:224][  0]LogDerivedDataCache: FDerivedDataBackendGraph:  Pak pak cache file ../../../../../../UnrealProjects/DrAward/DerivedDataCache/DDC.ddp not found, will not use a pak cache.
[2023.08.06-06.51.33:224][  0]LogDerivedDataCache: Unable to find inner node Pak for hierarchical cache Hierarchy.
[2023.08.06-06.51.33:224][  0]LogDerivedDataCache: FDerivedDataBackendGraph:  CompressedPak pak cache file ../../../../../../UnrealProjects/DrAward/DerivedDataCache/Compressed.ddp not found, will not use a pak cache.
[2023.08.06-06.51.33:224][  0]LogDerivedDataCache: Unable to find inner node CompressedPak for hierarchical cache Hierarchy.
[2023.08.06-06.51.33:241][  0]LogDerivedDataCache: Display: Pak cache opened for reading ../../../Engine/DerivedDataCache/Compressed.ddp.
[2023.08.06-06.51.33:252][  0]LogDerivedDataCache: Using Local data cache path C:/Users/81901/AppData/Local/UnrealEngine/Common/DerivedDataCache: Writable
[2023.08.06-06.51.33:261][  0]LogMaterial: Verifying Global Shaders for PCD3D_SM5
[2023.08.06-06.51.33:261][  0]LogSlate: Using Freetype 2.6.0
[2023.08.06-06.51.33:262][  0]LogSlate: SlateFontCache - WITH_FREETYPE: 1, WITH_HARFBUZZ: 1
[2023.08.06-06.51.33:262][  0]LogSlate: SlateFontCache - WITH_FREETYPE: 1, WITH_HARFBUZZ: 1
[2023.08.06-06.51.33:485][  0]LogAssetRegistry: FAssetRegistry took 0.0254 seconds to start up
[2023.08.06-06.51.33:574][  0]LogInit: Selected Device Profile: [Windows]
[2023.08.06-06.51.33:677][  0]LogContentStreaming: Texture pool size is 0.00 MB
[2023.08.06-06.51.33:862][  0]LogSimplygon: Simplygon DLL not present - disabling.
[2023.08.06-06.51.33:885][  0]LogMeshReduction: Using SimplygonSwarm for distributed automatic mesh merging
[2023.08.06-06.51.33:885][  0]LogMeshReduction: Using QuadricMeshReduction for automatic static mesh reduction
[2023.08.06-06.51.33:885][  0]LogMeshReduction: No automatic skeletal mesh reduction module available
[2023.08.06-06.51.33:885][  0]LogMeshReduction: No automatic mesh merging module available
[2023.08.06-06.51.33:885][  0]LogMeshMerging: No automatic mesh merging module available
[2023.08.06-06.51.34:118][  0]LogNetVersion: DrAward , NetCL: 3573198, EngineNetVer: 2, GameNetVer: 0 (Checksum: 550400037)
[2023.08.06-06.51.34:277][  0]LogPackageLocalizationCache: Processed 5 localized package path(s) for 2 prioritized culture(s) in 0.049447 seconds
[2023.08.06-06.51.34:283][  0]LogUObjectArray: 35825 objects as part of root set at end of initial load.
[2023.08.06-06.51.34:283][  0]LogUObjectAllocator: 7529104 out of 0 bytes used by permanent object pool.
[2023.08.06-06.51.34:283][  0]LogUObjectArray: CloseDisregardForGC: 0/0 objects in disregard for GC pool
[2023.08.06-06.51.34:313][  0]LogInit: WinSock: version 1.1 (2.2), MaxSocks=32767, MaxUdp=65467
[2023.08.06-06.51.35:983][  0]LogTcpMessaging: Initializing TcpMessaging bridge
[2023.08.06-06.51.36:011][  0]LogUdpMessaging: Initializing bridge on interface 0.0.0.0:0 to multicast group 230.0.0.1:6666.
[2023.08.06-06.51.36:415][  0]LogMaterial: Uniform references updated for custom material expression Custom.
[2023.08.06-06.51.36:656][  0]SourceControl: ソースコントロールは無効です
[2023.08.06-06.51.36:656][  0]SourceControl: ソースコントロールは無効です
[2023.08.06-06.51.36:684][  0]SourceControl: ソースコントロールは無効です
[2023.08.06-06.51.36:711][  0]SourceControl: ソースコントロールは無効です
[2023.08.06-06.51.37:045][  0]LogAndroidPermission: UAndroidPermissionCallbackProxy::GetInstance
[2023.08.06-06.51.37:189][  0]LogOcInput: OculusInput pre-init called
[2023.08.06-06.51.37:345][  0]LogEngine: Initializing Engine...
[2023.08.06-06.51.37:347][  0]LogHMD: Failed to initialize OpenVR with code 110
[2023.08.06-06.51.37:489][  0]LogStats: UGameplayTagsManager::ConstructGameplayTagTree: Construct from data asset -  0.000 s
[2023.08.06-06.51.37:489][  0]LogStats: UGameplayTagsManager::ConstructGameplayTagTree: GameplayTagTreeChangedEvent.Broadcast -  0.000 s
[2023.08.06-06.51.37:563][  0]LogAIModule: Creating AISystem for world Untitled
[2023.08.06-06.51.37:622][  0]LogInit: XAudio2 using 'ライン (Steinberg UR22mkII )' : 2 channels at 44.1 kHz using 24 bits per sample (channel mask 0x3)
[2023.08.06-06.51.37:636][  0]LogInit: FAudioDevice initialized.
[2023.08.06-06.51.37:723][  0]LogDerivedDataCache: Saved boot cache 0.09s 93MB C:/Users/81901/AppData/Local/UnrealEngine/4.17/DerivedDataCache/Boot.ddc.
[2023.08.06-06.51.37:732][  0]LogInit: Texture streaming: Enabled
[2023.08.06-06.51.37:797][  0]LogEngineSessionManager: EngineSessionManager initialized
[2023.08.06-06.51.37:925][  0]LogInit: Transaction tracking system initialized
[2023.08.06-06.51.38:094][  0]BlueprintLog: New page: エディタの読み込み
[2023.08.06-06.51.38:579][  0]LocalizationService: ローカライズのサービスが無効になりました
[2023.08.06-06.51.38:973][  0]LogConsoleResponse: Display: 
[2023.08.06-06.51.39:095][  0]LogCook: Display: Max memory allowance for cook 16384mb min free memory 0mb
[2023.08.06-06.51.39:095][  0]LogCook: Display: Mobile HDR setting 1
[2023.08.06-06.51.39:095][  0]LogGameplayTags: Display: UGameplayTagsManager::DoneAddingNativeTags. DelegateIsBound: 0
[2023.08.06-06.51.39:501][  0]LogFileCache: Scanning file cache for directory 'D:/UnrealProjects/DrAward/Content/' took 0.01s
[2023.08.06-06.51.39:715][  0]SourceControl: ソースコントロールは無効です
[2023.08.06-06.51.39:716][  0]Cmd: MAP LOAD FILE="../../../../../../UnrealProjects/DrAward/Content/Map/Main.umap" TEMPLATE=0 SHOWPROGRESS=1 FEATURELEVEL=3
[2023.08.06-06.51.39:716][  0]LightingResults: New page: ライティングのビルド
[2023.08.06-06.51.39:739][  0]MapCheck: New page: マップをチェック
[2023.08.06-06.51.39:739][  0]LightingResults: New page: <何も選択されていません>
[2023.08.06-06.51.40:065][  0]LogAIModule: Creating AISystem for world Main
[2023.08.06-06.51.40:081][  0]LogEditorServer: Finished looking for orphan Actors (0.000 secs)
[2023.08.06-06.51.40:105][  0]Cmd: MAP CHECKDEP NOCLEARLOG
[2023.08.06-06.51.40:146][  0]MapCheck: マップチェックが完了: 0 エラー、 0 警告、完了に 40.853ミリ秒かかりました。
[2023.08.06-06.51.40:146][  0]LogFileHelpers: Loading map 'Main' took 0.430
[2023.08.06-06.51.40:232][  0]LogWindowsTextInputMethodSystem: Display: IME system now activated using TSF (Microsoft IME).
[2023.08.06-06.51.40:311][  0]LogCollectionManager: Loaded 0 collections in 0.000880 seconds
[2023.08.06-06.51.40:372][  0]LogFileCache: Scanning file cache for directory 'D:/UnrealProjects/DrAward/Saved/Collections/' took 0.01s
[2023.08.06-06.51.40:372][  0]LogFileCache: Scanning file cache for directory 'D:/UnrealProjects/DrAward/Content/Developers/81901/Collections/' took 0.01s
[2023.08.06-06.51.40:372][  0]LogFileCache: Scanning file cache for directory 'D:/UnrealProjects/DrAward/Content/Collections/' took 0.01s
[2023.08.06-06.51.40:372][  0]LogCollectionManager: Rebuilt the GUID cache for 0 collections in 0.000000 seconds
[2023.08.06-06.51.40:380][  0]LogContentBrowser: Native class hierarchy populated in 0.0081 seconds. Added 2386 classes and 500 folders.
[2023.08.06-06.51.40:415][  0]LogContentBrowser: Native class hierarchy updated for 'WidgetCarousel' in 0.0006 seconds. Added 0 classes and 0 folders.
[2023.08.06-06.51.40:449][  0]LogContentBrowser: Native class hierarchy updated for 'AddContentDialog' in 0.0006 seconds. Added 0 classes and 0 folders.
[2023.08.06-06.51.40:476][  0]LogContentBrowser: Native class hierarchy updated for 'SceneOutliner' in 0.0006 seconds. Added 1 classes and 2 folders.
[2023.08.06-06.51.40:499][  0]LogSlate: Took 0.000319 seconds to synchronously load lazily loaded font '../../../Engine/Content/Slate/Fonts/Roboto-Regular.ttf' (155K)
[2023.08.06-06.51.40:502][  0]LogSlate: Took 0.002485 seconds to synchronously load lazily loaded font '../../../Engine/Content/Slate/Fonts/DroidSansFallback.ttf' (3848K)
[2023.08.06-06.51.40:503][  0]LogSlate: Took 0.000236 seconds to synchronously load lazily loaded font '../../../Engine/Content/Slate/Fonts/Roboto-Bold.ttf' (160K)
[2023.08.06-06.51.40:506][  0]LogSlate: Took 0.000379 seconds to synchronously load lazily loaded font '../../../Engine/Content/Editor/Slate/Fonts/FontAwesome.ttf' (139K)
[2023.08.06-06.51.40:567][  0]LogRenderer: Reallocating scene render targets to support 1208x568 Format 10 NumSamples 1 (Frame:1).
[2023.08.06-06.51.40:698][  0]LogContentBrowser: Native class hierarchy updated for 'HierarchicalLODOutliner' in 0.0007 seconds. Added 1 classes and 2 folders.
[2023.08.06-06.51.40:698][  0]LogLoad: (Engine Initialization) Total time: 12.02 seconds
[2023.08.06-06.51.40:698][  0]LogLoad: (Engine Initialization) Total Blueprint compile time: 0.00 seconds
[2023.08.06-06.51.40:699][  0]LogExternalProfiler: No external profilers were discovered.  External profiling features will not be available.
[2023.08.06-06.51.40:729][  0]LogAssetRegistry: Asset discovery search completed in 7.2654 seconds
[2023.08.06-06.51.40:730][  0]LogCollectionManager: Rebuilt the object cache for 0 collections in 0.000001 seconds (found 0 objects)
[2023.08.06-06.51.40:730][  0]LogCollectionManager: Fixed up redirectors for 0 collections in 0.000047 seconds (updated 0 objects)
[2023.08.06-06.51.40:733][  0]LogContentStreaming: Texture pool size now 1000 MB
[2023.08.06-06.51.40:780][  0]LogSlate: Took 0.000309 seconds to synchronously load lazily loaded font '../../../Engine/Content/Slate/Fonts/Roboto-Light.ttf' (159K)
[2023.08.06-06.51.41:728][110]LogSlate: Took 0.000266 seconds to synchronously load lazily loaded font '../../../Engine/Content/Slate/Fonts/Roboto-Light.ttf' (159K)
[2023.08.06-06.52.14:629][115]LogEditorViewport: Clicking Background
[2023.08.06-06.52.50:300][239]LogSlate: Took 0.000207 seconds to synchronously load lazily loaded font '../../../Engine/Content/Slate/Fonts/Roboto-Light.ttf' (159K)
[2023.08.06-06.52.54:200][239]Cmd: OBJ SAVEPACKAGE PACKAGE="/Game/Map/Start" FILE="../../../../../../UnrealProjects/DrAward/Content/Map/Start.umap" SILENT=true AUTOSAVING=false KEEPDIRTY=false
[2023.08.06-06.52.54:228][239]LogSavePackage: Save=6.15ms
[2023.08.06-06.52.54:228][239]LogSavePackage: Moving '../../../../../../UnrealProjects/DrAward/Saved/StartFBEFFCA4407AF6B7450E1A9B6DF0A3BE.tmp' to '../../../../../../UnrealProjects/DrAward/Content/Map/Start.umap'
[2023.08.06-06.52.54:232][239]LogSavePackage: Display: Finished SavePackage ../../../../../../UnrealProjects/DrAward/Content/Map/Start.umap
[2023.08.06-06.52.54:232][239]LogFileHelpers: Saving map 'Start' took 0.074
[2023.08.06-06.52.54:234][239]Cmd: MAP LOAD FILE="../../../../../../UnrealProjects/DrAward/Content/Map/Start.umap" TEMPLATE=0 SHOWPROGRESS=1 FEATURELEVEL=3
[2023.08.06-06.52.54:235][239]LightingResults: New page: ライティングのビルド
[2023.08.06-06.52.54:236][239]LoadErrors: New page: マップをロード中: Start.umap
[2023.08.06-06.52.54:237][239]MapCheck: New page: マップをチェック
[2023.08.06-06.52.54:237][239]LightingResults: New page: <何も選択されていません>
[2023.08.06-06.52.54:260][239]LogEditorServer: Finished looking for orphan Actors (0.000 secs)
[2023.08.06-06.52.54:261][239]LogAIModule: Creating AISystem for world Start
[2023.08.06-06.52.54:283][239]LogSlate: Took 0.000244 seconds to synchronously load lazily loaded font '../../../Engine/Content/Slate/Fonts/Roboto-Regular.ttf' (155K)
[2023.08.06-06.52.54:316][239]Cmd: MAP CHECKDEP NOCLEARLOG
[2023.08.06-06.52.54:357][239]MapCheck: マップチェックが完了: 0 エラー、 0 警告、完了に 40.777ミリ秒かかりました。
[2023.08.06-06.52.54:358][239]LogFileHelpers: Loading map 'Start' took 0.125
[2023.08.06-06.52.57:592][624]LogEditorViewport: Clicking Background
[2023.08.06-06.53.01:507][897]LightingResults: New page: ライティングのビルド
[2023.08.06-06.53.01:508][897]MapCheck: New page: マップをチェック
[2023.08.06-06.53.01:509][897]LightingResults: New page: <何も選択されていません>
[2023.08.06-06.53.01:529][897]LogAIModule: Creating AISystem for world Untitled
[2023.08.06-06.53.01:535][897]LoadErrors: New page: 新規のマップ
[2023.08.06-06.53.01:538][897]LogAIModule: Creating AISystem for world Start
[2023.08.06-06.54.07:755][866]LogEditorViewport: Clicking Background
[2023.08.06-06.54.09:990][118]LogAIModule: Creating AISystem for world Main
[2023.08.06-06.54.10:018][118]Cmd: MAP LOAD FILE="../../../../../../UnrealProjects/DrAward/Content/Map/Main.umap" TEMPLATE=0 SHOWPROGRESS=1 FEATURELEVEL=3
[2023.08.06-06.54.10:018][118]LightingResults: New page: ライティングのビルド
[2023.08.06-06.54.10:019][118]LoadErrors: New page: マップをロード中: Main.umap
[2023.08.06-06.54.10:019][118]MapCheck: New page: マップをチェック
[2023.08.06-06.54.10:019][118]LightingResults: New page: <何も選択されていません>
[2023.08.06-06.54.10:046][118]LogEditorServer: Finished looking for orphan Actors (0.000 secs)
[2023.08.06-06.54.10:091][118]Cmd: MAP CHECKDEP NOCLEARLOG
[2023.08.06-06.54.10:135][118]MapCheck: マップチェックが完了: 0 エラー、 0 警告、完了に 43.671ミリ秒かかりました。
[2023.08.06-06.54.10:135][118]LogFileHelpers: Loading map 'Main' took 0.118
[2023.08.06-06.54.45:668][344]LogEditorViewport: Clicking Background
[2023.08.06-06.55.46:817][907]Cmd: MAP LOAD FILE="../../../Engine/Content/Maps/Templates/Template_Default.umap" TEMPLATE=1 SHOWPROGRESS=1 FEATURELEVEL=3
[2023.08.06-06.55.46:835][907]LightingResults: New page: ライティングのビルド
[2023.08.06-06.55.46:835][907]LoadErrors: New page: マップをロード中: Template_Default.umap
[2023.08.06-06.55.46:838][907]MapCheck: New page: マップをチェック
[2023.08.06-06.55.46:838][907]LightingResults: New page: <何も選択されていません>
[2023.08.06-06.55.46:957][907]LogAIModule: Creating AISystem for world Untitled_2
[2023.08.06-06.55.46:963][907]LogEditorServer: Finished looking for orphan Actors (0.000 secs)
[2023.08.06-06.55.46:987][907]Cmd: MAP CHECKDEP NOCLEARLOG
[2023.08.06-06.55.47:032][907]MapCheck: マップチェックが完了: 0 エラー、 0 警告、完了に 44.738ミリ秒かかりました。
[2023.08.06-06.55.47:032][907]LogFileHelpers: Loading map 'Template_Default' took 0.216
[2023.08.06-06.55.58:934][163]LogEditorViewport: Clicking on Actor (LMB): StaticMeshActor (Floor)
[2023.08.06-06.56.08:057][247]Cmd: OBJ SAVEPACKAGE PACKAGE="/Game/Map/Start" FILE="../../../../../../UnrealProjects/DrAward/Content/Map/Start.umap" SILENT=true AUTOSAVING=false KEEPDIRTY=false
[2023.08.06-06.56.08:094][247]LogSavePackage: Save=18.48ms
[2023.08.06-06.56.08:094][247]LogSavePackage: Moving '../../../../../../UnrealProjects/DrAward/Saved/Start71E62AA64BBCAB18373EBA90020DB7B7.tmp' to '../../../../../../UnrealProjects/DrAward/Content/Map/Start.umap'
[2023.08.06-06.56.08:095][247]LogSavePackage: Display: Finished SavePackage ../../../../../../UnrealProjects/DrAward/Content/Map/Start.umap
[2023.08.06-06.56.08:128][247]Cmd: OBJ SAVEPACKAGE PACKAGE="/Game/Map/Start_BuiltData" FILE="../../../../../../UnrealProjects/DrAward/Content/Map/Start_BuiltData.uasset" SILENT=true
[2023.08.06-06.56.08:137][247]LogSavePackage: Save=8.15ms
[2023.08.06-06.56.08:137][247]LogSavePackage: Moving '../../../../../../UnrealProjects/DrAward/Saved/Start_BuiltData95EDDE4545625E2B7C650BA6BB003ED6.tmp' to '../../../../../../UnrealProjects/DrAward/Content/Map/Start_BuiltData.uasset'
[2023.08.06-06.56.08:138][247]LogSavePackage: Display: Finished SavePackage ../../../../../../UnrealProjects/DrAward/Content/Map/Start_BuiltData.uasset
[2023.08.06-06.56.08:144][247]LogFileHelpers: Saving map 'Start' took 0.174
[2023.08.06-06.56.38:436][112]LogSlate: Took 0.000301 seconds to synchronously load lazily loaded font '../../../Engine/Content/Editor/Slate/Fonts/Roboto-Italic.ttf' (157K)
[2023.08.06-06.56.53:717][939]LogEditorViewport: Clicking on Actor (LMB): StaticMeshActor (Floor)
[2023.08.06-06.56.55:180][110]LogEditorViewport: Clicking on Actor (LMB): TextRenderActor (TextRenderActor)
[2023.08.06-06.57.13:879][342]LogEditorViewport: Clicking on Actor (LMB): StaticMeshActor (Floor)
[2023.08.06-06.57.18:778][925]LogTemp: Repeating last play command: 選択ビューポート
[2023.08.06-06.57.18:811][925]LogPlayLevel: PlayLevel: No blueprints needed recompiling
[2023.08.06-06.57.18:812][925]PIE: New page: PIEセッション: Start (2023/08/07 0:57:18)
[2023.08.06-06.57.18:812][925]LogPlayLevel: Creating play world package: /Game/Map/UEDPIE_0_Start
[2023.08.06-06.57.18:813][925]LogPlayLevel: PIE: StaticDuplicateObject took: (0.001571s)
[2023.08.06-06.57.18:814][925]LogAIModule: Creating AISystem for world Start
[2023.08.06-06.57.18:814][925]LogPlayLevel: PIE: World Init took: (0.000749s)
[2023.08.06-06.57.18:814][925]LogPlayLevel: PIE: Created PIE world by copying editor world from /Game/Map/Start.Start to /Game/Map/UEDPIE_0_Start.Start (0.002533s)
[2023.08.06-06.57.18:880][925]LogInit: XAudio2 using 'ライン (Steinberg UR22mkII )' : 2 channels at 44.1 kHz using 24 bits per sample (channel mask 0x3)
[2023.08.06-06.57.18:888][925]LogInit: FAudioDevice initialized.
[2023.08.06-06.57.18:973][925]LogLoad: Game class is 'BP_AwardGameMode_C'
[2023.08.06-06.57.18:975][925]LogWorld: Bringing World /Game/Map/UEDPIE_0_Start.Start up for play (max tick rate 0) at 2023.08.06-15.57.18
[2023.08.06-06.57.18:975][925]LogWorld: Bringing up level for play took: 0.000909
[2023.08.06-06.57.19:000][925]LogContentBrowser: Native class hierarchy updated for 'MovieSceneCapture' in 0.0007 seconds. Added 11 classes and 0 folders.
[2023.08.06-06.57.19:002][925]PIE: /Game/Map/UEDPIE_0_Start -0.089のプレイ イン エディタの開始時間
[2023.08.06-06.57.23:647][468]LogEditorViewport: Clicking on Actor (LMB): StaticMeshActor (Floor)
[2023.08.06-06.57.24:415][559]LogEditorViewport: Clicking on Actor (LMB): TextRenderActor (TextRenderActor)
[2023.08.06-06.57.46:238][530]LogEditorViewport: Clicking on Actor (LMB): StaticMeshActor (Floor)
[2023.08.06-06.57.46:972][613]LogEditorViewport: Clicking on Actor (LMB): StaticMeshActor (Floor)
[2023.08.06-06.57.47:614][689]LogEditorViewport: Clicking on Actor (LMB): StaticMeshActor (Floor)
[2023.08.06-06.57.48:123][749]LogEditorViewport: Clicking on Actor (LMB): TextRenderActor (TextRenderActor)
[2023.08.06-06.57.54:049][452]LogTemp: Repeating last play command: 選択ビューポート
[2023.08.06-06.57.54:067][452]LogPlayLevel: PlayLevel: No blueprints needed recompiling
[2023.08.06-06.57.54:067][452]PIE: New page: PIEセッション: Start (2023/08/07 0:57:54)
[2023.08.06-06.57.54:067][452]LogPlayLevel: Creating play world package: /Game/Map/UEDPIE_0_Start
[2023.08.06-06.57.54:069][452]LogPlayLevel: PIE: StaticDuplicateObject took: (0.001399s)
[2023.08.06-06.57.54:069][452]LogAIModule: Creating AISystem for world Start
[2023.08.06-06.57.54:069][452]LogPlayLevel: PIE: World Init took: (0.000640s)
[2023.08.06-06.57.54:069][452]LogPlayLevel: PIE: Created PIE world by copying editor world from /Game/Map/Start.Start to /Game/Map/UEDPIE_0_Start.Start (0.002232s)
[2023.08.06-06.57.54:132][452]LogInit: XAudio2 using 'ライン (Steinberg UR22mkII )' : 2 channels at 44.1 kHz using 24 bits per sample (channel mask 0x3)
[2023.08.06-06.57.54:140][452]LogInit: FAudioDevice initialized.
[2023.08.06-06.57.54:170][452]LogLoad: Game class is 'BP_AwardGameMode_C'
[2023.08.06-06.57.54:172][452]LogWorld: Bringing World /Game/Map/UEDPIE_0_Start.Start up for play (max tick rate 0) at 2023.08.06-15.57.54
[2023.08.06-06.57.54:172][452]LogWorld: Bringing up level for play took: 0.000815
[2023.08.06-06.57.54:174][452]PIE: /Game/Map/UEDPIE_0_Start 1.076のプレイ イン エディタの開始時間
[2023.08.06-06.58.05:118][737]LogActorFactory: Actor Factory created Sphere
[2023.08.06-06.58.06:920][941]LogActorFactory: Actor Factory created Sphere
[2023.08.06-06.58.09:954][298]LogEditorViewport: Clicking on Actor (LMB): StaticMeshActor (Floor)
[2023.08.06-06.58.10:889][406]LogEditorViewport: Clicking on Actor (LMB): StaticMeshActor (Sphere)
[2023.08.06-06.58.28:037][620]LogContentBrowser: Native class hierarchy updated for 'BlueprintGraph' in 0.0010 seconds. Added 113 classes and 0 folders.
[2023.08.06-06.58.28:523][620]LogSlate: Took 0.000287 seconds to synchronously load lazily loaded font '../../../Engine/Content/Editor/Slate/Fonts/Roboto-BoldCondensed.ttf' (158K)
[2023.08.06-06.59.11:598][  2]BlueprintLog: New page: Start をコンパイル
[2023.08.06-06.59.12:782][125]LogTemp: Repeating last play command: 選択ビューポート
[2023.08.06-06.59.12:805][125]LogBlueprintUserMessages: Early PlayInEditor Detection: Level '/Game/Map/Start.Start:PersistentLevel' has LevelScriptBlueprint '/Game/Map/Start.Start:PersistentLevel.Start' with GeneratedClass '/Game/Map/Start.Start_C' with ClassGeneratedBy '/Game/Map/Start.Start:PersistentLevel.Start'
[2023.08.06-06.59.12:805][125]LogPlayLevel: PlayLevel: No blueprints needed recompiling
[2023.08.06-06.59.12:805][125]PIE: New page: PIEセッション: Start (2023/08/07 0:59:12)
[2023.08.06-06.59.12:805][125]LogPlayLevel: Creating play world package: /Game/Map/UEDPIE_0_Start
[2023.08.06-06.59.12:806][125]LogPlayLevel: PIE: StaticDuplicateObject took: (0.001599s)
[2023.08.06-06.59.12:807][125]LogAIModule: Creating AISystem for world Start
[2023.08.06-06.59.12:807][125]LogPlayLevel: PIE: World Init took: (0.000634s)
[2023.08.06-06.59.12:807][125]LogPlayLevel: PIE: Created PIE world by copying editor world from /Game/Map/Start.Start to /Game/Map/UEDPIE_0_Start.Start (0.002434s)
[2023.08.06-06.59.12:873][125]LogInit: XAudio2 using 'ライン (Steinberg UR22mkII )' : 2 channels at 44.1 kHz using 24 bits per sample (channel mask 0x3)
[2023.08.06-06.59.12:881][125]LogInit: FAudioDevice initialized.
[2023.08.06-06.59.12:917][125]LogLoad: Game class is 'BP_AwardGameMode_C'
[2023.08.06-06.59.12:918][125]LogWorld: Bringing World /Game/Map/UEDPIE_0_Start.Start up for play (max tick rate 0) at 2023.08.06-15.59.12
[2023.08.06-06.59.12:919][125]LogWorld: Bringing up level for play took: 0.000853
[2023.08.06-06.59.12:920][125]PIE: /Game/Map/UEDPIE_0_Start -0.19のプレイ イン エディタの開始時間
[2023.08.06-06.59.12:921][125]LogBlueprintUserMessages: Late PlayInEditor Detection: Level '/Game/Map/Start.Start:PersistentLevel' has LevelScriptBlueprint '/Game/Map/Start.Start:PersistentLevel.Start' with GeneratedClass '/Game/Map/Start.Start_C' with ClassGeneratedBy '/Game/Map/Start.Start:PersistentLevel.Start'
[2023.08.06-06.59.16:147][511]LogBlueprintUserMessages: Early EndPlayMap Detection: Level '/Game/Map/Start.Start:PersistentLevel' has LevelScriptBlueprint '/Game/Map/Start.Start:PersistentLevel.Start' with GeneratedClass '/Game/Map/Start.Start_C' with ClassGeneratedBy '/Game/Map/Start.Start:PersistentLevel.Start'
[2023.08.06-06.59.16:193][511]LogBlueprintUserMessages: Late EndPlayMap Detection: Level '/Game/Map/Start.Start:PersistentLevel' has LevelScriptBlueprint '/Game/Map/Start.Start:PersistentLevel.Start' with GeneratedClass '/Game/Map/Start.Start_C' with ClassGeneratedBy '/Game/Map/Start.Start:PersistentLevel.Start'
[2023.08.06-06.59.19:416][873]LogTemp: Repeating last play command: 選択ビューポート
[2023.08.06-06.59.19:434][873]LogBlueprintUserMessages: Early PlayInEditor Detection: Level '/Game/Map/Start.Start:PersistentLevel' has LevelScriptBlueprint '/Game/Map/Start.Start:PersistentLevel.Start' with GeneratedClass '/Game/Map/Start.Start_C' with ClassGeneratedBy '/Game/Map/Start.Start:PersistentLevel.Start'
[2023.08.06-06.59.19:434][873]LogPlayLevel: PlayLevel: No blueprints needed recompiling
[2023.08.06-06.59.19:434][873]PIE: New page: PIEセッション: Start (2023/08/07 0:59:19)
[2023.08.06-06.59.19:434][873]LogPlayLevel: Creating play world package: /Game/Map/UEDPIE_0_Start
[2023.08.06-06.59.19:436][873]LogPlayLevel: PIE: StaticDuplicateObject took: (0.001601s)
[2023.08.06-06.59.19:436][873]LogAIModule: Creating AISystem for world Start
[2023.08.06-06.59.19:437][873]LogPlayLevel: PIE: World Init took: (0.000674s)
[2023.08.06-06.59.19:437][873]LogPlayLevel: PIE: Created PIE world by copying editor world from /Game/Map/Start.Start to /Game/Map/UEDPIE_0_Start.Start (0.002477s)
[2023.08.06-06.59.19:503][873]LogInit: XAudio2 using 'ライン (Steinberg UR22mkII )' : 2 channels at 44.1 kHz using 24 bits per sample (channel mask 0x3)
[2023.08.06-06.59.19:511][873]LogInit: FAudioDevice initialized.
[2023.08.06-06.59.19:551][873]LogLoad: Game class is 'BP_AwardGameMode_C'
[2023.08.06-06.59.19:552][873]LogWorld: Bringing World /Game/Map/UEDPIE_0_Start.Start up for play (max tick rate 0) at 2023.08.06-15.59.19
[2023.08.06-06.59.19:552][873]LogWorld: Bringing up level for play took: 0.000917
[2023.08.06-06.59.19:555][873]PIE: /Game/Map/UEDPIE_0_Start 0.444のプレイ イン エディタの開始時間
[2023.08.06-06.59.19:555][873]LogBlueprintUserMessages: Late PlayInEditor Detection: Level '/Game/Map/Start.Start:PersistentLevel' has LevelScriptBlueprint '/Game/Map/Start.Start:PersistentLevel.Start' with GeneratedClass '/Game/Map/Start.Start_C' with ClassGeneratedBy '/Game/Map/Start.Start:PersistentLevel.Start'
[2023.08.06-06.59.19:564][873]LogRenderer: Reallocating scene render targets to support 1292x756 Format 10 NumSamples 1 (Frame:1).
[2023.08.06-06.59.20:842][ 23]LogBlueprintUserMessages: [Start_C_0] Hello
[2023.08.06-06.59.20:842][ 23]LogBlueprintUserMessages: [Start_C_0] Hello
[2023.08.06-06.59.20:851][ 24]LogBlueprintUserMessages: [Start_C_0] Hello
[2023.08.06-06.59.20:851][ 24]LogBlueprintUserMessages: [Start_C_0] Hello
[2023.08.06-06.59.20:858][ 25]LogBlueprintUserMessages: [Start_C_0] Hello
[2023.08.06-06.59.20:858][ 25]LogBlueprintUserMessages: [Start_C_0] Hello
[2023.08.06-06.59.20:867][ 26]LogBlueprintUserMessages: [Start_C_0] Hello
[2023.08.06-06.59.20:867][ 26]LogBlueprintUserMessages: [Start_C_0] Hello
[2023.08.06-06.59.20:875][ 27]LogBlueprintUserMessages: [Start_C_0] Hello
[2023.08.06-06.59.20:875][ 27]LogBlueprintUserMessages: [Start_C_0] Hello
[2023.08.06-06.59.20:884][ 28]LogBlueprintUserMessages: [Start_C_0] Hello
[2023.08.06-06.59.20:884][ 28]LogBlueprintUserMessages: [Start_C_0] Hello
[2023.08.06-06.59.20:892][ 29]LogBlueprintUserMessages: [Start_C_0] Hello
[2023.08.06-06.59.20:892][ 29]LogBlueprintUserMessages: [Start_C_0] Hello
[2023.08.06-06.59.20:900][ 30]LogBlueprintUserMessages: [Start_C_0] Hello
[2023.08.06-06.59.20:901][ 30]LogBlueprintUserMessages: [Start_C_0] Hello
[2023.08.06-06.59.20:909][ 31]LogBlueprintUserMessages: [Start_C_0] Hello
[2023.08.06-06.59.20:909][ 31]LogBlueprintUserMessages: [Start_C_0] Hello
[2023.08.06-06.59.20:917][ 32]LogBlueprintUserMessages: [Start_C_0] Hello
[2023.08.06-06.59.20:917][ 32]LogBlueprintUserMessages: [Start_C_0] Hello
[2023.08.06-06.59.20:925][ 33]LogBlueprintUserMessages: [Start_C_0] Hello
[2023.08.06-06.59.20:925][ 33]LogBlueprintUserMessages: [Start_C_0] Hello
[2023.08.06-06.59.20:933][ 34]LogBlueprintUserMessages: [Start_C_0] Hello
[2023.08.06-06.59.20:933][ 34]LogBlueprintUserMessages: [Start_C_0] Hello
[2023.08.06-06.59.20:942][ 35]LogBlueprintUserMessages: [Start_C_0] Hello
[2023.08.06-06.59.20:942][ 35]LogBlueprintUserMessages: [Start_C_0] Hello
[2023.08.06-06.59.20:950][ 36]LogBlueprintUserMessages: [Start_C_0] Hello
[2023.08.06-06.59.20:950][ 36]LogBlueprintUserMessages: [Start_C_0] Hello
[2023.08.06-06.59.20:959][ 37]LogBlueprintUserMessages: [Start_C_0] Hello
[2023.08.06-06.59.20:959][ 37]LogBlueprintUserMessages: [Start_C_0] Hello
[2023.08.06-06.59.20:967][ 38]LogBlueprintUserMessages: [Start_C_0] Hello
[2023.08.06-06.59.20:967][ 38]LogBlueprintUserMessages: [Start_C_0] Hello
[2023.08.06-06.59.20:975][ 39]LogBlueprintUserMessages: [Start_C_0] Hello
[2023.08.06-06.59.20:976][ 39]LogBlueprintUserMessages: [Start_C_0] Hello
[2023.08.06-06.59.20:983][ 40]LogBlueprintUserMessages: [Start_C_0] Hello
[2023.08.06-06.59.20:983][ 40]LogBlueprintUserMessages: [Start_C_0] Hello
[2023.08.06-06.59.20:992][ 41]LogBlueprintUserMessages: [Start_C_0] Hello
[2023.08.06-06.59.20:992][ 41]LogBlueprintUserMessages: [Start_C_0] Hello
[2023.08.06-06.59.21:000][ 42]LogBlueprintUserMessages: [Start_C_0] Hello
[2023.08.06-06.59.21:000][ 42]LogBlueprintUserMessages: [Start_C_0] Hello
[2023.08.06-06.59.21:009][ 43]LogBlueprintUserMessages: [Start_C_0] Hello
[2023.08.06-06.59.21:009][ 43]LogBlueprintUserMessages: [Start_C_0] Hello
[2023.08.06-06.59.21:017][ 44]LogBlueprintUserMessages: [Start_C_0] Hello
[2023.08.06-06.59.21:017][ 44]LogBlueprintUserMessages: [Start_C_0] Hello
[2023.08.06-06.59.21:025][ 45]LogBlueprintUserMessages: [Start_C_0] Hello
[2023.08.06-06.59.21:025][ 45]LogBlueprintUserMessages: [Start_C_0] Hello
[2023.08.06-06.59.21:985][160]LogBlueprintUserMessages: Early EndPlayMap Detection: Level '/Game/Map/Start.Start:PersistentLevel' has LevelScriptBlueprint '/Game/Map/Start.Start:PersistentLevel.Start' with GeneratedClass '/Game/Map/Start.Start_C' with ClassGeneratedBy '/Game/Map/Start.Start:PersistentLevel.Start'
[2023.08.06-06.59.22:048][160]LogBlueprintUserMessages: Late EndPlayMap Detection: Level '/Game/Map/Start.Start:PersistentLevel' has LevelScriptBlueprint '/Game/Map/Start.Start:PersistentLevel.Start' with GeneratedClass '/Game/Map/Start.Start_C' with ClassGeneratedBy '/Game/Map/Start.Start:PersistentLevel.Start'
[2023.08.06-07.00.18:418][325]LogTemp: Repeating last play command: 選択ビューポート
[2023.08.06-07.00.18:435][325]LogBlueprintUserMessages: Early PlayInEditor Detection: Level '/Game/Map/Start.Start:PersistentLevel' has LevelScriptBlueprint '/Game/Map/Start.Start:PersistentLevel.Start' with GeneratedClass '/Game/Map/Start.Start_C' with ClassGeneratedBy '/Game/Map/Start.Start:PersistentLevel.Start'
[2023.08.06-07.00.18:435][325]BlueprintLog: New page: プレイ前に自動再コンパイル
[2023.08.06-07.00.18:437][325]LogPlayLevel: [PlayLevel] Compiling Start before play...
[2023.08.06-07.00.18:460][325]LogPlayLevel: PlayLevel: Blueprint regeneration took 24 ms (1 blueprints)
[2023.08.06-07.00.18:460][325]PIE: New page: PIEセッション: Start (2023/08/07 1:00:18)
[2023.08.06-07.00.18:461][325]LogPlayLevel: Creating play world package: /Game/Map/UEDPIE_0_Start
[2023.08.06-07.00.18:462][325]LogPlayLevel: PIE: StaticDuplicateObject took: (0.001633s)
[2023.08.06-07.00.18:463][325]LogAIModule: Creating AISystem for world Start
[2023.08.06-07.00.18:463][325]LogPlayLevel: PIE: World Init took: (0.000665s)
[2023.08.06-07.00.18:463][325]LogPlayLevel: PIE: Created PIE world by copying editor world from /Game/Map/Start.Start to /Game/Map/UEDPIE_0_Start.Start (0.002511s)
[2023.08.06-07.00.18:531][325]LogInit: XAudio2 using 'ライン (Steinberg UR22mkII )' : 2 channels at 44.1 kHz using 24 bits per sample (channel mask 0x3)
[2023.08.06-07.00.18:538][325]LogInit: FAudioDevice initialized.
[2023.08.06-07.00.18:582][325]LogLoad: Game class is 'BP_AwardGameMode_C'
[2023.08.06-07.00.18:583][325]LogWorld: Bringing World /Game/Map/UEDPIE_0_Start.Start up for play (max tick rate 0) at 2023.08.06-16.00.18
[2023.08.06-07.00.18:583][325]LogWorld: Bringing up level for play took: 0.001148
[2023.08.06-07.00.18:586][325]PIE: /Game/Map/UEDPIE_0_Start -0.535のプレイ イン エディタの開始時間
[2023.08.06-07.00.18:586][325]LogBlueprintUserMessages: Late PlayInEditor Detection: Level '/Game/Map/Start.Start:PersistentLevel' has LevelScriptBlueprint '/Game/Map/Start.Start:PersistentLevel.Start' with GeneratedClass '/Game/Map/Start.Start_C' with ClassGeneratedBy '/Game/Map/Start.Start:PersistentLevel.Start'
[2023.08.06-07.00.20:040][495]LogNet: Browse: /Game/Map/Main
[2023.08.06-07.00.20:040][495]LogLoad: LoadMap: /Game/Map/Main
[2023.08.06-07.00.20:064][495]Cmd: MEM
[2023.08.06-07.00.20:083][495]LogMemory: Platform Memory Stats for Windows
[2023.08.06-07.00.20:083][495]LogMemory: Process Physical Memory: 1379.17 MB used, 1411.68 MB peak
[2023.08.06-07.00.20:083][495]LogMemory: Process Virtual Memory: 2654.47 MB used, 2811.36 MB peak
[2023.08.06-07.00.20:083][495]LogMemory: Physical Memory: 13264.41 MB used,  19427.65 MB free, 32692.06 MB total
[2023.08.06-07.00.20:083][495]LogMemory: Virtual Memory: 7791.82 MB used,  19427.65 MB free, 134217728.00 MB total
[2023.08.06-07.00.20:083][495]LogMemory: 
[2023.08.06-07.00.20:083][495]Allocator Stats for TBB: (not implemented)
[2023.08.06-07.00.20:193][495]LogAIModule: Creating AISystem for world Main
[2023.08.06-07.00.20:193][495]LogLoad: Game class is 'BP_AwardGameMode_C'
[2023.08.06-07.00.20:204][495]LogWorld: Bringing World /Game/Map/UEDPIE_0_Main.Main up for play (max tick rate 0) at 2023.08.06-16.00.20
[2023.08.06-07.00.20:204][495]LogWorld: Bringing up level for play took: 0.010459
[2023.08.06-07.00.20:206][495]LogBlueprintUserMessages: [Main_C_1] Level
[2023.08.06-07.00.20:207][495]LogLoad: Took 0.166436 seconds to LoadMap(/Game/Map/Main)
[2023.08.06-07.00.22:164][730]LogBlueprintUserMessages: Early EndPlayMap Detection: Level '/Game/Map/Start.Start:PersistentLevel' has LevelScriptBlueprint '/Game/Map/Start.Start:PersistentLevel.Start' with GeneratedClass '/Game/Map/Start.Start_C' with ClassGeneratedBy '/Game/Map/Start.Start:PersistentLevel.Start'
[2023.08.06-07.00.22:230][730]LogBlueprintUserMessages: Late EndPlayMap Detection: Level '/Game/Map/Start.Start:PersistentLevel' has LevelScriptBlueprint '/Game/Map/Start.Start:PersistentLevel.Start' with GeneratedClass '/Game/Map/Start.Start_C' with ClassGeneratedBy '/Game/Map/Start.Start:PersistentLevel.Start'
[2023.08.06-07.00.28:750][500]Cmd: OBJ SAVEPACKAGE PACKAGE="/Game/Map/Start" FILE="../../../../../../UnrealProjects/DrAward/Content/Map/Start.umap" SILENT=true AUTOSAVING=false KEEPDIRTY=false
[2023.08.06-07.00.28:820][500]LogSavePackage: Save=39.85ms
[2023.08.06-07.00.28:820][500]LogSavePackage: Moving '../../../../../../UnrealProjects/DrAward/Saved/Start525526B9420AB32B99E3B0AB44DF2BFD.tmp' to '../../../../../../UnrealProjects/DrAward/Content/Map/Start.umap'
[2023.08.06-07.00.28:825][500]LogSavePackage: Display: Finished SavePackage ../../../../../../UnrealProjects/DrAward/Content/Map/Start.umap
[2023.08.06-07.00.28:859][500]LogFileHelpers: Saving map 'Start' took 0.160
[2023.08.06-07.00.31:395][799]LogEditorViewport: Clicking on Actor (LMB): StaticMeshActor (Floor)
[2023.08.06-07.00.39:305][737]LogAIModule: Creating AISystem for world END
[2023.08.06-07.00.50:091][812]Cmd: OBJ SAVEPACKAGE PACKAGE="/Game/Map/END" FILE="../../../../../../UnrealProjects/DrAward/Content/Map/END.umap" SILENT=true AUTOSAVING=false KEEPDIRTY=false
[2023.08.06-07.00.50:152][812]LogSavePackage: Save=37.60ms
[2023.08.06-07.00.50:152][812]LogSavePackage: Moving '../../../../../../UnrealProjects/DrAward/Saved/END2C329EB849CDAA7DF2D26ABC5FC4AB44.tmp' to '../../../../../../UnrealProjects/DrAward/Content/Map/END.umap'
[2023.08.06-07.00.50:155][812]LogSavePackage: Display: Finished SavePackage ../../../../../../UnrealProjects/DrAward/Content/Map/END.umap
[2023.08.06-07.00.50:157][812]LogFileHelpers: Saving map 'END' took 0.115
[2023.08.06-07.02.00:161][ 77]Cmd: OBJ SAVEPACKAGE PACKAGE="/Game/Map/END" FILE="../../../../../../UnrealProjects/DrAward/Content/Map/END.umap" SILENT=true AUTOSAVING=false KEEPDIRTY=false
[2023.08.06-07.02.00:229][ 77]LogSavePackage: Save=36.55ms
[2023.08.06-07.02.00:229][ 77]LogSavePackage: Moving '../../../../../../UnrealProjects/DrAward/Saved/END9138D86749D630C923578BBB2984D36E.tmp' to '../../../../../../UnrealProjects/DrAward/Content/Map/END.umap'
[2023.08.06-07.02.00:232][ 77]LogSavePackage: Display: Finished SavePackage ../../../../../../UnrealProjects/DrAward/Content/Map/END.umap
[2023.08.06-07.02.00:234][ 77]LogFileHelpers: Saving map 'END' took 0.125
[2023.08.06-07.02.00:236][ 77]Cmd: MAP LOAD FILE="../../../../../../UnrealProjects/DrAward/Content/Map/END.umap" TEMPLATE=0 SHOWPROGRESS=1 FEATURELEVEL=3
[2023.08.06-07.02.00:236][ 77]LightingResults: New page: ライティングのビルド
[2023.08.06-07.02.00:237][ 77]LoadErrors: New page: マップをロード中: END.umap
[2023.08.06-07.02.00:281][ 77]MapCheck: New page: マップをチェック
[2023.08.06-07.02.00:281][ 77]LightingResults: New page: <何も選択されていません>
[2023.08.06-07.02.00:306][ 77]LogEditorServer: Finished looking for orphan Actors (0.000 secs)
[2023.08.06-07.02.00:365][ 77]Cmd: MAP CHECKDEP NOCLEARLOG
[2023.08.06-07.02.00:411][ 77]MapCheck: マップチェックが完了: 0 エラー、 0 警告、完了に 46.135ミリ秒かかりました。
[2023.08.06-07.02.00:412][ 77]LogFileHelpers: Loading map 'END' took 0.177
[2023.08.06-07.02.11:473][997]LogAIModule: Creating AISystem for world Main
[2023.08.06-07.02.13:361][997]Cmd: MAP LOAD FILE="../../../../../../UnrealProjects/DrAward/Content/Map/Main.umap" TEMPLATE=0 SHOWPROGRESS=1 FEATURELEVEL=3
[2023.08.06-07.02.13:364][997]LightingResults: New page: ライティングのビルド
[2023.08.06-07.02.13:365][997]LoadErrors: New page: マップをロード中: Main.umap
[2023.08.06-07.02.13:365][997]MapCheck: New page: マップをチェック
[2023.08.06-07.02.13:365][997]LightingResults: New page: <何も選択されていません>
[2023.08.06-07.02.13:399][997]LogEditorServer: Finished looking for orphan Actors (0.000 secs)
[2023.08.06-07.02.13:452][997]Cmd: MAP CHECKDEP NOCLEARLOG
[2023.08.06-07.02.13:499][997]MapCheck: マップチェックが完了: 0 エラー、 0 警告、完了に 47.191ミリ秒かかりました。
[2023.08.06-07.02.13:499][997]LogFileHelpers: Loading map 'Main' took 0.139
[2023.08.06-07.02.15:243][192]LogAIModule: Creating AISystem for world End
[2023.08.06-07.02.15:268][192]Cmd: MAP LOAD FILE="../../../../../../UnrealProjects/DrAward/Content/Map/END.umap" TEMPLATE=0 SHOWPROGRESS=1 FEATURELEVEL=3
[2023.08.06-07.02.15:268][192]LightingResults: New page: ライティングのビルド
[2023.08.06-07.02.15:269][192]LoadErrors: New page: マップをロード中: END.umap
[2023.08.06-07.02.15:270][192]MapCheck: New page: マップをチェック
[2023.08.06-07.02.15:270][192]LightingResults: New page: <何も選択されていません>
[2023.08.06-07.02.15:295][192]LogEditorServer: Finished looking for orphan Actors (0.000 secs)
[2023.08.06-07.02.15:351][192]Cmd: MAP CHECKDEP NOCLEARLOG
[2023.08.06-07.02.15:398][192]MapCheck: マップチェックが完了: 0 エラー、 0 警告、完了に 47.102ミリ秒かかりました。
[2023.08.06-07.02.15:398][192]LogFileHelpers: Loading map 'END' took 0.131
[2023.08.06-07.02.20:816][820]LogAIModule: Creating AISystem for world Main
[2023.08.06-07.02.20:848][820]Cmd: MAP LOAD FILE="../../../../../../UnrealProjects/DrAward/Content/Map/Main.umap" TEMPLATE=0 SHOWPROGRESS=1 FEATURELEVEL=3
[2023.08.06-07.02.20:848][820]LightingResults: New page: ライティングのビルド
[2023.08.06-07.02.20:848][820]LoadErrors: New page: マップをロード中: Main.umap
[2023.08.06-07.02.20:849][820]MapCheck: New page: マップをチェック
[2023.08.06-07.02.20:849][820]LightingResults: New page: <何も選択されていません>
[2023.08.06-07.02.20:882][820]LogEditorServer: Finished looking for orphan Actors (0.000 secs)
[2023.08.06-07.02.20:933][820]Cmd: MAP CHECKDEP NOCLEARLOG
[2023.08.06-07.02.20:979][820]MapCheck: マップチェックが完了: 0 エラー、 0 警告、完了に 46.795ミリ秒かかりました。
[2023.08.06-07.02.20:979][820]LogFileHelpers: Loading map 'Main' took 0.133
[2023.08.06-07.02.22:362][976]LogAIModule: Creating AISystem for world End
[2023.08.06-07.02.22:387][976]Cmd: MAP LOAD FILE="../../../../../../UnrealProjects/DrAward/Content/Map/END.umap" TEMPLATE=0 SHOWPROGRESS=1 FEATURELEVEL=3
[2023.08.06-07.02.22:387][976]LightingResults: New page: ライティングのビルド
[2023.08.06-07.02.22:387][976]LoadErrors: New page: マップをロード中: END.umap
[2023.08.06-07.02.22:388][976]MapCheck: New page: マップをチェック
[2023.08.06-07.02.22:388][976]LightingResults: New page: <何も選択されていません>
[2023.08.06-07.02.22:412][976]LogEditorServer: Finished looking for orphan Actors (0.000 secs)
[2023.08.06-07.02.22:466][976]Cmd: MAP CHECKDEP NOCLEARLOG
[2023.08.06-07.02.22:510][976]MapCheck: マップチェックが完了: 0 エラー、 0 警告、完了に 44.037ミリ秒かかりました。
[2023.08.06-07.02.22:510][976]LogFileHelpers: Loading map 'END' took 0.125
[2023.08.06-07.02.23:886][133]LogAIModule: Creating AISystem for world Main
[2023.08.06-07.02.23:920][133]Cmd: MAP LOAD FILE="../../../../../../UnrealProjects/DrAward/Content/Map/Main.umap" TEMPLATE=0 SHOWPROGRESS=1 FEATURELEVEL=3
[2023.08.06-07.02.23:920][133]LightingResults: New page: ライティングのビルド
[2023.08.06-07.02.23:920][133]LoadErrors: New page: マップをロード中: Main.umap
[2023.08.06-07.02.23:921][133]MapCheck: New page: マップをチェック
[2023.08.06-07.02.23:921][133]LightingResults: New page: <何も選択されていません>
[2023.08.06-07.02.23:954][133]LogEditorServer: Finished looking for orphan Actors (0.000 secs)
[2023.08.06-07.02.24:006][133]Cmd: MAP CHECKDEP NOCLEARLOG
[2023.08.06-07.02.24:054][133]MapCheck: マップチェックが完了: 0 エラー、 0 警告、完了に 48.269ミリ秒かかりました。
[2023.08.06-07.02.24:054][133]LogFileHelpers: Loading map 'Main' took 0.136
[2023.08.06-07.02.25:139][256]LogAIModule: Creating AISystem for world End
[2023.08.06-07.02.25:163][256]Cmd: MAP LOAD FILE="../../../../../../UnrealProjects/DrAward/Content/Map/END.umap" TEMPLATE=0 SHOWPROGRESS=1 FEATURELEVEL=3
[2023.08.06-07.02.25:163][256]LightingResults: New page: ライティングのビルド
[2023.08.06-07.02.25:164][256]LoadErrors: New page: マップをロード中: END.umap
[2023.08.06-07.02.25:165][256]MapCheck: New page: マップをチェック
[2023.08.06-07.02.25:165][256]LightingResults: New page: <何も選択されていません>
[2023.08.06-07.02.25:189][256]LogEditorServer: Finished looking for orphan Actors (0.000 secs)
[2023.08.06-07.02.25:243][256]Cmd: MAP CHECKDEP NOCLEARLOG
[2023.08.06-07.02.25:290][256]MapCheck: マップチェックが完了: 0 エラー、 0 警告、完了に 46.436ミリ秒かかりました。
[2023.08.06-07.02.25:290][256]LogFileHelpers: Loading map 'END' took 0.128
[2023.08.06-07.02.33:097][ 23]LightingResults: New page: ライティングのビルド
[2023.08.06-07.02.33:098][ 23]MapCheck: New page: マップをチェック
[2023.08.06-07.02.33:098][ 23]LightingResults: New page: <何も選択されていません>
[2023.08.06-07.02.33:120][ 23]LogAIModule: Creating AISystem for world Untitled
[2023.08.06-07.02.33:125][ 23]LoadErrors: New page: 新規のマップ
[2023.08.06-07.02.33:141][ 23]LogAIModule: Creating AISystem for world End
[2023.08.06-07.02.37:528][505]LogAIModule: Creating AISystem for world Start
[2023.08.06-07.02.52:173][255]LogAIModule: Creating AISystem for world Start1
[2023.08.06-07.03.24:638][514]Cmd: OBJ SAVEPACKAGE PACKAGE="/Game/Map/END" FILE="../../../../../../UnrealProjects/DrAward/Content/Map/END.umap" SILENT=true
[2023.08.06-07.03.24:646][514]LogSavePackage: Save=2.34ms
[2023.08.06-07.03.24:646][514]LogSavePackage: Moving '../../../../../../UnrealProjects/DrAward/Saved/END0281F0B94C29CF4D911E458F7F1F147D.tmp' to '../../../../../../UnrealProjects/DrAward/Content/Map/END.umap'
[2023.08.06-07.03.24:648][514]LogSavePackage: Display: Finished SavePackage ../../../../../../UnrealProjects/DrAward/Content/Map/END.umap
[2023.08.06-07.03.27:528][827]Cmd: QUIT_EDITOR
[2023.08.06-07.03.28:070][827]LogWindowsTextInputMethodSystem: Display: IME system now activated using TSF (Microsoft IME).
[2023.08.06-07.03.28:083][827]LogExit: Preparing to exit.
[2023.08.06-07.03.28:392][827]LogDirectoryWatcher: A directory notification for 'D:/UnrealProjects/DrAward/Content/' was aborted.
[2023.08.06-07.03.28:420][827]LogExit: Editor shut down
[2023.08.06-07.03.28:424][827]LogExit: Transaction tracking system shut down
[2023.08.06-07.03.28:585][827]LogDirectoryWatcher: A directory notification for '../../../Engine/Content/' was aborted.
[2023.08.06-07.03.28:585][827]LogDirectoryWatcher: A directory notification for '../../../../../../UnrealProjects/DrAward/Content/' was aborted.
[2023.08.06-07.03.28:585][827]LogDirectoryWatcher: A directory notification for '../../../Engine/Plugins/2D/Paper2D/Content/' was aborted.
[2023.08.06-07.03.28:585][827]LogDirectoryWatcher: A directory notification for '../../../Engine/Plugins/Runtime/Oculus/OculusVR/Content/' was aborted.
[2023.08.06-07.03.28:585][827]LogDirectoryWatcher: A directory notification for '../../../Engine/Plugins/Runtime/Steam/SteamVR/Content/' was aborted.
[2023.08.06-07.03.28:661][827]LogExit: Object subsystem successfully closed.
[2023.08.06-07.03.28:691][827]LogD3D11RHI: Shutdown
[2023.08.06-07.03.28:691][827]LogD3D11RHI: CleanupD3DDevice
[2023.08.06-07.03.28:786][827]LogD3D11RHI: ~FD3D11DynamicRHI
[2023.08.06-07.03.28:792][827]LogModuleManager: Shutting down and abandoning module BlueprintGraph (538)
[2023.08.06-07.03.28:792][827]LogModuleManager: Shutting down and abandoning module BlueprintProfiler (536)
[2023.08.06-07.03.28:792][827]LogModuleManager: Shutting down and abandoning module MovieSceneCapture (534)
[2023.08.06-07.03.28:792][827]LogModuleManager: Shutting down and abandoning module NewLevelDialog (532)
[2023.08.06-07.03.28:792][827]LogModuleManager: Shutting down and abandoning module HierarchicalLODOutliner (530)
[2023.08.06-07.03.28:792][827]LogModuleManager: Shutting down and abandoning module SceneOutliner (528)
[2023.08.06-07.03.28:792][827]LogModuleManager: Shutting down and abandoning module AddContentDialog (526)
[2023.08.06-07.03.28:792][827]LogDirectoryWatcher: A directory notification for 'D:/Program Files/Epic Games/UE_4.17/FeaturePacks/' was aborted.
[2023.08.06-07.03.28:793][827]LogModuleManager: Shutting down and abandoning module WidgetCarousel (525)
[2023.08.06-07.03.28:793][827]LogModuleManager: Shutting down and abandoning module EditorWidgets (522)
[2023.08.06-07.03.28:793][827]LogModuleManager: Shutting down and abandoning module CollectionManager (520)
[2023.08.06-07.03.28:793][827]LogDirectoryWatcher: A directory notification for 'D:/UnrealProjects/DrAward/Content/Collections/' was aborted.
[2023.08.06-07.03.28:793][827]LogDirectoryWatcher: A directory notification for 'D:/UnrealProjects/DrAward/Content/Developers/81901/Collections/' was aborted.
[2023.08.06-07.03.28:793][827]LogDirectoryWatcher: A directory notification for 'D:/UnrealProjects/DrAward/Saved/Collections/' was aborted.
[2023.08.06-07.03.28:793][827]LogModuleManager: Shutting down and abandoning module StatsViewer (518)
[2023.08.06-07.03.28:793][827]LogModuleManager: Shutting down and abandoning module FoliageEdit (516)
[2023.08.06-07.03.28:793][827]LogModuleManager: Shutting down and abandoning module LandscapeEditor (514)
[2023.08.06-07.03.28:793][827]LogModuleManager: Shutting down and abandoning module MeshPaintMode (512)
[2023.08.06-07.03.28:793][827]LogModuleManager: Shutting down and abandoning module SceneDepthPickerMode (510)
[2023.08.06-07.03.28:793][827]LogModuleManager: Shutting down and abandoning module ActorPickerMode (508)
[2023.08.06-07.03.28:793][827]LogModuleManager: Shutting down and abandoning module GeometryMode (506)
[2023.08.06-07.03.28:793][827]LogModuleManager: Shutting down and abandoning module TextureAlignMode (504)
[2023.08.06-07.03.28:793][827]LogModuleManager: Shutting down and abandoning module BspMode (502)
[2023.08.06-07.03.28:793][827]LogModuleManager: Shutting down and abandoning module PIEPreviewDeviceProfileSelector (500)
[2023.08.06-07.03.28:793][827]LogModuleManager: Shutting down and abandoning module HardwareSurvey (498)
[2023.08.06-07.03.28:793][827]LogModuleManager: Shutting down and abandoning module SequenceRecorderSections (496)
[2023.08.06-07.03.28:793][827]LogModuleManager: Shutting down and abandoning module AutomationWorker (494)
[2023.08.06-07.03.28:793][827]LogModuleManager: Shutting down and abandoning module MatineeToLevelSequence (492)
[2023.08.06-07.03.28:793][827]LogModuleManager: Shutting down and abandoning module LevelSequenceEditor (490)
[2023.08.06-07.03.28:793][827]LogModuleManager: Shutting down and abandoning module PlacementMode (489)
[2023.08.06-07.03.28:794][827]LogModuleManager: Shutting down and abandoning module WmfMediaFactory (486)
[2023.08.06-07.03.28:794][827]LogModuleManager: Shutting down and abandoning module WmfMediaEditor (484)
[2023.08.06-07.03.28:794][827]LogModuleManager: Shutting down and abandoning module AvfMediaFactory (482)
[2023.08.06-07.03.28:794][827]LogModuleManager: Shutting down and abandoning module AvfMediaEditor (480)
[2023.08.06-07.03.28:794][827]LogModuleManager: Shutting down and abandoning module AndroidMediaFactory (478)
[2023.08.06-07.03.28:794][827]LogModuleManager: Shutting down and abandoning module Media (477)
[2023.08.06-07.03.28:794][827]LogModuleManager: Shutting down and abandoning module AndroidMediaEditor (474)
[2023.08.06-07.03.28:794][827]LogModuleManager: Shutting down and abandoning module CharacterAI (472)
[2023.08.06-07.03.28:794][827]LogModuleManager: Shutting down and abandoning module AudioCapture (470)
[2023.08.06-07.03.28:794][827]LogModuleManager: Shutting down and abandoning module SequenceRecorder (469)
[2023.08.06-07.03.28:794][827]LogModuleManager: Shutting down and abandoning module SmartSnapping (466)
[2023.08.06-07.03.28:794][827]LogModuleManager: Shutting down and abandoning module SessionServices (464)
[2023.08.06-07.03.28:794][827]LogModuleManager: Shutting down and abandoning module ViewportSnapping (462)
[2023.08.06-07.03.28:794][827]LogModuleManager: Shutting down and abandoning module ViewportInteraction (460)
[2023.08.06-07.03.28:794][827]LogModuleManager: Shutting down and abandoning module ClothPainter (458)
[2023.08.06-07.03.28:794][827]LogModuleManager: Shutting down and abandoning module LogVisualizer (456)
[2023.08.06-07.03.28:795][827]LogModuleManager: Shutting down and abandoning module IntroTutorials (454)
[2023.08.06-07.03.28:795][827]LogModuleManager: Shutting down and abandoning module GameProjectGeneration (453)
[2023.08.06-07.03.28:795][827]LogModuleManager: Shutting down and abandoning module IOSPlatformEditor (450)
[2023.08.06-07.03.28:795][827]LogModuleManager: Shutting down and abandoning module HTML5PlatformEditor (448)
[2023.08.06-07.03.28:795][827]LogModuleManager: Shutting down and abandoning module AndroidPlatformEditor (446)
[2023.08.06-07.03.28:795][827]LogModuleManager: Shutting down and abandoning module AndroidDeviceDetection (445)
[2023.08.06-07.03.29:061][827]LogModuleManager: Shutting down and abandoning module WindowsPlatformEditor (442)
[2023.08.06-07.03.29:061][827]LogModuleManager: Shutting down and abandoning module IOSRuntimeSettings (440)
[2023.08.06-07.03.29:061][827]LogModuleManager: Shutting down and abandoning module AndroidRuntimeSettings (438)
[2023.08.06-07.03.29:061][827]LogModuleManager: Shutting down and abandoning module InputBindingEditor (436)
[2023.08.06-07.03.29:061][827]LogModuleManager: Shutting down and abandoning module MergeActors (434)
[2023.08.06-07.03.29:061][827]LogModuleManager: Shutting down and abandoning module SizeMap (432)
[2023.08.06-07.03.29:061][827]LogModuleManager: Shutting down and abandoning module TreeMap (430)
[2023.08.06-07.03.29:061][827]LogModuleManager: Shutting down and abandoning module ReferenceViewer (428)
[2023.08.06-07.03.29:061][827]LogModuleManager: Shutting down and abandoning module LocalizationDashboard (426)
[2023.08.06-07.03.29:061][827]LogModuleManager: Shutting down and abandoning module LocalizationService (425)
[2023.08.06-07.03.29:061][827]LogModuleManager: Shutting down and abandoning module HardwareTargeting (422)
[2023.08.06-07.03.29:061][827]LogModuleManager: Shutting down and abandoning module DeviceProfileEditor (420)
[2023.08.06-07.03.29:061][827]LogModuleManager: Shutting down and abandoning module UndoHistory (418)
[2023.08.06-07.03.29:061][827]LogModuleManager: Shutting down and abandoning module XmlParser (416)
[2023.08.06-07.03.29:061][827]LogModuleManager: Shutting down and abandoning module Blutility (414)
[2023.08.06-07.03.29:061][827]LogModuleManager: Shutting down and abandoning module ProjectSettingsViewer (412)
[2023.08.06-07.03.29:061][827]LogModuleManager: Shutting down and abandoning module ProjectTargetPlatformEditor (411)
[2023.08.06-07.03.29:061][827]LogModuleManager: Shutting down and abandoning module EditorSettingsViewer (408)
[2023.08.06-07.03.29:061][827]LogModuleManager: Shutting down and abandoning module SettingsEditor (406)
[2023.08.06-07.03.29:061][827]LogModuleManager: Shutting down and abandoning module ProjectLauncher (404)
[2023.08.06-07.03.29:061][827]LogModuleManager: Shutting down and abandoning module SessionFrontend (402)
[2023.08.06-07.03.29:061][827]LogModuleManager: Shutting down and abandoning module ProfilerClient (400)
[2023.08.06-07.03.29:061][827]LogModuleManager: Shutting down and abandoning module DeviceManager (398)
[2023.08.06-07.03.29:061][827]LogModuleManager: Shutting down and abandoning module TargetDeviceServices (397)
[2023.08.06-07.03.29:103][827]LogModuleManager: Shutting down and abandoning module AutomationController (394)
[2023.08.06-07.03.29:103][827]LogModuleManager: Shutting down and abandoning module AutomationWindow (392)
[2023.08.06-07.03.29:103][827]LogModuleManager: Shutting down and abandoning module Layers (390)
[2023.08.06-07.03.29:103][827]LogModuleManager: Shutting down and abandoning module ComponentVisualizers (388)
[2023.08.06-07.03.29:103][827]LogModuleManager: Shutting down and abandoning module DetailCustomizations (386)
[2023.08.06-07.03.29:103][827]LogModuleManager: Shutting down and abandoning module PackagesDialog (384)
[2023.08.06-07.03.29:103][827]LogModuleManager: Shutting down and abandoning module Persona (382)
[2023.08.06-07.03.29:103][827]LogModuleManager: Shutting down and abandoning module AdvancedPreviewScene (381)
[2023.08.06-07.03.29:103][827]LogModuleManager: Shutting down and abandoning module AnimGraph (379)
[2023.08.06-07.03.29:103][827]LogModuleManager: Shutting down and abandoning module Kismet (376)
[2023.08.06-07.03.29:110][827]LogModuleManager: Shutting down and abandoning module ClassViewer (374)
[2023.08.06-07.03.29:110][827]LogModuleManager: Shutting down and abandoning module Toolbox (372)
[2023.08.06-07.03.29:110][827]LogModuleManager: Shutting down and abandoning module ModuleUI (370)
[2023.08.06-07.03.29:110][827]LogModuleManager: Shutting down and abandoning module MovieSceneTools (368)
[2023.08.06-07.03.29:110][827]LogModuleManager: Shutting down and abandoning module OutputLog (366)
[2023.08.06-07.03.29:110][827]LogModuleManager: Shutting down and abandoning module GammaUI (364)
[2023.08.06-07.03.29:110][827]LogModuleManager: Shutting down and abandoning module Documentation (362)
[2023.08.06-07.03.29:110][827]LogModuleManager: Shutting down and abandoning module MovieSceneTracks (360)
[2023.08.06-07.03.29:110][827]LogModuleManager: Shutting down and abandoning module MovieScene (358)
[2023.08.06-07.03.29:110][827]LogModuleManager: Shutting down and abandoning module Niagara (356)
[2023.08.06-07.03.29:110][827]LogModuleManager: Shutting down and abandoning module NiagaraEditor (355)
[2023.08.06-07.03.29:110][827]LogModuleManager: Shutting down and abandoning module StreamingPauseRendering (352)
[2023.08.06-07.03.29:110][827]LogModuleManager: Shutting down and abandoning module LauncherPlatform (350)
[2023.08.06-07.03.29:110][827]LogModuleManager: Shutting down and abandoning module AnalyticsET (348)
[2023.08.06-07.03.29:110][827]LogModuleManager: Shutting down and abandoning module PortalServices (346)
[2023.08.06-07.03.29:110][827]LogModuleManager: Shutting down and abandoning module PortalRpc (344)
[2023.08.06-07.03.29:110][827]LogModuleManager: Shutting down and abandoning module MessagingRpc (342)
[2023.08.06-07.03.29:110][827]LogModuleManager: Shutting down and abandoning module AIModule (340)
[2023.08.06-07.03.29:110][827]LogModuleManager: Shutting down and abandoning module GameplayDebugger (339)
[2023.08.06-07.03.29:110][827]LogModuleManager: Shutting down and abandoning module AITestSuite (337)
[2023.08.06-07.03.29:110][827]LogModuleManager: Shutting down and abandoning module ProfilerService (334)
[2023.08.06-07.03.29:113][827]LogModuleManager: Shutting down and abandoning module TaskGraph (332)
[2023.08.06-07.03.29:113][827]LogModuleManager: Shutting down and abandoning module SteamVRController (330)
[2023.08.06-07.03.29:113][827]LogModuleManager: Shutting down and abandoning module ProceduralMeshComponentEditor (328)
[2023.08.06-07.03.29:113][827]LogModuleManager: Shutting down and abandoning module ProceduralMeshComponent (326)
[2023.08.06-07.03.29:113][827]LogModuleManager: Shutting down and abandoning module OculusInput (324)
[2023.08.06-07.03.29:113][827]LogModuleManager: Shutting down and abandoning module MobilePatchingUtils (322)
[2023.08.06-07.03.29:113][827]LogModuleManager: Shutting down and abandoning module CustomMeshComponent (320)
[2023.08.06-07.03.29:113][827]LogModuleManager: Shutting down and abandoning module CableComponent (318)
[2023.08.06-07.03.29:113][827]LogModuleManager: Shutting down and abandoning module ArchVisCharacter (316)
[2023.08.06-07.03.29:113][827]LogModuleManager: Shutting down and abandoning module AndroidPermission (314)
[2023.08.06-07.03.29:113][827]LogModuleManager: Shutting down and abandoning module MediaPlayerEditor (310)
[2023.08.06-07.03.29:113][827]LogModuleManager: Shutting down and abandoning module HTML5Networking (308)
[2023.08.06-07.03.29:113][827]LogModuleManager: Shutting down and abandoning module AlembicImporter (306)
[2023.08.06-07.03.29:113][827]LogModuleManager: Shutting down and abandoning module AlembicLibrary (305)
[2023.08.06-07.03.29:113][827]LogModuleManager: Shutting down and abandoning module GeometryCache (304)
[2023.08.06-07.03.29:113][827]LogModuleManager: Shutting down and abandoning module GeometryCacheEd (303)
[2023.08.06-07.03.29:113][827]LogModuleManager: Shutting down and abandoning module SpeedTreeImporter (298)
[2023.08.06-07.03.29:113][827]LogModuleManager: Shutting down and abandoning module PluginBrowser (296)
[2023.08.06-07.03.29:114][827]LogModuleManager: Shutting down and abandoning module MobileLauncherProfileWizard (294)
[2023.08.06-07.03.29:114][827]LogModuleManager: Shutting down and abandoning module VisualStudioSourceCodeAccess (292)
[2023.08.06-07.03.29:114][827]LogModuleManager: Shutting down and abandoning module DesktopPlatform (291)
[2023.08.06-07.03.29:114][827]LogModuleManager: Shutting down and abandoning module UObjectPlugin (288)
[2023.08.06-07.03.29:114][827]LogModuleManager: Shutting down and abandoning module SubversionSourceControl (286)
[2023.08.06-07.03.29:114][827]LogModuleManager: Shutting down and abandoning module PerforceSourceControl (284)
[2023.08.06-07.03.29:114][827]LogModuleManager: Shutting down and abandoning module GitSourceControl (282)
[2023.08.06-07.03.29:114][827]LogModuleManager: Shutting down and abandoning module SourceControl (281)
[2023.08.06-07.03.29:114][827]LogModuleManager: Shutting down and abandoning module LightPropagationVolumeEditor (278)
[2023.08.06-07.03.29:114][827]LogModuleManager: Shutting down and abandoning module PaperTiledImporter (276)
[2023.08.06-07.03.29:114][827]LogModuleManager: Shutting down and abandoning module PaperSpriteSheetImporter (274)
[2023.08.06-07.03.29:114][827]LogModuleManager: Shutting down and abandoning module Paper2DEditor (272)
[2023.08.06-07.03.29:114][827]LogModuleManager: Shutting down and abandoning module MeshPaint (271)
[2023.08.06-07.03.29:114][827]LogModuleManager: Shutting down and abandoning module LevelEditor (269)
[2023.08.06-07.03.29:114][827]LogModuleManager: Shutting down and abandoning module PixelInspectorModule (268)
[2023.08.06-07.03.29:114][827]LogModuleManager: Shutting down and abandoning module MainFrame (266)
[2023.08.06-07.03.29:115][827]LogModuleManager: Shutting down and abandoning module HotReload (265)
[2023.08.06-07.03.29:115][827]LogModuleManager: Shutting down and abandoning module RuntimePhysXCooking (260)
[2023.08.06-07.03.29:115][827]LogModuleManager: Shutting down and abandoning module PhysXVehiclesEditor (258)
[2023.08.06-07.03.29:115][827]LogModuleManager: Shutting down and abandoning module PhysXVehicles (256)
[2023.08.06-07.03.29:115][827]LogModuleManager: Shutting down and abandoning module OculusEditor (254)
[2023.08.06-07.03.29:115][827]LogModuleManager: Shutting down and abandoning module LocationServicesBPLibrary (252)
[2023.08.06-07.03.29:115][827]LogModuleManager: Shutting down and abandoning module ImmediatePhysicsEditor (250)
[2023.08.06-07.03.29:115][827]LogModuleManager: Shutting down and abandoning module ImmediatePhysics (248)
[2023.08.06-07.03.29:115][827]LogModuleManager: Shutting down and abandoning module UdpMessaging (246)
[2023.08.06-07.03.29:216][827]LogModuleManager: Shutting down and abandoning module TcpMessaging (244)
[2023.08.06-07.03.29:316][827]LogModuleManager: Shutting down and abandoning module GameplayTagsEditor (242)
[2023.08.06-07.03.29:316][827]LogModuleManager: Shutting down and abandoning module FacialAnimationEditor (240)
[2023.08.06-07.03.29:316][827]LogModuleManager: Shutting down and abandoning module FacialAnimation (238)
[2023.08.06-07.03.29:316][827]LogModuleManager: Shutting down and abandoning module AssetManagerEditor (236)
[2023.08.06-07.03.29:316][827]LogModuleManager: Shutting down and abandoning module GraphEditor (235)
[2023.08.06-07.03.29:316][827]LogModuleManager: Shutting down and abandoning module ContentBrowser (233)
[2023.08.06-07.03.29:316][827]LogModuleManager: Shutting down and abandoning module LightPropagationVolumeRuntime (230)
[2023.08.06-07.03.29:317][827]LogModuleManager: Shutting down and abandoning module Paper2D (228)
[2023.08.06-07.03.29:317][827]LogModuleManager: Shutting down and abandoning module WindowsMoviePlayer (226)
[2023.08.06-07.03.29:317][827]LogModuleManager: Shutting down and abandoning module WmfMedia (224)
[2023.08.06-07.03.29:318][827]LogModuleManager: Shutting down and abandoning module PacketHandler (222)
[2023.08.06-07.03.29:318][827]LogModuleManager: Shutting down and abandoning module ClothingSystemEditor (220)
[2023.08.06-07.03.29:318][827]LogModuleManager: Shutting down and abandoning module ClothingSystemRuntime (218)
[2023.08.06-07.03.29:318][827]LogModuleManager: Shutting down and abandoning module Overlay (216)
[2023.08.06-07.03.29:318][827]LogModuleManager: Shutting down and abandoning module OverlayEditor (215)
[2023.08.06-07.03.29:318][827]LogModuleManager: Shutting down and abandoning module MediaAssets (212)
[2023.08.06-07.03.29:318][827]LogModuleManager: Shutting down and abandoning module VREditor (210)
[2023.08.06-07.03.29:318][827]LogModuleManager: Shutting down and abandoning module StringTableEditor (208)
[2023.08.06-07.03.29:318][827]LogModuleManager: Shutting down and abandoning module GameplayTasksEditor (206)
[2023.08.06-07.03.29:318][827]LogModuleManager: Shutting down and abandoning module BehaviorTreeEditor (204)
[2023.08.06-07.03.29:318][827]LogModuleManager: Shutting down and abandoning module FunctionalTesting (202)
[2023.08.06-07.03.29:318][827]LogModuleManager: Shutting down and abandoning module CollisionAnalyzer (200)
[2023.08.06-07.03.29:318][827]LogModuleManager: Shutting down and abandoning module WorkspaceMenuStructure (199)
[2023.08.06-07.03.29:318][827]LogModuleManager: Shutting down and abandoning module UMG (196)
[2023.08.06-07.03.29:318][827]LogModuleManager: Shutting down and abandoning module UMGEditor (195)
[2023.08.06-07.03.29:318][827]LogModuleManager: Shutting down and abandoning module Sequencer (194)
[2023.08.06-07.03.29:318][827]LogModuleManager: Shutting down and abandoning module MessageLog (191)
[2023.08.06-07.03.29:318][827]LogModuleManager: Shutting down and abandoning module SlateReflector (186)
[2023.08.06-07.03.29:318][827]LogModuleManager: Shutting down and abandoning module Slate (184)
[2023.08.06-07.03.29:318][827]LogModuleManager: Shutting down and abandoning module EditorStyle (182)
[2023.08.06-07.03.29:320][827]LogModuleManager: Shutting down and abandoning module MRMesh (180)
[2023.08.06-07.03.29:320][827]LogModuleManager: Shutting down and abandoning module SourceCodeAccess (178)
[2023.08.06-07.03.29:320][827]LogModuleManager: Shutting down and abandoning module HeadMountedDisplay (176)
[2023.08.06-07.03.29:320][827]LogModuleManager: Shutting down and abandoning module XAudio2 (174)
[2023.08.06-07.03.29:320][827]LogModuleManager: Shutting down and abandoning module Networking (172)
[2023.08.06-07.03.29:320][827]LogModuleManager: Shutting down and abandoning module Core (168)
[2023.08.06-07.03.29:320][827]LogModuleManager: Shutting down and abandoning module KismetCompiler (164)
[2023.08.06-07.03.29:320][827]LogModuleManager: Shutting down and abandoning module LevelSequence (162)
[2023.08.06-07.03.29:320][827]LogModuleManager: Shutting down and abandoning module MeshUtilities (160)
[2023.08.06-07.03.29:320][827]LogModuleManager: Shutting down and abandoning module MeshMergeUtilities (159)
[2023.08.06-07.03.29:320][827]LogModuleManager: Shutting down and abandoning module MeshReductionInterface (158)
[2023.08.06-07.03.29:320][827]LogModuleManager: Shutting down and abandoning module SimplygonSwarm (157)
[2023.08.06-07.03.29:320][827]LogModuleManager: Shutting down and abandoning module SimplygonMeshReduction (155)
[2023.08.06-07.03.29:320][827]LogModuleManager: Shutting down and abandoning module QuadricMeshReduction (153)
[2023.08.06-07.03.29:320][827]LogModuleManager: Shutting down and abandoning module MaterialBaking (149)
[2023.08.06-07.03.29:320][827]LogModuleManager: Shutting down and abandoning module DirectoryWatcher (146)
[2023.08.06-07.03.29:321][827]LogModuleManager: Shutting down and abandoning module DerivedDataCache (144)
[2023.08.06-07.03.29:323][827]LogDerivedDataCache: Shutdown
[2023.08.06-07.03.29:323][827]LogModuleManager: Shutting down and abandoning module TargetPlatform (142)
[2023.08.06-07.03.29:323][827]LogModuleManager: Shutting down and abandoning module VulkanShaderFormat (141)
[2023.08.06-07.03.29:323][827]LogModuleManager: Shutting down and abandoning module ShaderFormatVectorVM (139)
[2023.08.06-07.03.29:323][827]LogModuleManager: Shutting down and abandoning module ShaderFormatOpenGL (137)
[2023.08.06-07.03.29:323][827]LogModuleManager: Shutting down and abandoning module ShaderFormatD3D (135)
[2023.08.06-07.03.29:323][827]LogModuleManager: Shutting down and abandoning module MetalShaderFormat (133)
[2023.08.06-07.03.29:323][827]LogModuleManager: Shutting down and abandoning module TextureFormatUncompressed (131)
[2023.08.06-07.03.29:323][827]LogModuleManager: Shutting down and abandoning module TextureFormatPVR (129)
[2023.08.06-07.03.29:323][827]LogModuleManager: Shutting down and abandoning module TextureFormatDXT (127)
[2023.08.06-07.03.29:323][827]LogModuleManager: Shutting down and abandoning module TextureFormatIntelISPCTexComp (125)
[2023.08.06-07.03.29:324][827]LogModuleManager: Shutting down and abandoning module TextureFormatASTC (123)
[2023.08.06-07.03.29:324][827]LogModuleManager: Shutting down and abandoning module ImageWrapper (122)
[2023.08.06-07.03.29:324][827]LogModuleManager: Shutting down and abandoning module TextureFormatAndroid (119)
[2023.08.06-07.03.29:324][827]LogModuleManager: Shutting down and abandoning module AudioFormatOpus (117)
[2023.08.06-07.03.29:324][827]LogModuleManager: Shutting down and abandoning module AudioFormatOgg (115)
[2023.08.06-07.03.29:324][827]LogModuleManager: Shutting down and abandoning module AudioFormatADPCM (113)
[2023.08.06-07.03.29:324][827]LogModuleManager: Shutting down and abandoning module LinuxTargetPlatform (111)
[2023.08.06-07.03.29:324][827]LogModuleManager: Shutting down and abandoning module LinuxServerTargetPlatform (109)
[2023.08.06-07.03.29:324][827]LogModuleManager: Shutting down and abandoning module LinuxNoEditorTargetPlatform (107)
[2023.08.06-07.03.29:324][827]LogModuleManager: Shutting down and abandoning module LinuxClientTargetPlatform (105)
[2023.08.06-07.03.29:324][827]LogModuleManager: Shutting down and abandoning module TVOSTargetPlatform (103)
[2023.08.06-07.03.29:324][827]LogModuleManager: Shutting down and abandoning module Messaging (101)
[2023.08.06-07.03.29:324][827]LogModuleManager: Shutting down and abandoning module IOSTargetPlatform (99)
[2023.08.06-07.03.29:324][827]LogModuleManager: Shutting down and abandoning module HTML5TargetPlatform (97)
[2023.08.06-07.03.29:324][827]LogModuleManager: Shutting down and abandoning module Android_PVRTCTargetPlatform (95)
[2023.08.06-07.03.29:324][827]LogModuleManager: Shutting down and abandoning module Android_MultiTargetPlatform (93)
[2023.08.06-07.03.29:324][827]LogModuleManager: Shutting down and abandoning module Android_ETC2TargetPlatform (91)
[2023.08.06-07.03.29:324][827]LogModuleManager: Shutting down and abandoning module Android_ETC1TargetPlatform (89)
[2023.08.06-07.03.29:324][827]LogModuleManager: Shutting down and abandoning module Android_DXTTargetPlatform (87)
[2023.08.06-07.03.29:324][827]LogModuleManager: Shutting down and abandoning module Android_ATCTargetPlatform (85)
[2023.08.06-07.03.29:324][827]LogModuleManager: Shutting down and abandoning module Android_ASTCTargetPlatform (83)
[2023.08.06-07.03.29:324][827]LogModuleManager: Shutting down and abandoning module AndroidTargetPlatform (81)
[2023.08.06-07.03.29:324][827]LogModuleManager: Shutting down and abandoning module WindowsTargetPlatform (79)
[2023.08.06-07.03.29:324][827]LogModuleManager: Shutting down and abandoning module WindowsServerTargetPlatform (77)
[2023.08.06-07.03.29:324][827]LogModuleManager: Shutting down and abandoning module WindowsNoEditorTargetPlatform (75)
[2023.08.06-07.03.29:324][827]LogModuleManager: Shutting down and abandoning module WindowsClientTargetPlatform (73)
[2023.08.06-07.03.29:324][827]LogModuleManager: Shutting down and abandoning module MacTargetPlatform (71)
[2023.08.06-07.03.29:324][827]LogModuleManager: Shutting down and abandoning module MacServerTargetPlatform (69)
[2023.08.06-07.03.29:324][827]LogModuleManager: Shutting down and abandoning module MacNoEditorTargetPlatform (67)
[2023.08.06-07.03.29:324][827]LogModuleManager: Shutting down and abandoning module MacClientTargetPlatform (65)
[2023.08.06-07.03.29:324][827]LogModuleManager: Shutting down and abandoning module AllDesktopTargetPlatform (63)
[2023.08.06-07.03.29:324][827]LogModuleManager: Shutting down and abandoning module InputCore (60)
[2023.08.06-07.03.29:324][827]LogModuleManager: Shutting down and abandoning module Settings (58)
[2023.08.06-07.03.29:324][827]LogModuleManager: Shutting down and abandoning module PhysXCooking (56)
[2023.08.06-07.03.29:324][827]LogModuleManager: Shutting down and abandoning module SteamVR (54)
[2023.08.06-07.03.29:324][827]LogModuleManager: Shutting down and abandoning module OculusHMD (52)
[2023.08.06-07.03.29:324][827]LogModuleManager: Shutting down and abandoning module ExampleDeviceProfileSelector (50)
[2023.08.06-07.03.29:324][827]LogModuleManager: Shutting down and abandoning module OnlineBlueprintSupport (48)
[2023.08.06-07.03.29:324][827]LogModuleManager: Shutting down and abandoning module OnlineSubsystem (44)
[2023.08.06-07.03.29:324][827]LogOnline: Display: Unloading online subsystem: NULL
[2023.08.06-07.03.29:324][827]LogModuleManager: Shutting down and abandoning module XMPP (43)
[2023.08.06-07.03.29:324][827]LogModuleManager: Shutting down and abandoning module HTTP (41)
[2023.08.06-07.03.29:324][827]LogHttp: Display: Http module shutting down, but needs to wait on 1 outstanding Http requests:
[2023.08.06-07.03.29:324][827]LogHttp: Display: 	verb=[POST] url=[https://datarouter.ol.epicgames.com/datarouter/api/v1/public/data?SessionID=%7BDC5C42C5-44B8-DA60-2FFE-CFBCF1EE23D9%7D&AppID=UEEditor.Rocket.Release&AppVersion=4.17.2-3658906%2B%2B%2BUE4%2BRelease-4.17&UserID=7bf8468b479bf8b24baa8eb4fce83360%7C214ead9e2a1144a9935949a664756766%7C264aa807-801a-4ba4-acc1-9eb2d978a233&AppEnvironment=datacollector-binary&UploadType=eteventstream] status=Processing
[2023.08.06-07.03.29:349][827]LogModuleManager: Shutting down and abandoning module SSL (40)
[2023.08.06-07.03.29:350][827]LogModuleManager: Shutting down and abandoning module AnimationModifiers (36)
[2023.08.06-07.03.29:350][827]LogModuleManager: Shutting down and abandoning module PropertyEditor (35)
[2023.08.06-07.03.29:350][827]LogModuleManager: Shutting down and abandoning module AudioEditor (32)
[2023.08.06-07.03.29:350][827]LogModuleManager: Shutting down and abandoning module TextureCompressor (30)
[2023.08.06-07.03.29:350][827]LogModuleManager: Shutting down and abandoning module ShaderCore (28)
[2023.08.06-07.03.29:350][827]LogModuleManager: Shutting down and abandoning module Landscape (26)
[2023.08.06-07.03.29:350][827]LogModuleManager: Shutting down and abandoning module SlateRHIRenderer (24)
[2023.08.06-07.03.29:352][827]LogModuleManager: Shutting down and abandoning module OpenGLDrv (22)
[2023.08.06-07.03.29:352][827]LogModuleManager: Shutting down and abandoning module D3D11RHI (20)
[2023.08.06-07.03.29:352][827]LogModuleManager: Shutting down and abandoning module AnimGraphRuntime (18)
[2023.08.06-07.03.29:352][827]LogModuleManager: Shutting down and abandoning module Renderer (16)
[2023.08.06-07.03.29:352][827]LogModuleManager: Shutting down and abandoning module Engine (14)
[2023.08.06-07.03.29:352][827]LogModuleManager: Shutting down and abandoning module CoreUObject (12)
[2023.08.06-07.03.29:352][827]LogModuleManager: Shutting down and abandoning module NetworkFile (10)
[2023.08.06-07.03.29:352][827]LogModuleManager: Shutting down and abandoning module CookedIterativeFile (8)
[2023.08.06-07.03.29:352][827]LogModuleManager: Shutting down and abandoning module StreamingFile (6)
[2023.08.06-07.03.29:352][827]LogModuleManager: Shutting down and abandoning module SandboxFile (4)
[2023.08.06-07.03.29:352][827]LogModuleManager: Shutting down and abandoning module PakFile (2)
[2023.08.06-07.03.29:359][827]LogExit: Exiting.
[2023.08.06-07.03.29:376][827]Log file closed, 08/06/23 16:03:29
